2021-03-19 08:50:44 1384 [34mINFO [0;39m [module.name_IS_UNDEFINED|main]
                    com.example.demo.DemoApplication - Starting DemoApplication using Java 1.8.0_241 on DESKTOP-5TN1T53 with PID 26216 (C:\Users\Administrator\Desktop\毕业设计项目\旅游网\demo\target\classes started by Administrator in C:\Users\Administrator\Desktop\毕业设计项目\旅游网\demo)
2021-03-19 08:50:44 1387 [34mINFO [0;39m [module.name_IS_UNDEFINED|main]
                    com.example.demo.DemoApplication - The following profiles are active: dev
2021-03-19 08:50:46 3025 [34mINFO [0;39m [module.name_IS_UNDEFINED|main]
                    org.springframework.data.repository.config.RepositoryConfigurationDelegate - Multiple Spring Data modules found, entering strict repository configuration mode!
2021-03-19 08:50:46 3026 [34mINFO [0;39m [module.name_IS_UNDEFINED|main]
                    org.springframework.data.repository.config.RepositoryConfigurationDelegate - Bootstrapping Spring Data JPA repositories in DEFAULT mode.
2021-03-19 08:50:46 3156 [34mINFO [0;39m [module.name_IS_UNDEFINED|main]
                    org.springframework.data.repository.config.RepositoryConfigurationDelegate - Finished Spring Data repository scanning in 118 ms. Found 0 JPA repository interfaces.
2021-03-19 08:50:46 3179 [34mINFO [0;39m [module.name_IS_UNDEFINED|main]
                    org.springframework.data.repository.config.RepositoryConfigurationDelegate - Multiple Spring Data modules found, entering strict repository configuration mode!
2021-03-19 08:50:46 3181 [34mINFO [0;39m [module.name_IS_UNDEFINED|main]
                    org.springframework.data.repository.config.RepositoryConfigurationDelegate - Bootstrapping Spring Data Redis repositories in DEFAULT mode.
2021-03-19 08:50:46 3291 [34mINFO [0;39m [module.name_IS_UNDEFINED|main]
                    org.springframework.data.repository.config.RepositoryConfigurationDelegate - Finished Spring Data repository scanning in 95 ms. Found 0 Redis repository interfaces.
2021-03-19 08:50:47 3623 [34mINFO [0;39m [module.name_IS_UNDEFINED|main]
                    o.s.context.support.PostProcessorRegistrationDelegate$BeanPostProcessorChecker - Bean 'shiroConfig' of type [com.example.demo.login.config.shiro.ShiroConfig$$EnhancerBySpringCGLIB$$be9a20fe] is not eligible for getting processed by all BeanPostProcessors (for example: not eligible for auto-proxying)
2021-03-19 08:50:47 3866 [34mINFO [0;39m [module.name_IS_UNDEFINED|main]
                    o.s.context.support.PostProcessorRegistrationDelegate$BeanPostProcessorChecker - Bean 'mybatis-org.mybatis.spring.boot.autoconfigure.MybatisProperties' of type [org.mybatis.spring.boot.autoconfigure.MybatisProperties] is not eligible for getting processed by all BeanPostProcessors (for example: not eligible for auto-proxying)
2021-03-19 08:50:47 3875 [34mINFO [0;39m [module.name_IS_UNDEFINED|main]
                    o.s.context.support.PostProcessorRegistrationDelegate$BeanPostProcessorChecker - Bean 'org.mybatis.spring.boot.autoconfigure.MybatisAutoConfiguration' of type [org.mybatis.spring.boot.autoconfigure.MybatisAutoConfiguration$$EnhancerBySpringCGLIB$$80772180] is not eligible for getting processed by all BeanPostProcessors (for example: not eligible for auto-proxying)
2021-03-19 08:50:47 3878 [34mINFO [0;39m [module.name_IS_UNDEFINED|main]
                    o.s.context.support.PostProcessorRegistrationDelegate$BeanPostProcessorChecker - Bean 'org.springframework.boot.autoconfigure.jdbc.DataSourceConfiguration$Hikari' of type [org.springframework.boot.autoconfigure.jdbc.DataSourceConfiguration$Hikari] is not eligible for getting processed by all BeanPostProcessors (for example: not eligible for auto-proxying)
2021-03-19 08:50:47 3894 [34mINFO [0;39m [module.name_IS_UNDEFINED|main]
                    o.s.context.support.PostProcessorRegistrationDelegate$BeanPostProcessorChecker - Bean 'spring.datasource-org.springframework.boot.autoconfigure.jdbc.DataSourceProperties' of type [org.springframework.boot.autoconfigure.jdbc.DataSourceProperties] is not eligible for getting processed by all BeanPostProcessors (for example: not eligible for auto-proxying)
2021-03-19 08:50:47 3925 [34mINFO [0;39m [module.name_IS_UNDEFINED|main]
                    o.s.context.support.PostProcessorRegistrationDelegate$BeanPostProcessorChecker - Bean 'dataSource' of type [com.zaxxer.hikari.HikariDataSource] is not eligible for getting processed by all BeanPostProcessors (for example: not eligible for auto-proxying)
2021-03-19 08:50:47 4237 [34mINFO [0;39m [module.name_IS_UNDEFINED|main]
                    o.s.context.support.PostProcessorRegistrationDelegate$BeanPostProcessorChecker - Bean 'sqlSessionFactory' of type [org.apache.ibatis.session.defaults.DefaultSqlSessionFactory] is not eligible for getting processed by all BeanPostProcessors (for example: not eligible for auto-proxying)
2021-03-19 08:50:47 4244 [34mINFO [0;39m [module.name_IS_UNDEFINED|main]
                    o.s.context.support.PostProcessorRegistrationDelegate$BeanPostProcessorChecker - Bean 'sqlSessionTemplate' of type [org.mybatis.spring.SqlSessionTemplate] is not eligible for getting processed by all BeanPostProcessors (for example: not eligible for auto-proxying)
2021-03-19 08:50:47 4244 [34mINFO [0;39m [module.name_IS_UNDEFINED|main]
                    o.s.context.support.PostProcessorRegistrationDelegate$BeanPostProcessorChecker - Bean 'loginMapper' of type [org.mybatis.spring.mapper.MapperFactoryBean] is not eligible for getting processed by all BeanPostProcessors (for example: not eligible for auto-proxying)
2021-03-19 08:50:47 4246 [34mINFO [0;39m [module.name_IS_UNDEFINED|main]
                    o.s.context.support.PostProcessorRegistrationDelegate$BeanPostProcessorChecker - Bean 'loginMapper' of type [com.sun.proxy.$Proxy73] is not eligible for getting processed by all BeanPostProcessors (for example: not eligible for auto-proxying)
2021-03-19 08:50:47 4250 [34mINFO [0;39m [module.name_IS_UNDEFINED|main]
                    o.s.context.support.PostProcessorRegistrationDelegate$BeanPostProcessorChecker - Bean 'redisConfig' of type [com.example.demo.login.redis.RedisConfig$$EnhancerBySpringCGLIB$$e59076a0] is not eligible for getting processed by all BeanPostProcessors (for example: not eligible for auto-proxying)
2021-03-19 08:50:47 4261 [34mINFO [0;39m [module.name_IS_UNDEFINED|main]
                    o.s.context.support.PostProcessorRegistrationDelegate$BeanPostProcessorChecker - Bean 'spring.redis-org.springframework.boot.autoconfigure.data.redis.RedisProperties' of type [org.springframework.boot.autoconfigure.data.redis.RedisProperties] is not eligible for getting processed by all BeanPostProcessors (for example: not eligible for auto-proxying)
2021-03-19 08:50:47 4262 [34mINFO [0;39m [module.name_IS_UNDEFINED|main]
                    o.s.context.support.PostProcessorRegistrationDelegate$BeanPostProcessorChecker - Bean 'org.springframework.boot.autoconfigure.data.redis.LettuceConnectionConfiguration' of type [org.springframework.boot.autoconfigure.data.redis.LettuceConnectionConfiguration] is not eligible for getting processed by all BeanPostProcessors (for example: not eligible for auto-proxying)
2021-03-19 08:50:47 4403 [34mINFO [0;39m [module.name_IS_UNDEFINED|main]
                    o.s.context.support.PostProcessorRegistrationDelegate$BeanPostProcessorChecker - Bean 'lettuceClientResources' of type [io.lettuce.core.resource.DefaultClientResources] is not eligible for getting processed by all BeanPostProcessors (for example: not eligible for auto-proxying)
2021-03-19 08:50:48 4599 [34mINFO [0;39m [module.name_IS_UNDEFINED|main]
                    o.s.context.support.PostProcessorRegistrationDelegate$BeanPostProcessorChecker - Bean 'redisConnectionFactory' of type [org.springframework.data.redis.connection.lettuce.LettuceConnectionFactory] is not eligible for getting processed by all BeanPostProcessors (for example: not eligible for auto-proxying)
2021-03-19 08:50:48 4700 [34mINFO [0;39m [module.name_IS_UNDEFINED|main]
                    o.s.context.support.PostProcessorRegistrationDelegate$BeanPostProcessorChecker - Bean 'redisTemplate' of type [org.springframework.data.redis.core.RedisTemplate] is not eligible for getting processed by all BeanPostProcessors (for example: not eligible for auto-proxying)
2021-03-19 08:50:48 4700 [34mINFO [0;39m [module.name_IS_UNDEFINED|main]
                    o.s.context.support.PostProcessorRegistrationDelegate$BeanPostProcessorChecker - Bean 'redisClient' of type [com.example.demo.login.redis.RedisClient] is not eligible for getting processed by all BeanPostProcessors (for example: not eligible for auto-proxying)
2021-03-19 08:50:48 4701 [34mINFO [0;39m [module.name_IS_UNDEFINED|main]
                    o.s.context.support.PostProcessorRegistrationDelegate$BeanPostProcessorChecker - Bean 'userRealm' of type [com.example.demo.login.config.shiro.UserRealm] is not eligible for getting processed by all BeanPostProcessors (for example: not eligible for auto-proxying)
2021-03-19 08:50:49 5723 [34mINFO [0;39m [module.name_IS_UNDEFINED|main]
                    o.s.context.support.PostProcessorRegistrationDelegate$BeanPostProcessorChecker - Bean 'securityManager' of type [org.apache.shiro.web.mgt.DefaultWebSecurityManager] is not eligible for getting processed by all BeanPostProcessors (for example: not eligible for auto-proxying)
2021-03-19 08:50:49 5737 [34mINFO [0;39m [module.name_IS_UNDEFINED|main]
                    o.s.context.support.PostProcessorRegistrationDelegate$BeanPostProcessorChecker - Bean 'jwtFilter' of type [com.example.demo.login.filter.JwtFilter] is not eligible for getting processed by all BeanPostProcessors (for example: not eligible for auto-proxying)
2021-03-19 08:50:49 5756 [34mINFO [0;39m [module.name_IS_UNDEFINED|main]
                    o.s.context.support.PostProcessorRegistrationDelegate$BeanPostProcessorChecker - Bean 'authorizationAttributeSourceAdvisor' of type [org.apache.shiro.spring.security.interceptor.AuthorizationAttributeSourceAdvisor] is not eligible for getting processed by all BeanPostProcessors (for example: not eligible for auto-proxying)
2021-03-19 08:50:49 6197 [34mINFO [0;39m [module.name_IS_UNDEFINED|main]
                    org.springframework.boot.web.embedded.tomcat.TomcatWebServer - Tomcat initialized with port(s): 8081 (http)
2021-03-19 08:50:49 6209 [34mINFO [0;39m [module.name_IS_UNDEFINED|main]
                    org.apache.coyote.http11.Http11NioProtocol - Initializing ProtocolHandler ["http-nio-8081"]
2021-03-19 08:50:49 6210 [34mINFO [0;39m [module.name_IS_UNDEFINED|main]
                    org.apache.catalina.core.StandardService - Starting service [Tomcat]
2021-03-19 08:50:49 6210 [34mINFO [0;39m [module.name_IS_UNDEFINED|main]
                    org.apache.catalina.core.StandardEngine - Starting Servlet engine: [Apache Tomcat/9.0.41]
2021-03-19 08:50:49 6480 [34mINFO [0;39m [module.name_IS_UNDEFINED|main]
                    org.apache.catalina.core.ContainerBase.[Tomcat].[localhost].[/] - Initializing Spring embedded WebApplicationContext
2021-03-19 08:50:49 6480 [34mINFO [0;39m [module.name_IS_UNDEFINED|main]
                    org.springframework.boot.web.servlet.context.ServletWebServerApplicationContext - Root WebApplicationContext: initialization completed in 5019 ms
2021-03-19 08:50:50 6697 [34mINFO [0;39m [module.name_IS_UNDEFINED|main]
                    com.zaxxer.hikari.HikariDataSource - travel - Starting...
2021-03-19 08:50:50 6900 [34mINFO [0;39m [module.name_IS_UNDEFINED|main]
                    com.zaxxer.hikari.HikariDataSource - travel - Start completed.
2021-03-19 08:50:50 7055 [34mINFO [0;39m [module.name_IS_UNDEFINED|main]
                    org.hibernate.jpa.internal.util.LogHelper - HHH000204: Processing PersistenceUnitInfo [name: default]
2021-03-19 08:50:50 7146 [34mINFO [0;39m [module.name_IS_UNDEFINED|main]
                    org.hibernate.Version - HHH000412: Hibernate ORM core version 5.4.25.Final
2021-03-19 08:50:50 7379 [34mINFO [0;39m [module.name_IS_UNDEFINED|main]
                    org.hibernate.annotations.common.Version - HCANN000001: Hibernate Commons Annotations {5.1.2.Final}
2021-03-19 08:50:51 7589 [34mINFO [0;39m [module.name_IS_UNDEFINED|main]
                    org.hibernate.dialect.Dialect - HHH000400: Using dialect: org.hibernate.dialect.MySQL57Dialect
2021-03-19 08:50:52 8552 [34mINFO [0;39m [module.name_IS_UNDEFINED|main]
                    org.hibernate.engine.transaction.jta.platform.internal.JtaPlatformInitiator - HHH000490: Using JtaPlatform implementation: [org.hibernate.engine.transaction.jta.platform.internal.NoJtaPlatform]
2021-03-19 08:50:52 8590 [34mINFO [0;39m [module.name_IS_UNDEFINED|main]
                    org.springframework.orm.jpa.LocalContainerEntityManagerFactoryBean - Initialized JPA EntityManagerFactory for persistence unit 'default'
2021-03-19 08:50:52 9270 [34mINFO [0;39m [module.name_IS_UNDEFINED|main]
                    springfox.documentation.spring.web.PropertySourcedRequestMappingHandlerMapping - Mapped URL path [/v2/api-docs] onto method [springfox.documentation.swagger2.web.Swagger2Controller#getDocumentation(String, HttpServletRequest)]
2021-03-19 08:50:53 9638 [34mINFO [0;39m [module.name_IS_UNDEFINED|main]
                    org.springframework.scheduling.concurrent.ThreadPoolTaskExecutor - Initializing ExecutorService 'applicationTaskExecutor'
2021-03-19 08:50:53 10227 [34mINFO [0;39m [module.name_IS_UNDEFINED|main]
                    org.apache.coyote.http11.Http11NioProtocol - Starting ProtocolHandler ["http-nio-8081"]
2021-03-19 08:50:53 10249 [34mINFO [0;39m [module.name_IS_UNDEFINED|main]
                    org.springframework.boot.web.embedded.tomcat.TomcatWebServer - Tomcat started on port(s): 8081 (http) with context path ''
2021-03-19 08:50:53 10251 [34mINFO [0;39m [module.name_IS_UNDEFINED|main]
                    springfox.documentation.spring.web.plugins.DocumentationPluginsBootstrapper - Context refreshed
2021-03-19 08:50:53 10272 [34mINFO [0;39m [module.name_IS_UNDEFINED|main]
                    springfox.documentation.spring.web.plugins.DocumentationPluginsBootstrapper - Found 1 custom documentation plugin(s)
2021-03-19 08:50:53 10310 [34mINFO [0;39m [module.name_IS_UNDEFINED|main]
                    springfox.documentation.spring.web.scanners.ApiListingReferenceScanner - Scanning for api listing references
2021-03-19 08:50:54 10724 [34mINFO [0;39m [module.name_IS_UNDEFINED|main]
                    s.documentation.spring.web.readers.operation.CachingOperationNameGenerator - Generating unique operation named: loginUsingGET_1
2021-03-19 08:50:54 10757 [34mINFO [0;39m [module.name_IS_UNDEFINED|main]
                    com.example.demo.DemoApplication - Started DemoApplication in 10.295 seconds (JVM running for 13.007)
2021-03-19 08:52:15 92408 [34mINFO [0;39m [module.name_IS_UNDEFINED|http-nio-8081-exec-1]
                    org.apache.catalina.core.ContainerBase.[Tomcat].[localhost].[/] - Initializing Spring DispatcherServlet 'dispatcherServlet'
2021-03-19 08:52:15 92408 [34mINFO [0;39m [module.name_IS_UNDEFINED|http-nio-8081-exec-1]
                    org.springframework.web.servlet.DispatcherServlet - Initializing Servlet 'dispatcherServlet'
2021-03-19 08:52:15 92409 [34mINFO [0;39m [module.name_IS_UNDEFINED|http-nio-8081-exec-1]
                    org.springframework.web.servlet.DispatcherServlet - Completed initialization in 1 ms
2021-03-19 10:38:39 1276 [34mINFO [0;39m [module.name_IS_UNDEFINED|main]
                    com.example.demo.DemoApplication - Starting DemoApplication using Java 1.8.0_241 on DESKTOP-5TN1T53 with PID 11532 (C:\Users\Administrator\Desktop\毕业设计项目\旅游网\demo\target\classes started by Administrator in C:\Users\Administrator\Desktop\毕业设计项目\旅游网\demo)
2021-03-19 10:38:39 1279 [34mINFO [0;39m [module.name_IS_UNDEFINED|main]
                    com.example.demo.DemoApplication - The following profiles are active: dev
2021-03-19 10:38:41 2825 [34mINFO [0;39m [module.name_IS_UNDEFINED|main]
                    org.springframework.data.repository.config.RepositoryConfigurationDelegate - Multiple Spring Data modules found, entering strict repository configuration mode!
2021-03-19 10:38:41 2826 [34mINFO [0;39m [module.name_IS_UNDEFINED|main]
                    org.springframework.data.repository.config.RepositoryConfigurationDelegate - Bootstrapping Spring Data JPA repositories in DEFAULT mode.
2021-03-19 10:38:41 2964 [34mINFO [0;39m [module.name_IS_UNDEFINED|main]
                    org.springframework.data.repository.config.RepositoryConfigurationDelegate - Finished Spring Data repository scanning in 126 ms. Found 0 JPA repository interfaces.
2021-03-19 10:38:41 2992 [34mINFO [0;39m [module.name_IS_UNDEFINED|main]
                    org.springframework.data.repository.config.RepositoryConfigurationDelegate - Multiple Spring Data modules found, entering strict repository configuration mode!
2021-03-19 10:38:41 3003 [34mINFO [0;39m [module.name_IS_UNDEFINED|main]
                    org.springframework.data.repository.config.RepositoryConfigurationDelegate - Bootstrapping Spring Data Redis repositories in DEFAULT mode.
2021-03-19 10:38:41 3114 [34mINFO [0;39m [module.name_IS_UNDEFINED|main]
                    org.springframework.data.repository.config.RepositoryConfigurationDelegate - Finished Spring Data repository scanning in 96 ms. Found 0 Redis repository interfaces.
2021-03-19 10:38:41 3448 [34mINFO [0;39m [module.name_IS_UNDEFINED|main]
                    o.s.context.support.PostProcessorRegistrationDelegate$BeanPostProcessorChecker - Bean 'shiroConfig' of type [com.example.demo.login.config.shiro.ShiroConfig$$EnhancerBySpringCGLIB$$762008ab] is not eligible for getting processed by all BeanPostProcessors (for example: not eligible for auto-proxying)
2021-03-19 10:38:41 3638 [34mINFO [0;39m [module.name_IS_UNDEFINED|main]
                    o.s.context.support.PostProcessorRegistrationDelegate$BeanPostProcessorChecker - Bean 'mybatis-org.mybatis.spring.boot.autoconfigure.MybatisProperties' of type [org.mybatis.spring.boot.autoconfigure.MybatisProperties] is not eligible for getting processed by all BeanPostProcessors (for example: not eligible for auto-proxying)
2021-03-19 10:38:42 3649 [34mINFO [0;39m [module.name_IS_UNDEFINED|main]
                    o.s.context.support.PostProcessorRegistrationDelegate$BeanPostProcessorChecker - Bean 'org.mybatis.spring.boot.autoconfigure.MybatisAutoConfiguration' of type [org.mybatis.spring.boot.autoconfigure.MybatisAutoConfiguration$$EnhancerBySpringCGLIB$$37fd092d] is not eligible for getting processed by all BeanPostProcessors (for example: not eligible for auto-proxying)
2021-03-19 10:38:42 3652 [34mINFO [0;39m [module.name_IS_UNDEFINED|main]
                    o.s.context.support.PostProcessorRegistrationDelegate$BeanPostProcessorChecker - Bean 'org.springframework.boot.autoconfigure.jdbc.DataSourceConfiguration$Hikari' of type [org.springframework.boot.autoconfigure.jdbc.DataSourceConfiguration$Hikari] is not eligible for getting processed by all BeanPostProcessors (for example: not eligible for auto-proxying)
2021-03-19 10:38:42 3669 [34mINFO [0;39m [module.name_IS_UNDEFINED|main]
                    o.s.context.support.PostProcessorRegistrationDelegate$BeanPostProcessorChecker - Bean 'spring.datasource-org.springframework.boot.autoconfigure.jdbc.DataSourceProperties' of type [org.springframework.boot.autoconfigure.jdbc.DataSourceProperties] is not eligible for getting processed by all BeanPostProcessors (for example: not eligible for auto-proxying)
2021-03-19 10:38:42 3725 [34mINFO [0;39m [module.name_IS_UNDEFINED|main]
                    o.s.context.support.PostProcessorRegistrationDelegate$BeanPostProcessorChecker - Bean 'dataSource' of type [com.zaxxer.hikari.HikariDataSource] is not eligible for getting processed by all BeanPostProcessors (for example: not eligible for auto-proxying)
2021-03-19 10:38:42 4067 [34mINFO [0;39m [module.name_IS_UNDEFINED|main]
                    o.s.context.support.PostProcessorRegistrationDelegate$BeanPostProcessorChecker - Bean 'sqlSessionFactory' of type [org.apache.ibatis.session.defaults.DefaultSqlSessionFactory] is not eligible for getting processed by all BeanPostProcessors (for example: not eligible for auto-proxying)
2021-03-19 10:38:42 4073 [34mINFO [0;39m [module.name_IS_UNDEFINED|main]
                    o.s.context.support.PostProcessorRegistrationDelegate$BeanPostProcessorChecker - Bean 'sqlSessionTemplate' of type [org.mybatis.spring.SqlSessionTemplate] is not eligible for getting processed by all BeanPostProcessors (for example: not eligible for auto-proxying)
2021-03-19 10:38:42 4074 [34mINFO [0;39m [module.name_IS_UNDEFINED|main]
                    o.s.context.support.PostProcessorRegistrationDelegate$BeanPostProcessorChecker - Bean 'loginMapper' of type [org.mybatis.spring.mapper.MapperFactoryBean] is not eligible for getting processed by all BeanPostProcessors (for example: not eligible for auto-proxying)
2021-03-19 10:38:42 4076 [34mINFO [0;39m [module.name_IS_UNDEFINED|main]
                    o.s.context.support.PostProcessorRegistrationDelegate$BeanPostProcessorChecker - Bean 'loginMapper' of type [com.sun.proxy.$Proxy73] is not eligible for getting processed by all BeanPostProcessors (for example: not eligible for auto-proxying)
2021-03-19 10:38:42 4081 [34mINFO [0;39m [module.name_IS_UNDEFINED|main]
                    o.s.context.support.PostProcessorRegistrationDelegate$BeanPostProcessorChecker - Bean 'redisConfig' of type [com.example.demo.login.redis.RedisConfig$$EnhancerBySpringCGLIB$$9d165e4d] is not eligible for getting processed by all BeanPostProcessors (for example: not eligible for auto-proxying)
2021-03-19 10:38:42 4092 [34mINFO [0;39m [module.name_IS_UNDEFINED|main]
                    o.s.context.support.PostProcessorRegistrationDelegate$BeanPostProcessorChecker - Bean 'spring.redis-org.springframework.boot.autoconfigure.data.redis.RedisProperties' of type [org.springframework.boot.autoconfigure.data.redis.RedisProperties] is not eligible for getting processed by all BeanPostProcessors (for example: not eligible for auto-proxying)
2021-03-19 10:38:42 4094 [34mINFO [0;39m [module.name_IS_UNDEFINED|main]
                    o.s.context.support.PostProcessorRegistrationDelegate$BeanPostProcessorChecker - Bean 'org.springframework.boot.autoconfigure.data.redis.LettuceConnectionConfiguration' of type [org.springframework.boot.autoconfigure.data.redis.LettuceConnectionConfiguration] is not eligible for getting processed by all BeanPostProcessors (for example: not eligible for auto-proxying)
2021-03-19 10:38:42 4235 [34mINFO [0;39m [module.name_IS_UNDEFINED|main]
                    o.s.context.support.PostProcessorRegistrationDelegate$BeanPostProcessorChecker - Bean 'lettuceClientResources' of type [io.lettuce.core.resource.DefaultClientResources] is not eligible for getting processed by all BeanPostProcessors (for example: not eligible for auto-proxying)
2021-03-19 10:38:42 4441 [34mINFO [0;39m [module.name_IS_UNDEFINED|main]
                    o.s.context.support.PostProcessorRegistrationDelegate$BeanPostProcessorChecker - Bean 'redisConnectionFactory' of type [org.springframework.data.redis.connection.lettuce.LettuceConnectionFactory] is not eligible for getting processed by all BeanPostProcessors (for example: not eligible for auto-proxying)
2021-03-19 10:38:42 4556 [34mINFO [0;39m [module.name_IS_UNDEFINED|main]
                    o.s.context.support.PostProcessorRegistrationDelegate$BeanPostProcessorChecker - Bean 'redisTemplate' of type [org.springframework.data.redis.core.RedisTemplate] is not eligible for getting processed by all BeanPostProcessors (for example: not eligible for auto-proxying)
2021-03-19 10:38:42 4557 [34mINFO [0;39m [module.name_IS_UNDEFINED|main]
                    o.s.context.support.PostProcessorRegistrationDelegate$BeanPostProcessorChecker - Bean 'redisClient' of type [com.example.demo.login.redis.RedisClient] is not eligible for getting processed by all BeanPostProcessors (for example: not eligible for auto-proxying)
2021-03-19 10:38:42 4558 [34mINFO [0;39m [module.name_IS_UNDEFINED|main]
                    o.s.context.support.PostProcessorRegistrationDelegate$BeanPostProcessorChecker - Bean 'userRealm' of type [com.example.demo.login.config.shiro.UserRealm] is not eligible for getting processed by all BeanPostProcessors (for example: not eligible for auto-proxying)
2021-03-19 10:38:44 5667 [34mINFO [0;39m [module.name_IS_UNDEFINED|main]
                    o.s.context.support.PostProcessorRegistrationDelegate$BeanPostProcessorChecker - Bean 'securityManager' of type [org.apache.shiro.web.mgt.DefaultWebSecurityManager] is not eligible for getting processed by all BeanPostProcessors (for example: not eligible for auto-proxying)
2021-03-19 10:38:44 5681 [34mINFO [0;39m [module.name_IS_UNDEFINED|main]
                    o.s.context.support.PostProcessorRegistrationDelegate$BeanPostProcessorChecker - Bean 'jwtFilter' of type [com.example.demo.login.filter.JwtFilter] is not eligible for getting processed by all BeanPostProcessors (for example: not eligible for auto-proxying)
2021-03-19 10:38:44 5702 [34mINFO [0;39m [module.name_IS_UNDEFINED|main]
                    o.s.context.support.PostProcessorRegistrationDelegate$BeanPostProcessorChecker - Bean 'authorizationAttributeSourceAdvisor' of type [org.apache.shiro.spring.security.interceptor.AuthorizationAttributeSourceAdvisor] is not eligible for getting processed by all BeanPostProcessors (for example: not eligible for auto-proxying)
2021-03-19 10:38:44 6167 [34mINFO [0;39m [module.name_IS_UNDEFINED|main]
                    org.springframework.boot.web.embedded.tomcat.TomcatWebServer - Tomcat initialized with port(s): 8081 (http)
2021-03-19 10:38:44 6187 [34mINFO [0;39m [module.name_IS_UNDEFINED|main]
                    org.apache.coyote.http11.Http11NioProtocol - Initializing ProtocolHandler ["http-nio-8081"]
2021-03-19 10:38:44 6188 [34mINFO [0;39m [module.name_IS_UNDEFINED|main]
                    org.apache.catalina.core.StandardService - Starting service [Tomcat]
2021-03-19 10:38:44 6188 [34mINFO [0;39m [module.name_IS_UNDEFINED|main]
                    org.apache.catalina.core.StandardEngine - Starting Servlet engine: [Apache Tomcat/9.0.41]
2021-03-19 10:38:44 6467 [34mINFO [0;39m [module.name_IS_UNDEFINED|main]
                    org.apache.catalina.core.ContainerBase.[Tomcat].[localhost].[/] - Initializing Spring embedded WebApplicationContext
2021-03-19 10:38:44 6467 [34mINFO [0;39m [module.name_IS_UNDEFINED|main]
                    org.springframework.boot.web.servlet.context.ServletWebServerApplicationContext - Root WebApplicationContext: initialization completed in 5120 ms
2021-03-19 10:38:45 6701 [34mINFO [0;39m [module.name_IS_UNDEFINED|main]
                    com.zaxxer.hikari.HikariDataSource - travel - Starting...
2021-03-19 10:38:45 6967 [34mINFO [0;39m [module.name_IS_UNDEFINED|main]
                    com.zaxxer.hikari.HikariDataSource - travel - Start completed.
2021-03-19 10:38:45 7131 [34mINFO [0;39m [module.name_IS_UNDEFINED|main]
                    org.hibernate.jpa.internal.util.LogHelper - HHH000204: Processing PersistenceUnitInfo [name: default]
2021-03-19 10:38:45 7224 [34mINFO [0;39m [module.name_IS_UNDEFINED|main]
                    org.hibernate.Version - HHH000412: Hibernate ORM core version 5.4.25.Final
2021-03-19 10:38:45 7444 [34mINFO [0;39m [module.name_IS_UNDEFINED|main]
                    org.hibernate.annotations.common.Version - HCANN000001: Hibernate Commons Annotations {5.1.2.Final}
2021-03-19 10:38:45 7631 [34mINFO [0;39m [module.name_IS_UNDEFINED|main]
                    org.hibernate.dialect.Dialect - HHH000400: Using dialect: org.hibernate.dialect.MySQL57Dialect
2021-03-19 10:38:46 8536 [34mINFO [0;39m [module.name_IS_UNDEFINED|main]
                    org.hibernate.engine.transaction.jta.platform.internal.JtaPlatformInitiator - HHH000490: Using JtaPlatform implementation: [org.hibernate.engine.transaction.jta.platform.internal.NoJtaPlatform]
2021-03-19 10:38:46 8550 [34mINFO [0;39m [module.name_IS_UNDEFINED|main]
                    org.springframework.orm.jpa.LocalContainerEntityManagerFactoryBean - Initialized JPA EntityManagerFactory for persistence unit 'default'
2021-03-19 10:38:47 9429 [34mINFO [0;39m [module.name_IS_UNDEFINED|main]
                    springfox.documentation.spring.web.PropertySourcedRequestMappingHandlerMapping - Mapped URL path [/v2/api-docs] onto method [springfox.documentation.swagger2.web.Swagger2Controller#getDocumentation(String, HttpServletRequest)]
2021-03-19 10:38:47 9606 [34mINFO [0;39m [module.name_IS_UNDEFINED|main]
                    org.springframework.scheduling.concurrent.ThreadPoolTaskExecutor - Initializing ExecutorService 'applicationTaskExecutor'
2021-03-19 10:38:48 10202 [34mINFO [0;39m [module.name_IS_UNDEFINED|main]
                    org.apache.coyote.http11.Http11NioProtocol - Starting ProtocolHandler ["http-nio-8081"]
2021-03-19 10:38:48 10223 [34mINFO [0;39m [module.name_IS_UNDEFINED|main]
                    org.springframework.boot.web.embedded.tomcat.TomcatWebServer - Tomcat started on port(s): 8081 (http) with context path ''
2021-03-19 10:38:48 10225 [34mINFO [0;39m [module.name_IS_UNDEFINED|main]
                    springfox.documentation.spring.web.plugins.DocumentationPluginsBootstrapper - Context refreshed
2021-03-19 10:38:48 10246 [34mINFO [0;39m [module.name_IS_UNDEFINED|main]
                    springfox.documentation.spring.web.plugins.DocumentationPluginsBootstrapper - Found 1 custom documentation plugin(s)
2021-03-19 10:38:48 10285 [34mINFO [0;39m [module.name_IS_UNDEFINED|main]
                    springfox.documentation.spring.web.scanners.ApiListingReferenceScanner - Scanning for api listing references
2021-03-19 10:38:48 10625 [34mINFO [0;39m [module.name_IS_UNDEFINED|main]
                    s.documentation.spring.web.readers.operation.CachingOperationNameGenerator - Generating unique operation named: loginUsingGET_1
2021-03-19 10:38:49 10657 [34mINFO [0;39m [module.name_IS_UNDEFINED|main]
                    com.example.demo.DemoApplication - Started DemoApplication in 10.124 seconds (JVM running for 12.526)
2021-03-19 10:42:50 252467 [34mINFO [0;39m [module.name_IS_UNDEFINED|http-nio-8081-exec-1]
                    org.apache.catalina.core.ContainerBase.[Tomcat].[localhost].[/] - Initializing Spring DispatcherServlet 'dispatcherServlet'
2021-03-19 10:42:50 252467 [34mINFO [0;39m [module.name_IS_UNDEFINED|http-nio-8081-exec-1]
                    org.springframework.web.servlet.DispatcherServlet - Initializing Servlet 'dispatcherServlet'
2021-03-19 10:42:50 252469 [34mINFO [0;39m [module.name_IS_UNDEFINED|http-nio-8081-exec-1]
                    org.springframework.web.servlet.DispatcherServlet - Completed initialization in 2 ms
2021-03-19 14:13:07 1283 [34mINFO [0;39m [module.name_IS_UNDEFINED|main]
                    com.example.demo.DemoApplication - Starting DemoApplication using Java 1.8.0_241 on DESKTOP-5TN1T53 with PID 9376 (C:\Users\Administrator\Desktop\毕业设计项目\旅游网\demo\target\classes started by Administrator in C:\Users\Administrator\Desktop\毕业设计项目\旅游网\demo)
2021-03-19 14:13:07 1287 [34mINFO [0;39m [module.name_IS_UNDEFINED|main]
                    com.example.demo.DemoApplication - The following profiles are active: dev
2021-03-19 14:13:09 2917 [34mINFO [0;39m [module.name_IS_UNDEFINED|main]
                    org.springframework.data.repository.config.RepositoryConfigurationDelegate - Multiple Spring Data modules found, entering strict repository configuration mode!
2021-03-19 14:13:09 2918 [34mINFO [0;39m [module.name_IS_UNDEFINED|main]
                    org.springframework.data.repository.config.RepositoryConfigurationDelegate - Bootstrapping Spring Data JPA repositories in DEFAULT mode.
2021-03-19 14:13:09 3058 [34mINFO [0;39m [module.name_IS_UNDEFINED|main]
                    org.springframework.data.repository.config.RepositoryConfigurationDelegate - Finished Spring Data repository scanning in 128 ms. Found 0 JPA repository interfaces.
2021-03-19 14:13:09 3079 [34mINFO [0;39m [module.name_IS_UNDEFINED|main]
                    org.springframework.data.repository.config.RepositoryConfigurationDelegate - Multiple Spring Data modules found, entering strict repository configuration mode!
2021-03-19 14:13:09 3081 [34mINFO [0;39m [module.name_IS_UNDEFINED|main]
                    org.springframework.data.repository.config.RepositoryConfigurationDelegate - Bootstrapping Spring Data Redis repositories in DEFAULT mode.
2021-03-19 14:13:09 3195 [34mINFO [0;39m [module.name_IS_UNDEFINED|main]
                    org.springframework.data.repository.config.RepositoryConfigurationDelegate - Finished Spring Data repository scanning in 101 ms. Found 0 Redis repository interfaces.
2021-03-19 14:13:10 3516 [34mINFO [0;39m [module.name_IS_UNDEFINED|main]
                    o.s.context.support.PostProcessorRegistrationDelegate$BeanPostProcessorChecker - Bean 'shiroConfig' of type [com.example.demo.login.config.shiro.ShiroConfig$$EnhancerBySpringCGLIB$$762008ab] is not eligible for getting processed by all BeanPostProcessors (for example: not eligible for auto-proxying)
2021-03-19 14:13:10 3691 [34mINFO [0;39m [module.name_IS_UNDEFINED|main]
                    o.s.context.support.PostProcessorRegistrationDelegate$BeanPostProcessorChecker - Bean 'mybatis-org.mybatis.spring.boot.autoconfigure.MybatisProperties' of type [org.mybatis.spring.boot.autoconfigure.MybatisProperties] is not eligible for getting processed by all BeanPostProcessors (for example: not eligible for auto-proxying)
2021-03-19 14:13:10 3698 [34mINFO [0;39m [module.name_IS_UNDEFINED|main]
                    o.s.context.support.PostProcessorRegistrationDelegate$BeanPostProcessorChecker - Bean 'org.mybatis.spring.boot.autoconfigure.MybatisAutoConfiguration' of type [org.mybatis.spring.boot.autoconfigure.MybatisAutoConfiguration$$EnhancerBySpringCGLIB$$37fd092d] is not eligible for getting processed by all BeanPostProcessors (for example: not eligible for auto-proxying)
2021-03-19 14:13:10 3700 [34mINFO [0;39m [module.name_IS_UNDEFINED|main]
                    o.s.context.support.PostProcessorRegistrationDelegate$BeanPostProcessorChecker - Bean 'org.springframework.boot.autoconfigure.jdbc.DataSourceConfiguration$Hikari' of type [org.springframework.boot.autoconfigure.jdbc.DataSourceConfiguration$Hikari] is not eligible for getting processed by all BeanPostProcessors (for example: not eligible for auto-proxying)
2021-03-19 14:13:10 3712 [34mINFO [0;39m [module.name_IS_UNDEFINED|main]
                    o.s.context.support.PostProcessorRegistrationDelegate$BeanPostProcessorChecker - Bean 'spring.datasource-org.springframework.boot.autoconfigure.jdbc.DataSourceProperties' of type [org.springframework.boot.autoconfigure.jdbc.DataSourceProperties] is not eligible for getting processed by all BeanPostProcessors (for example: not eligible for auto-proxying)
2021-03-19 14:13:10 3748 [34mINFO [0;39m [module.name_IS_UNDEFINED|main]
                    o.s.context.support.PostProcessorRegistrationDelegate$BeanPostProcessorChecker - Bean 'dataSource' of type [com.zaxxer.hikari.HikariDataSource] is not eligible for getting processed by all BeanPostProcessors (for example: not eligible for auto-proxying)
2021-03-19 14:13:10 4052 [34mINFO [0;39m [module.name_IS_UNDEFINED|main]
                    o.s.context.support.PostProcessorRegistrationDelegate$BeanPostProcessorChecker - Bean 'sqlSessionFactory' of type [org.apache.ibatis.session.defaults.DefaultSqlSessionFactory] is not eligible for getting processed by all BeanPostProcessors (for example: not eligible for auto-proxying)
2021-03-19 14:13:10 4057 [34mINFO [0;39m [module.name_IS_UNDEFINED|main]
                    o.s.context.support.PostProcessorRegistrationDelegate$BeanPostProcessorChecker - Bean 'sqlSessionTemplate' of type [org.mybatis.spring.SqlSessionTemplate] is not eligible for getting processed by all BeanPostProcessors (for example: not eligible for auto-proxying)
2021-03-19 14:13:10 4058 [34mINFO [0;39m [module.name_IS_UNDEFINED|main]
                    o.s.context.support.PostProcessorRegistrationDelegate$BeanPostProcessorChecker - Bean 'loginMapper' of type [org.mybatis.spring.mapper.MapperFactoryBean] is not eligible for getting processed by all BeanPostProcessors (for example: not eligible for auto-proxying)
2021-03-19 14:13:10 4059 [34mINFO [0;39m [module.name_IS_UNDEFINED|main]
                    o.s.context.support.PostProcessorRegistrationDelegate$BeanPostProcessorChecker - Bean 'loginMapper' of type [com.sun.proxy.$Proxy73] is not eligible for getting processed by all BeanPostProcessors (for example: not eligible for auto-proxying)
2021-03-19 14:13:10 4063 [34mINFO [0;39m [module.name_IS_UNDEFINED|main]
                    o.s.context.support.PostProcessorRegistrationDelegate$BeanPostProcessorChecker - Bean 'redisConfig' of type [com.example.demo.login.redis.RedisConfig$$EnhancerBySpringCGLIB$$9d165e4d] is not eligible for getting processed by all BeanPostProcessors (for example: not eligible for auto-proxying)
2021-03-19 14:13:10 4072 [34mINFO [0;39m [module.name_IS_UNDEFINED|main]
                    o.s.context.support.PostProcessorRegistrationDelegate$BeanPostProcessorChecker - Bean 'spring.redis-org.springframework.boot.autoconfigure.data.redis.RedisProperties' of type [org.springframework.boot.autoconfigure.data.redis.RedisProperties] is not eligible for getting processed by all BeanPostProcessors (for example: not eligible for auto-proxying)
2021-03-19 14:13:10 4073 [34mINFO [0;39m [module.name_IS_UNDEFINED|main]
                    o.s.context.support.PostProcessorRegistrationDelegate$BeanPostProcessorChecker - Bean 'org.springframework.boot.autoconfigure.data.redis.LettuceConnectionConfiguration' of type [org.springframework.boot.autoconfigure.data.redis.LettuceConnectionConfiguration] is not eligible for getting processed by all BeanPostProcessors (for example: not eligible for auto-proxying)
2021-03-19 14:13:10 4189 [34mINFO [0;39m [module.name_IS_UNDEFINED|main]
                    o.s.context.support.PostProcessorRegistrationDelegate$BeanPostProcessorChecker - Bean 'lettuceClientResources' of type [io.lettuce.core.resource.DefaultClientResources] is not eligible for getting processed by all BeanPostProcessors (for example: not eligible for auto-proxying)
2021-03-19 14:13:11 4368 [34mINFO [0;39m [module.name_IS_UNDEFINED|main]
                    o.s.context.support.PostProcessorRegistrationDelegate$BeanPostProcessorChecker - Bean 'redisConnectionFactory' of type [org.springframework.data.redis.connection.lettuce.LettuceConnectionFactory] is not eligible for getting processed by all BeanPostProcessors (for example: not eligible for auto-proxying)
2021-03-19 14:13:11 4468 [34mINFO [0;39m [module.name_IS_UNDEFINED|main]
                    o.s.context.support.PostProcessorRegistrationDelegate$BeanPostProcessorChecker - Bean 'redisTemplate' of type [org.springframework.data.redis.core.RedisTemplate] is not eligible for getting processed by all BeanPostProcessors (for example: not eligible for auto-proxying)
2021-03-19 14:13:11 4469 [34mINFO [0;39m [module.name_IS_UNDEFINED|main]
                    o.s.context.support.PostProcessorRegistrationDelegate$BeanPostProcessorChecker - Bean 'redisClient' of type [com.example.demo.login.redis.RedisClient] is not eligible for getting processed by all BeanPostProcessors (for example: not eligible for auto-proxying)
2021-03-19 14:13:11 4469 [34mINFO [0;39m [module.name_IS_UNDEFINED|main]
                    o.s.context.support.PostProcessorRegistrationDelegate$BeanPostProcessorChecker - Bean 'userRealm' of type [com.example.demo.login.config.shiro.UserRealm] is not eligible for getting processed by all BeanPostProcessors (for example: not eligible for auto-proxying)
2021-03-19 14:13:12 5508 [34mINFO [0;39m [module.name_IS_UNDEFINED|main]
                    o.s.context.support.PostProcessorRegistrationDelegate$BeanPostProcessorChecker - Bean 'securityManager' of type [org.apache.shiro.web.mgt.DefaultWebSecurityManager] is not eligible for getting processed by all BeanPostProcessors (for example: not eligible for auto-proxying)
2021-03-19 14:13:12 5521 [34mINFO [0;39m [module.name_IS_UNDEFINED|main]
                    o.s.context.support.PostProcessorRegistrationDelegate$BeanPostProcessorChecker - Bean 'jwtFilter' of type [com.example.demo.login.filter.JwtFilter] is not eligible for getting processed by all BeanPostProcessors (for example: not eligible for auto-proxying)
2021-03-19 14:13:12 5540 [34mINFO [0;39m [module.name_IS_UNDEFINED|main]
                    o.s.context.support.PostProcessorRegistrationDelegate$BeanPostProcessorChecker - Bean 'authorizationAttributeSourceAdvisor' of type [org.apache.shiro.spring.security.interceptor.AuthorizationAttributeSourceAdvisor] is not eligible for getting processed by all BeanPostProcessors (for example: not eligible for auto-proxying)
2021-03-19 14:13:12 6016 [34mINFO [0;39m [module.name_IS_UNDEFINED|main]
                    org.springframework.boot.web.embedded.tomcat.TomcatWebServer - Tomcat initialized with port(s): 8081 (http)
2021-03-19 14:13:12 6030 [34mINFO [0;39m [module.name_IS_UNDEFINED|main]
                    org.apache.coyote.http11.Http11NioProtocol - Initializing ProtocolHandler ["http-nio-8081"]
2021-03-19 14:13:12 6031 [34mINFO [0;39m [module.name_IS_UNDEFINED|main]
                    org.apache.catalina.core.StandardService - Starting service [Tomcat]
2021-03-19 14:13:12 6031 [34mINFO [0;39m [module.name_IS_UNDEFINED|main]
                    org.apache.catalina.core.StandardEngine - Starting Servlet engine: [Apache Tomcat/9.0.41]
2021-03-19 14:13:12 6298 [34mINFO [0;39m [module.name_IS_UNDEFINED|main]
                    org.apache.catalina.core.ContainerBase.[Tomcat].[localhost].[/] - Initializing Spring embedded WebApplicationContext
2021-03-19 14:13:12 6298 [34mINFO [0;39m [module.name_IS_UNDEFINED|main]
                    org.springframework.boot.web.servlet.context.ServletWebServerApplicationContext - Root WebApplicationContext: initialization completed in 4935 ms
2021-03-19 14:13:13 6510 [34mINFO [0;39m [module.name_IS_UNDEFINED|main]
                    com.zaxxer.hikari.HikariDataSource - travel - Starting...
2021-03-19 14:13:13 7189 [34mINFO [0;39m [module.name_IS_UNDEFINED|main]
                    com.zaxxer.hikari.HikariDataSource - travel - Start completed.
2021-03-19 14:13:13 7340 [34mINFO [0;39m [module.name_IS_UNDEFINED|main]
                    org.hibernate.jpa.internal.util.LogHelper - HHH000204: Processing PersistenceUnitInfo [name: default]
2021-03-19 14:13:14 7428 [34mINFO [0;39m [module.name_IS_UNDEFINED|main]
                    org.hibernate.Version - HHH000412: Hibernate ORM core version 5.4.25.Final
2021-03-19 14:13:14 7636 [34mINFO [0;39m [module.name_IS_UNDEFINED|main]
                    org.hibernate.annotations.common.Version - HCANN000001: Hibernate Commons Annotations {5.1.2.Final}
2021-03-19 14:13:14 7822 [34mINFO [0;39m [module.name_IS_UNDEFINED|main]
                    org.hibernate.dialect.Dialect - HHH000400: Using dialect: org.hibernate.dialect.MySQL57Dialect
2021-03-19 14:13:15 8818 [34mINFO [0;39m [module.name_IS_UNDEFINED|main]
                    org.hibernate.engine.transaction.jta.platform.internal.JtaPlatformInitiator - HHH000490: Using JtaPlatform implementation: [org.hibernate.engine.transaction.jta.platform.internal.NoJtaPlatform]
2021-03-19 14:13:15 8832 [34mINFO [0;39m [module.name_IS_UNDEFINED|main]
                    org.springframework.orm.jpa.LocalContainerEntityManagerFactoryBean - Initialized JPA EntityManagerFactory for persistence unit 'default'
2021-03-19 14:13:16 9667 [34mINFO [0;39m [module.name_IS_UNDEFINED|main]
                    springfox.documentation.spring.web.PropertySourcedRequestMappingHandlerMapping - Mapped URL path [/v2/api-docs] onto method [springfox.documentation.swagger2.web.Swagger2Controller#getDocumentation(String, HttpServletRequest)]
2021-03-19 14:13:16 9842 [34mINFO [0;39m [module.name_IS_UNDEFINED|main]
                    org.springframework.scheduling.concurrent.ThreadPoolTaskExecutor - Initializing ExecutorService 'applicationTaskExecutor'
2021-03-19 14:13:17 10419 [34mINFO [0;39m [module.name_IS_UNDEFINED|main]
                    org.apache.coyote.http11.Http11NioProtocol - Starting ProtocolHandler ["http-nio-8081"]
2021-03-19 14:13:17 10441 [34mINFO [0;39m [module.name_IS_UNDEFINED|main]
                    org.springframework.boot.web.embedded.tomcat.TomcatWebServer - Tomcat started on port(s): 8081 (http) with context path ''
2021-03-19 14:13:17 10442 [34mINFO [0;39m [module.name_IS_UNDEFINED|main]
                    springfox.documentation.spring.web.plugins.DocumentationPluginsBootstrapper - Context refreshed
2021-03-19 14:13:17 10465 [34mINFO [0;39m [module.name_IS_UNDEFINED|main]
                    springfox.documentation.spring.web.plugins.DocumentationPluginsBootstrapper - Found 1 custom documentation plugin(s)
2021-03-19 14:13:17 10507 [34mINFO [0;39m [module.name_IS_UNDEFINED|main]
                    springfox.documentation.spring.web.scanners.ApiListingReferenceScanner - Scanning for api listing references
2021-03-19 14:13:17 10867 [34mINFO [0;39m [module.name_IS_UNDEFINED|main]
                    s.documentation.spring.web.readers.operation.CachingOperationNameGenerator - Generating unique operation named: loginUsingGET_1
2021-03-19 14:13:17 10897 [34mINFO [0;39m [module.name_IS_UNDEFINED|main]
                    com.example.demo.DemoApplication - Started DemoApplication in 10.425 seconds (JVM running for 12.832)
2021-03-19 14:16:12 185551 [34mINFO [0;39m [module.name_IS_UNDEFINED|http-nio-8081-exec-1]
                    org.apache.catalina.core.ContainerBase.[Tomcat].[localhost].[/] - Initializing Spring DispatcherServlet 'dispatcherServlet'
2021-03-19 14:16:12 185551 [34mINFO [0;39m [module.name_IS_UNDEFINED|http-nio-8081-exec-1]
                    org.springframework.web.servlet.DispatcherServlet - Initializing Servlet 'dispatcherServlet'
2021-03-19 14:16:12 185553 [34mINFO [0;39m [module.name_IS_UNDEFINED|http-nio-8081-exec-1]
                    org.springframework.web.servlet.DispatcherServlet - Completed initialization in 2 ms
