2021-03-01 08:12:30 1398 [34mINFO [0;39m [module.name_IS_UNDEFINED|main]
                    com.example.demo.DemoApplication - Starting DemoApplication using Java 1.8.0_241 on DESKTOP-5TN1T53 with PID 12464 (C:\Users\Administrator\Desktop\毕业设计项目\旅游网\demo\target\classes started by Administrator in C:\Users\Administrator\Desktop\毕业设计项目\旅游网\demo)
2021-03-01 08:12:30 1400 [34mINFO [0;39m [module.name_IS_UNDEFINED|main]
                    com.example.demo.DemoApplication - The following profiles are active: dev
2021-03-01 08:12:32 3217 [34mINFO [0;39m [module.name_IS_UNDEFINED|main]
                    org.springframework.data.repository.config.RepositoryConfigurationDelegate - Multiple Spring Data modules found, entering strict repository configuration mode!
2021-03-01 08:12:32 3218 [34mINFO [0;39m [module.name_IS_UNDEFINED|main]
                    org.springframework.data.repository.config.RepositoryConfigurationDelegate - Bootstrapping Spring Data JPA repositories in DEFAULT mode.
2021-03-01 08:12:32 3336 [34mINFO [0;39m [module.name_IS_UNDEFINED|main]
                    org.springframework.data.repository.config.RepositoryConfigurationDelegate - Finished Spring Data repository scanning in 104 ms. Found 0 JPA repository interfaces.
2021-03-01 08:12:32 3362 [34mINFO [0;39m [module.name_IS_UNDEFINED|main]
                    org.springframework.data.repository.config.RepositoryConfigurationDelegate - Multiple Spring Data modules found, entering strict repository configuration mode!
2021-03-01 08:12:32 3364 [34mINFO [0;39m [module.name_IS_UNDEFINED|main]
                    org.springframework.data.repository.config.RepositoryConfigurationDelegate - Bootstrapping Spring Data Redis repositories in DEFAULT mode.
2021-03-01 08:12:32 3492 [34mINFO [0;39m [module.name_IS_UNDEFINED|main]
                    org.springframework.data.repository.config.RepositoryConfigurationDelegate - Finished Spring Data repository scanning in 113 ms. Found 0 Redis repository interfaces.
2021-03-01 08:12:32 3998 [34mINFO [0;39m [module.name_IS_UNDEFINED|main]
                    o.s.context.support.PostProcessorRegistrationDelegate$BeanPostProcessorChecker - Bean 'shiroConfig' of type [com.example.demo.login.config.shiro.ShiroConfig$$EnhancerBySpringCGLIB$$762008ab] is not eligible for getting processed by all BeanPostProcessors (for example: not eligible for auto-proxying)
2021-03-01 08:12:33 4301 [34mINFO [0;39m [module.name_IS_UNDEFINED|main]
                    o.s.context.support.PostProcessorRegistrationDelegate$BeanPostProcessorChecker - Bean 'mybatis-org.mybatis.spring.boot.autoconfigure.MybatisProperties' of type [org.mybatis.spring.boot.autoconfigure.MybatisProperties] is not eligible for getting processed by all BeanPostProcessors (for example: not eligible for auto-proxying)
2021-03-01 08:12:33 4311 [34mINFO [0;39m [module.name_IS_UNDEFINED|main]
                    o.s.context.support.PostProcessorRegistrationDelegate$BeanPostProcessorChecker - Bean 'org.mybatis.spring.boot.autoconfigure.MybatisAutoConfiguration' of type [org.mybatis.spring.boot.autoconfigure.MybatisAutoConfiguration$$EnhancerBySpringCGLIB$$37fd092d] is not eligible for getting processed by all BeanPostProcessors (for example: not eligible for auto-proxying)
2021-03-01 08:12:33 4317 [34mINFO [0;39m [module.name_IS_UNDEFINED|main]
                    o.s.context.support.PostProcessorRegistrationDelegate$BeanPostProcessorChecker - Bean 'org.springframework.boot.autoconfigure.jdbc.DataSourceConfiguration$Hikari' of type [org.springframework.boot.autoconfigure.jdbc.DataSourceConfiguration$Hikari] is not eligible for getting processed by all BeanPostProcessors (for example: not eligible for auto-proxying)
2021-03-01 08:12:33 4331 [34mINFO [0;39m [module.name_IS_UNDEFINED|main]
                    o.s.context.support.PostProcessorRegistrationDelegate$BeanPostProcessorChecker - Bean 'spring.datasource-org.springframework.boot.autoconfigure.jdbc.DataSourceProperties' of type [org.springframework.boot.autoconfigure.jdbc.DataSourceProperties] is not eligible for getting processed by all BeanPostProcessors (for example: not eligible for auto-proxying)
2021-03-01 08:12:33 4368 [34mINFO [0;39m [module.name_IS_UNDEFINED|main]
                    o.s.context.support.PostProcessorRegistrationDelegate$BeanPostProcessorChecker - Bean 'dataSource' of type [com.zaxxer.hikari.HikariDataSource] is not eligible for getting processed by all BeanPostProcessors (for example: not eligible for auto-proxying)
2021-03-01 08:12:33 4701 [34mINFO [0;39m [module.name_IS_UNDEFINED|main]
                    o.s.context.support.PostProcessorRegistrationDelegate$BeanPostProcessorChecker - Bean 'sqlSessionFactory' of type [org.apache.ibatis.session.defaults.DefaultSqlSessionFactory] is not eligible for getting processed by all BeanPostProcessors (for example: not eligible for auto-proxying)
2021-03-01 08:12:33 4706 [34mINFO [0;39m [module.name_IS_UNDEFINED|main]
                    o.s.context.support.PostProcessorRegistrationDelegate$BeanPostProcessorChecker - Bean 'sqlSessionTemplate' of type [org.mybatis.spring.SqlSessionTemplate] is not eligible for getting processed by all BeanPostProcessors (for example: not eligible for auto-proxying)
2021-03-01 08:12:33 4712 [34mINFO [0;39m [module.name_IS_UNDEFINED|main]
                    o.s.context.support.PostProcessorRegistrationDelegate$BeanPostProcessorChecker - Bean 'loginMapper' of type [org.mybatis.spring.mapper.MapperFactoryBean] is not eligible for getting processed by all BeanPostProcessors (for example: not eligible for auto-proxying)
2021-03-01 08:12:33 4714 [34mINFO [0;39m [module.name_IS_UNDEFINED|main]
                    o.s.context.support.PostProcessorRegistrationDelegate$BeanPostProcessorChecker - Bean 'loginMapper' of type [com.sun.proxy.$Proxy74] is not eligible for getting processed by all BeanPostProcessors (for example: not eligible for auto-proxying)
2021-03-01 08:12:33 4718 [34mINFO [0;39m [module.name_IS_UNDEFINED|main]
                    o.s.context.support.PostProcessorRegistrationDelegate$BeanPostProcessorChecker - Bean 'redisConfig' of type [com.example.demo.login.redis.RedisConfig$$EnhancerBySpringCGLIB$$9d165e4d] is not eligible for getting processed by all BeanPostProcessors (for example: not eligible for auto-proxying)
2021-03-01 08:12:33 4729 [34mINFO [0;39m [module.name_IS_UNDEFINED|main]
                    o.s.context.support.PostProcessorRegistrationDelegate$BeanPostProcessorChecker - Bean 'spring.redis-org.springframework.boot.autoconfigure.data.redis.RedisProperties' of type [org.springframework.boot.autoconfigure.data.redis.RedisProperties] is not eligible for getting processed by all BeanPostProcessors (for example: not eligible for auto-proxying)
2021-03-01 08:12:33 4730 [34mINFO [0;39m [module.name_IS_UNDEFINED|main]
                    o.s.context.support.PostProcessorRegistrationDelegate$BeanPostProcessorChecker - Bean 'org.springframework.boot.autoconfigure.data.redis.LettuceConnectionConfiguration' of type [org.springframework.boot.autoconfigure.data.redis.LettuceConnectionConfiguration] is not eligible for getting processed by all BeanPostProcessors (for example: not eligible for auto-proxying)
2021-03-01 08:12:33 4888 [34mINFO [0;39m [module.name_IS_UNDEFINED|main]
                    o.s.context.support.PostProcessorRegistrationDelegate$BeanPostProcessorChecker - Bean 'lettuceClientResources' of type [io.lettuce.core.resource.DefaultClientResources] is not eligible for getting processed by all BeanPostProcessors (for example: not eligible for auto-proxying)
2021-03-01 08:12:34 5077 [34mINFO [0;39m [module.name_IS_UNDEFINED|main]
                    o.s.context.support.PostProcessorRegistrationDelegate$BeanPostProcessorChecker - Bean 'redisConnectionFactory' of type [org.springframework.data.redis.connection.lettuce.LettuceConnectionFactory] is not eligible for getting processed by all BeanPostProcessors (for example: not eligible for auto-proxying)
2021-03-01 08:12:34 5200 [34mINFO [0;39m [module.name_IS_UNDEFINED|main]
                    o.s.context.support.PostProcessorRegistrationDelegate$BeanPostProcessorChecker - Bean 'redisTemplate' of type [org.springframework.data.redis.core.RedisTemplate] is not eligible for getting processed by all BeanPostProcessors (for example: not eligible for auto-proxying)
2021-03-01 08:12:34 5201 [34mINFO [0;39m [module.name_IS_UNDEFINED|main]
                    o.s.context.support.PostProcessorRegistrationDelegate$BeanPostProcessorChecker - Bean 'redisClient' of type [com.example.demo.login.redis.RedisClient] is not eligible for getting processed by all BeanPostProcessors (for example: not eligible for auto-proxying)
2021-03-01 08:12:34 5202 [34mINFO [0;39m [module.name_IS_UNDEFINED|main]
                    o.s.context.support.PostProcessorRegistrationDelegate$BeanPostProcessorChecker - Bean 'userRealm' of type [com.example.demo.login.config.shiro.UserRealm] is not eligible for getting processed by all BeanPostProcessors (for example: not eligible for auto-proxying)
2021-03-01 08:12:35 6448 [34mINFO [0;39m [module.name_IS_UNDEFINED|main]
                    o.s.context.support.PostProcessorRegistrationDelegate$BeanPostProcessorChecker - Bean 'securityManager' of type [org.apache.shiro.web.mgt.DefaultWebSecurityManager] is not eligible for getting processed by all BeanPostProcessors (for example: not eligible for auto-proxying)
2021-03-01 08:12:35 6460 [34mINFO [0;39m [module.name_IS_UNDEFINED|main]
                    o.s.context.support.PostProcessorRegistrationDelegate$BeanPostProcessorChecker - Bean 'jwtFilter' of type [com.example.demo.login.filter.JwtFilter] is not eligible for getting processed by all BeanPostProcessors (for example: not eligible for auto-proxying)
2021-03-01 08:12:35 6480 [34mINFO [0;39m [module.name_IS_UNDEFINED|main]
                    o.s.context.support.PostProcessorRegistrationDelegate$BeanPostProcessorChecker - Bean 'authorizationAttributeSourceAdvisor' of type [org.apache.shiro.spring.security.interceptor.AuthorizationAttributeSourceAdvisor] is not eligible for getting processed by all BeanPostProcessors (for example: not eligible for auto-proxying)
2021-03-01 08:12:35 6986 [34mINFO [0;39m [module.name_IS_UNDEFINED|main]
                    org.springframework.boot.web.embedded.tomcat.TomcatWebServer - Tomcat initialized with port(s): 8081 (http)
2021-03-01 08:12:35 7001 [34mINFO [0;39m [module.name_IS_UNDEFINED|main]
                    org.apache.coyote.http11.Http11NioProtocol - Initializing ProtocolHandler ["http-nio-8081"]
2021-03-01 08:12:35 7002 [34mINFO [0;39m [module.name_IS_UNDEFINED|main]
                    org.apache.catalina.core.StandardService - Starting service [Tomcat]
2021-03-01 08:12:35 7002 [34mINFO [0;39m [module.name_IS_UNDEFINED|main]
                    org.apache.catalina.core.StandardEngine - Starting Servlet engine: [Apache Tomcat/9.0.41]
2021-03-01 08:12:36 7258 [34mINFO [0;39m [module.name_IS_UNDEFINED|main]
                    org.apache.catalina.core.ContainerBase.[Tomcat].[localhost].[/] - Initializing Spring embedded WebApplicationContext
2021-03-01 08:12:36 7258 [34mINFO [0;39m [module.name_IS_UNDEFINED|main]
                    org.springframework.boot.web.servlet.context.ServletWebServerApplicationContext - Root WebApplicationContext: initialization completed in 5780 ms
2021-03-01 08:12:36 7482 [34mINFO [0;39m [module.name_IS_UNDEFINED|main]
                    com.zaxxer.hikari.HikariDataSource - travel - Starting...
2021-03-01 08:12:36 7700 [34mINFO [0;39m [module.name_IS_UNDEFINED|main]
                    com.zaxxer.hikari.HikariDataSource - travel - Start completed.
2021-03-01 08:12:36 7880 [34mINFO [0;39m [module.name_IS_UNDEFINED|main]
                    org.hibernate.jpa.internal.util.LogHelper - HHH000204: Processing PersistenceUnitInfo [name: default]
2021-03-01 08:12:36 7983 [34mINFO [0;39m [module.name_IS_UNDEFINED|main]
                    org.hibernate.Version - HHH000412: Hibernate ORM core version 5.4.25.Final
2021-03-01 08:12:37 8224 [34mINFO [0;39m [module.name_IS_UNDEFINED|main]
                    org.hibernate.annotations.common.Version - HCANN000001: Hibernate Commons Annotations {5.1.2.Final}
2021-03-01 08:12:37 8437 [34mINFO [0;39m [module.name_IS_UNDEFINED|main]
                    org.hibernate.dialect.Dialect - HHH000400: Using dialect: org.hibernate.dialect.MySQL57Dialect
2021-03-01 08:12:38 9428 [34mINFO [0;39m [module.name_IS_UNDEFINED|main]
                    org.hibernate.engine.transaction.jta.platform.internal.JtaPlatformInitiator - HHH000490: Using JtaPlatform implementation: [org.hibernate.engine.transaction.jta.platform.internal.NoJtaPlatform]
2021-03-01 08:12:38 9443 [34mINFO [0;39m [module.name_IS_UNDEFINED|main]
                    org.springframework.orm.jpa.LocalContainerEntityManagerFactoryBean - Initialized JPA EntityManagerFactory for persistence unit 'default'
2021-03-01 08:12:39 10114 [34mINFO [0;39m [module.name_IS_UNDEFINED|main]
                    springfox.documentation.spring.web.PropertySourcedRequestMappingHandlerMapping - Mapped URL path [/v2/api-docs] onto method [springfox.documentation.swagger2.web.Swagger2Controller#getDocumentation(String, HttpServletRequest)]
2021-03-01 08:12:39 10477 [34mINFO [0;39m [module.name_IS_UNDEFINED|main]
                    org.springframework.scheduling.concurrent.ThreadPoolTaskExecutor - Initializing ExecutorService 'applicationTaskExecutor'
2021-03-01 08:12:40 11119 [34mINFO [0;39m [module.name_IS_UNDEFINED|main]
                    org.apache.coyote.http11.Http11NioProtocol - Starting ProtocolHandler ["http-nio-8081"]
2021-03-01 08:12:40 11147 [34mINFO [0;39m [module.name_IS_UNDEFINED|main]
                    org.springframework.boot.web.embedded.tomcat.TomcatWebServer - Tomcat started on port(s): 8081 (http) with context path ''
2021-03-01 08:12:40 11149 [34mINFO [0;39m [module.name_IS_UNDEFINED|main]
                    springfox.documentation.spring.web.plugins.DocumentationPluginsBootstrapper - Context refreshed
2021-03-01 08:12:40 11178 [34mINFO [0;39m [module.name_IS_UNDEFINED|main]
                    springfox.documentation.spring.web.plugins.DocumentationPluginsBootstrapper - Found 1 custom documentation plugin(s)
2021-03-01 08:12:40 11224 [34mINFO [0;39m [module.name_IS_UNDEFINED|main]
                    springfox.documentation.spring.web.scanners.ApiListingReferenceScanner - Scanning for api listing references
2021-03-01 08:12:40 11612 [34mINFO [0;39m [module.name_IS_UNDEFINED|main]
                    s.documentation.spring.web.readers.operation.CachingOperationNameGenerator - Generating unique operation named: loginUsingGET_1
2021-03-01 08:12:40 11666 [34mINFO [0;39m [module.name_IS_UNDEFINED|main]
                    com.example.demo.DemoApplication - Started DemoApplication in 11.073 seconds (JVM running for 14.094)
2021-03-01 08:13:13 44559 [34mINFO [0;39m [module.name_IS_UNDEFINED|http-nio-8081-exec-1]
                    org.apache.catalina.core.ContainerBase.[Tomcat].[localhost].[/] - Initializing Spring DispatcherServlet 'dispatcherServlet'
2021-03-01 08:13:13 44559 [34mINFO [0;39m [module.name_IS_UNDEFINED|http-nio-8081-exec-1]
                    org.springframework.web.servlet.DispatcherServlet - Initializing Servlet 'dispatcherServlet'
2021-03-01 08:13:13 44562 [34mINFO [0;39m [module.name_IS_UNDEFINED|http-nio-8081-exec-1]
                    org.springframework.web.servlet.DispatcherServlet - Completed initialization in 3 ms
2021-03-01 08:23:34 1466 [34mINFO [0;39m [module.name_IS_UNDEFINED|main]
                    com.example.demo.DemoApplication - Starting DemoApplication using Java 1.8.0_241 on DESKTOP-5TN1T53 with PID 14780 (C:\Users\Administrator\Desktop\毕业设计项目\旅游网\demo\target\classes started by Administrator in C:\Users\Administrator\Desktop\毕业设计项目\旅游网\demo)
2021-03-01 08:23:34 1469 [34mINFO [0;39m [module.name_IS_UNDEFINED|main]
                    com.example.demo.DemoApplication - The following profiles are active: dev
2021-03-01 08:23:36 3192 [34mINFO [0;39m [module.name_IS_UNDEFINED|main]
                    org.springframework.data.repository.config.RepositoryConfigurationDelegate - Multiple Spring Data modules found, entering strict repository configuration mode!
2021-03-01 08:23:36 3193 [34mINFO [0;39m [module.name_IS_UNDEFINED|main]
                    org.springframework.data.repository.config.RepositoryConfigurationDelegate - Bootstrapping Spring Data JPA repositories in DEFAULT mode.
2021-03-01 08:23:36 3330 [34mINFO [0;39m [module.name_IS_UNDEFINED|main]
                    org.springframework.data.repository.config.RepositoryConfigurationDelegate - Finished Spring Data repository scanning in 113 ms. Found 0 JPA repository interfaces.
2021-03-01 08:23:36 3353 [34mINFO [0;39m [module.name_IS_UNDEFINED|main]
                    org.springframework.data.repository.config.RepositoryConfigurationDelegate - Multiple Spring Data modules found, entering strict repository configuration mode!
2021-03-01 08:23:36 3355 [34mINFO [0;39m [module.name_IS_UNDEFINED|main]
                    org.springframework.data.repository.config.RepositoryConfigurationDelegate - Bootstrapping Spring Data Redis repositories in DEFAULT mode.
2021-03-01 08:23:36 3455 [34mINFO [0;39m [module.name_IS_UNDEFINED|main]
                    org.springframework.data.repository.config.RepositoryConfigurationDelegate - Finished Spring Data repository scanning in 87 ms. Found 0 Redis repository interfaces.
2021-03-01 08:23:36 3768 [34mINFO [0;39m [module.name_IS_UNDEFINED|main]
                    o.s.context.support.PostProcessorRegistrationDelegate$BeanPostProcessorChecker - Bean 'shiroConfig' of type [com.example.demo.login.config.shiro.ShiroConfig$$EnhancerBySpringCGLIB$$762008ab] is not eligible for getting processed by all BeanPostProcessors (for example: not eligible for auto-proxying)
2021-03-01 08:23:36 3985 [34mINFO [0;39m [module.name_IS_UNDEFINED|main]
                    o.s.context.support.PostProcessorRegistrationDelegate$BeanPostProcessorChecker - Bean 'mybatis-org.mybatis.spring.boot.autoconfigure.MybatisProperties' of type [org.mybatis.spring.boot.autoconfigure.MybatisProperties] is not eligible for getting processed by all BeanPostProcessors (for example: not eligible for auto-proxying)
2021-03-01 08:23:36 3994 [34mINFO [0;39m [module.name_IS_UNDEFINED|main]
                    o.s.context.support.PostProcessorRegistrationDelegate$BeanPostProcessorChecker - Bean 'org.mybatis.spring.boot.autoconfigure.MybatisAutoConfiguration' of type [org.mybatis.spring.boot.autoconfigure.MybatisAutoConfiguration$$EnhancerBySpringCGLIB$$37fd092d] is not eligible for getting processed by all BeanPostProcessors (for example: not eligible for auto-proxying)
2021-03-01 08:23:36 3999 [34mINFO [0;39m [module.name_IS_UNDEFINED|main]
                    o.s.context.support.PostProcessorRegistrationDelegate$BeanPostProcessorChecker - Bean 'org.springframework.boot.autoconfigure.jdbc.DataSourceConfiguration$Hikari' of type [org.springframework.boot.autoconfigure.jdbc.DataSourceConfiguration$Hikari] is not eligible for getting processed by all BeanPostProcessors (for example: not eligible for auto-proxying)
2021-03-01 08:23:36 4017 [34mINFO [0;39m [module.name_IS_UNDEFINED|main]
                    o.s.context.support.PostProcessorRegistrationDelegate$BeanPostProcessorChecker - Bean 'spring.datasource-org.springframework.boot.autoconfigure.jdbc.DataSourceProperties' of type [org.springframework.boot.autoconfigure.jdbc.DataSourceProperties] is not eligible for getting processed by all BeanPostProcessors (for example: not eligible for auto-proxying)
2021-03-01 08:23:37 4066 [34mINFO [0;39m [module.name_IS_UNDEFINED|main]
                    o.s.context.support.PostProcessorRegistrationDelegate$BeanPostProcessorChecker - Bean 'dataSource' of type [com.zaxxer.hikari.HikariDataSource] is not eligible for getting processed by all BeanPostProcessors (for example: not eligible for auto-proxying)
2021-03-01 08:23:37 4491 [34mINFO [0;39m [module.name_IS_UNDEFINED|main]
                    o.s.context.support.PostProcessorRegistrationDelegate$BeanPostProcessorChecker - Bean 'sqlSessionFactory' of type [org.apache.ibatis.session.defaults.DefaultSqlSessionFactory] is not eligible for getting processed by all BeanPostProcessors (for example: not eligible for auto-proxying)
2021-03-01 08:23:37 4498 [34mINFO [0;39m [module.name_IS_UNDEFINED|main]
                    o.s.context.support.PostProcessorRegistrationDelegate$BeanPostProcessorChecker - Bean 'sqlSessionTemplate' of type [org.mybatis.spring.SqlSessionTemplate] is not eligible for getting processed by all BeanPostProcessors (for example: not eligible for auto-proxying)
2021-03-01 08:23:37 4500 [34mINFO [0;39m [module.name_IS_UNDEFINED|main]
                    o.s.context.support.PostProcessorRegistrationDelegate$BeanPostProcessorChecker - Bean 'loginMapper' of type [org.mybatis.spring.mapper.MapperFactoryBean] is not eligible for getting processed by all BeanPostProcessors (for example: not eligible for auto-proxying)
2021-03-01 08:23:37 4502 [34mINFO [0;39m [module.name_IS_UNDEFINED|main]
                    o.s.context.support.PostProcessorRegistrationDelegate$BeanPostProcessorChecker - Bean 'loginMapper' of type [com.sun.proxy.$Proxy74] is not eligible for getting processed by all BeanPostProcessors (for example: not eligible for auto-proxying)
2021-03-01 08:23:37 4507 [34mINFO [0;39m [module.name_IS_UNDEFINED|main]
                    o.s.context.support.PostProcessorRegistrationDelegate$BeanPostProcessorChecker - Bean 'redisConfig' of type [com.example.demo.login.redis.RedisConfig$$EnhancerBySpringCGLIB$$9d165e4d] is not eligible for getting processed by all BeanPostProcessors (for example: not eligible for auto-proxying)
2021-03-01 08:23:37 4521 [34mINFO [0;39m [module.name_IS_UNDEFINED|main]
                    o.s.context.support.PostProcessorRegistrationDelegate$BeanPostProcessorChecker - Bean 'spring.redis-org.springframework.boot.autoconfigure.data.redis.RedisProperties' of type [org.springframework.boot.autoconfigure.data.redis.RedisProperties] is not eligible for getting processed by all BeanPostProcessors (for example: not eligible for auto-proxying)
2021-03-01 08:23:37 4523 [34mINFO [0;39m [module.name_IS_UNDEFINED|main]
                    o.s.context.support.PostProcessorRegistrationDelegate$BeanPostProcessorChecker - Bean 'org.springframework.boot.autoconfigure.data.redis.LettuceConnectionConfiguration' of type [org.springframework.boot.autoconfigure.data.redis.LettuceConnectionConfiguration] is not eligible for getting processed by all BeanPostProcessors (for example: not eligible for auto-proxying)
2021-03-01 08:23:37 4669 [34mINFO [0;39m [module.name_IS_UNDEFINED|main]
                    o.s.context.support.PostProcessorRegistrationDelegate$BeanPostProcessorChecker - Bean 'lettuceClientResources' of type [io.lettuce.core.resource.DefaultClientResources] is not eligible for getting processed by all BeanPostProcessors (for example: not eligible for auto-proxying)
2021-03-01 08:23:37 4866 [34mINFO [0;39m [module.name_IS_UNDEFINED|main]
                    o.s.context.support.PostProcessorRegistrationDelegate$BeanPostProcessorChecker - Bean 'redisConnectionFactory' of type [org.springframework.data.redis.connection.lettuce.LettuceConnectionFactory] is not eligible for getting processed by all BeanPostProcessors (for example: not eligible for auto-proxying)
2021-03-01 08:23:37 5025 [34mINFO [0;39m [module.name_IS_UNDEFINED|main]
                    o.s.context.support.PostProcessorRegistrationDelegate$BeanPostProcessorChecker - Bean 'redisTemplate' of type [org.springframework.data.redis.core.RedisTemplate] is not eligible for getting processed by all BeanPostProcessors (for example: not eligible for auto-proxying)
2021-03-01 08:23:37 5026 [34mINFO [0;39m [module.name_IS_UNDEFINED|main]
                    o.s.context.support.PostProcessorRegistrationDelegate$BeanPostProcessorChecker - Bean 'redisClient' of type [com.example.demo.login.redis.RedisClient] is not eligible for getting processed by all BeanPostProcessors (for example: not eligible for auto-proxying)
2021-03-01 08:23:37 5027 [34mINFO [0;39m [module.name_IS_UNDEFINED|main]
                    o.s.context.support.PostProcessorRegistrationDelegate$BeanPostProcessorChecker - Bean 'userRealm' of type [com.example.demo.login.config.shiro.UserRealm] is not eligible for getting processed by all BeanPostProcessors (for example: not eligible for auto-proxying)
2021-03-01 08:23:39 6198 [34mINFO [0;39m [module.name_IS_UNDEFINED|main]
                    o.s.context.support.PostProcessorRegistrationDelegate$BeanPostProcessorChecker - Bean 'securityManager' of type [org.apache.shiro.web.mgt.DefaultWebSecurityManager] is not eligible for getting processed by all BeanPostProcessors (for example: not eligible for auto-proxying)
2021-03-01 08:23:39 6212 [34mINFO [0;39m [module.name_IS_UNDEFINED|main]
                    o.s.context.support.PostProcessorRegistrationDelegate$BeanPostProcessorChecker - Bean 'jwtFilter' of type [com.example.demo.login.filter.JwtFilter] is not eligible for getting processed by all BeanPostProcessors (for example: not eligible for auto-proxying)
2021-03-01 08:23:39 6233 [34mINFO [0;39m [module.name_IS_UNDEFINED|main]
                    o.s.context.support.PostProcessorRegistrationDelegate$BeanPostProcessorChecker - Bean 'authorizationAttributeSourceAdvisor' of type [org.apache.shiro.spring.security.interceptor.AuthorizationAttributeSourceAdvisor] is not eligible for getting processed by all BeanPostProcessors (for example: not eligible for auto-proxying)
2021-03-01 08:23:39 6739 [34mINFO [0;39m [module.name_IS_UNDEFINED|main]
                    org.springframework.boot.web.embedded.tomcat.TomcatWebServer - Tomcat initialized with port(s): 8081 (http)
2021-03-01 08:23:39 6755 [34mINFO [0;39m [module.name_IS_UNDEFINED|main]
                    org.apache.coyote.http11.Http11NioProtocol - Initializing ProtocolHandler ["http-nio-8081"]
2021-03-01 08:23:39 6756 [34mINFO [0;39m [module.name_IS_UNDEFINED|main]
                    org.apache.catalina.core.StandardService - Starting service [Tomcat]
2021-03-01 08:23:39 6756 [34mINFO [0;39m [module.name_IS_UNDEFINED|main]
                    org.apache.catalina.core.StandardEngine - Starting Servlet engine: [Apache Tomcat/9.0.41]
2021-03-01 08:23:40 7083 [34mINFO [0;39m [module.name_IS_UNDEFINED|main]
                    org.apache.catalina.core.ContainerBase.[Tomcat].[localhost].[/] - Initializing Spring embedded WebApplicationContext
2021-03-01 08:23:40 7083 [34mINFO [0;39m [module.name_IS_UNDEFINED|main]
                    org.springframework.boot.web.servlet.context.ServletWebServerApplicationContext - Root WebApplicationContext: initialization completed in 5470 ms
2021-03-01 08:23:40 7421 [34mINFO [0;39m [module.name_IS_UNDEFINED|main]
                    com.zaxxer.hikari.HikariDataSource - travel - Starting...
2021-03-01 08:23:40 7617 [34mINFO [0;39m [module.name_IS_UNDEFINED|main]
                    com.zaxxer.hikari.HikariDataSource - travel - Start completed.
2021-03-01 08:23:40 7846 [34mINFO [0;39m [module.name_IS_UNDEFINED|main]
                    org.hibernate.jpa.internal.util.LogHelper - HHH000204: Processing PersistenceUnitInfo [name: default]
2021-03-01 08:23:40 7964 [34mINFO [0;39m [module.name_IS_UNDEFINED|main]
                    org.hibernate.Version - HHH000412: Hibernate ORM core version 5.4.25.Final
2021-03-01 08:23:41 8264 [34mINFO [0;39m [module.name_IS_UNDEFINED|main]
                    org.hibernate.annotations.common.Version - HCANN000001: Hibernate Commons Annotations {5.1.2.Final}
2021-03-01 08:23:41 8572 [34mINFO [0;39m [module.name_IS_UNDEFINED|main]
                    org.hibernate.dialect.Dialect - HHH000400: Using dialect: org.hibernate.dialect.MySQL57Dialect
2021-03-01 08:23:42 9769 [34mINFO [0;39m [module.name_IS_UNDEFINED|main]
                    org.hibernate.engine.transaction.jta.platform.internal.JtaPlatformInitiator - HHH000490: Using JtaPlatform implementation: [org.hibernate.engine.transaction.jta.platform.internal.NoJtaPlatform]
2021-03-01 08:23:42 9783 [34mINFO [0;39m [module.name_IS_UNDEFINED|main]
                    org.springframework.orm.jpa.LocalContainerEntityManagerFactoryBean - Initialized JPA EntityManagerFactory for persistence unit 'default'
2021-03-01 08:23:43 10442 [34mINFO [0;39m [module.name_IS_UNDEFINED|main]
                    springfox.documentation.spring.web.PropertySourcedRequestMappingHandlerMapping - Mapped URL path [/v2/api-docs] onto method [springfox.documentation.swagger2.web.Swagger2Controller#getDocumentation(String, HttpServletRequest)]
2021-03-01 08:23:43 10841 [34mINFO [0;39m [module.name_IS_UNDEFINED|main]
                    org.springframework.scheduling.concurrent.ThreadPoolTaskExecutor - Initializing ExecutorService 'applicationTaskExecutor'
2021-03-01 08:23:44 11424 [34mINFO [0;39m [module.name_IS_UNDEFINED|main]
                    org.apache.coyote.http11.Http11NioProtocol - Starting ProtocolHandler ["http-nio-8081"]
2021-03-01 08:23:44 11445 [34mINFO [0;39m [module.name_IS_UNDEFINED|main]
                    org.springframework.boot.web.embedded.tomcat.TomcatWebServer - Tomcat started on port(s): 8081 (http) with context path ''
2021-03-01 08:23:44 11446 [34mINFO [0;39m [module.name_IS_UNDEFINED|main]
                    springfox.documentation.spring.web.plugins.DocumentationPluginsBootstrapper - Context refreshed
2021-03-01 08:23:44 11468 [34mINFO [0;39m [module.name_IS_UNDEFINED|main]
                    springfox.documentation.spring.web.plugins.DocumentationPluginsBootstrapper - Found 1 custom documentation plugin(s)
2021-03-01 08:23:44 11507 [34mINFO [0;39m [module.name_IS_UNDEFINED|main]
                    springfox.documentation.spring.web.scanners.ApiListingReferenceScanner - Scanning for api listing references
2021-03-01 08:23:44 11868 [34mINFO [0;39m [module.name_IS_UNDEFINED|main]
                    s.documentation.spring.web.readers.operation.CachingOperationNameGenerator - Generating unique operation named: loginUsingGET_1
2021-03-01 08:23:44 11913 [34mINFO [0;39m [module.name_IS_UNDEFINED|main]
                    com.example.demo.DemoApplication - Started DemoApplication in 11.442 seconds (JVM running for 14.174)
2021-03-01 08:24:44 71298 [34mINFO [0;39m [module.name_IS_UNDEFINED|http-nio-8081-exec-1]
                    org.apache.catalina.core.ContainerBase.[Tomcat].[localhost].[/] - Initializing Spring DispatcherServlet 'dispatcherServlet'
2021-03-01 08:24:44 71298 [34mINFO [0;39m [module.name_IS_UNDEFINED|http-nio-8081-exec-1]
                    org.springframework.web.servlet.DispatcherServlet - Initializing Servlet 'dispatcherServlet'
2021-03-01 08:24:44 71301 [34mINFO [0;39m [module.name_IS_UNDEFINED|http-nio-8081-exec-1]
                    org.springframework.web.servlet.DispatcherServlet - Completed initialization in 3 ms
2021-03-01 09:13:42 1117 [34mINFO [0;39m [module.name_IS_UNDEFINED|main]
                    com.example.demo.DemoApplication - Starting DemoApplication using Java 1.8.0_241 on DESKTOP-5TN1T53 with PID 10208 (C:\Users\Administrator\Desktop\毕业设计项目\旅游网\demo\target\classes started by Administrator in C:\Users\Administrator\Desktop\毕业设计项目\旅游网\demo)
2021-03-01 09:13:42 1120 [34mINFO [0;39m [module.name_IS_UNDEFINED|main]
                    com.example.demo.DemoApplication - The following profiles are active: dev
2021-03-01 09:13:43 2492 [34mINFO [0;39m [module.name_IS_UNDEFINED|main]
                    org.springframework.data.repository.config.RepositoryConfigurationDelegate - Multiple Spring Data modules found, entering strict repository configuration mode!
2021-03-01 09:13:43 2493 [34mINFO [0;39m [module.name_IS_UNDEFINED|main]
                    org.springframework.data.repository.config.RepositoryConfigurationDelegate - Bootstrapping Spring Data JPA repositories in DEFAULT mode.
2021-03-01 09:13:43 2602 [34mINFO [0;39m [module.name_IS_UNDEFINED|main]
                    org.springframework.data.repository.config.RepositoryConfigurationDelegate - Finished Spring Data repository scanning in 97 ms. Found 0 JPA repository interfaces.
2021-03-01 09:13:43 2622 [34mINFO [0;39m [module.name_IS_UNDEFINED|main]
                    org.springframework.data.repository.config.RepositoryConfigurationDelegate - Multiple Spring Data modules found, entering strict repository configuration mode!
2021-03-01 09:13:43 2624 [34mINFO [0;39m [module.name_IS_UNDEFINED|main]
                    org.springframework.data.repository.config.RepositoryConfigurationDelegate - Bootstrapping Spring Data Redis repositories in DEFAULT mode.
2021-03-01 09:13:43 2715 [34mINFO [0;39m [module.name_IS_UNDEFINED|main]
                    org.springframework.data.repository.config.RepositoryConfigurationDelegate - Finished Spring Data repository scanning in 82 ms. Found 0 Redis repository interfaces.
2021-03-01 09:13:44 3028 [34mINFO [0;39m [module.name_IS_UNDEFINED|main]
                    o.s.context.support.PostProcessorRegistrationDelegate$BeanPostProcessorChecker - Bean 'shiroConfig' of type [com.example.demo.login.config.shiro.ShiroConfig$$EnhancerBySpringCGLIB$$762008ab] is not eligible for getting processed by all BeanPostProcessors (for example: not eligible for auto-proxying)
2021-03-01 09:13:44 3197 [34mINFO [0;39m [module.name_IS_UNDEFINED|main]
                    o.s.context.support.PostProcessorRegistrationDelegate$BeanPostProcessorChecker - Bean 'mybatis-org.mybatis.spring.boot.autoconfigure.MybatisProperties' of type [org.mybatis.spring.boot.autoconfigure.MybatisProperties] is not eligible for getting processed by all BeanPostProcessors (for example: not eligible for auto-proxying)
2021-03-01 09:13:44 3204 [34mINFO [0;39m [module.name_IS_UNDEFINED|main]
                    o.s.context.support.PostProcessorRegistrationDelegate$BeanPostProcessorChecker - Bean 'org.mybatis.spring.boot.autoconfigure.MybatisAutoConfiguration' of type [org.mybatis.spring.boot.autoconfigure.MybatisAutoConfiguration$$EnhancerBySpringCGLIB$$37fd092d] is not eligible for getting processed by all BeanPostProcessors (for example: not eligible for auto-proxying)
2021-03-01 09:13:44 3207 [34mINFO [0;39m [module.name_IS_UNDEFINED|main]
                    o.s.context.support.PostProcessorRegistrationDelegate$BeanPostProcessorChecker - Bean 'org.springframework.boot.autoconfigure.jdbc.DataSourceConfiguration$Hikari' of type [org.springframework.boot.autoconfigure.jdbc.DataSourceConfiguration$Hikari] is not eligible for getting processed by all BeanPostProcessors (for example: not eligible for auto-proxying)
2021-03-01 09:13:44 3219 [34mINFO [0;39m [module.name_IS_UNDEFINED|main]
                    o.s.context.support.PostProcessorRegistrationDelegate$BeanPostProcessorChecker - Bean 'spring.datasource-org.springframework.boot.autoconfigure.jdbc.DataSourceProperties' of type [org.springframework.boot.autoconfigure.jdbc.DataSourceProperties] is not eligible for getting processed by all BeanPostProcessors (for example: not eligible for auto-proxying)
2021-03-01 09:13:44 3250 [34mINFO [0;39m [module.name_IS_UNDEFINED|main]
                    o.s.context.support.PostProcessorRegistrationDelegate$BeanPostProcessorChecker - Bean 'dataSource' of type [com.zaxxer.hikari.HikariDataSource] is not eligible for getting processed by all BeanPostProcessors (for example: not eligible for auto-proxying)
2021-03-01 09:13:44 3495 [34mINFO [0;39m [module.name_IS_UNDEFINED|main]
                    o.s.context.support.PostProcessorRegistrationDelegate$BeanPostProcessorChecker - Bean 'sqlSessionFactory' of type [org.apache.ibatis.session.defaults.DefaultSqlSessionFactory] is not eligible for getting processed by all BeanPostProcessors (for example: not eligible for auto-proxying)
2021-03-01 09:13:44 3499 [34mINFO [0;39m [module.name_IS_UNDEFINED|main]
                    o.s.context.support.PostProcessorRegistrationDelegate$BeanPostProcessorChecker - Bean 'sqlSessionTemplate' of type [org.mybatis.spring.SqlSessionTemplate] is not eligible for getting processed by all BeanPostProcessors (for example: not eligible for auto-proxying)
2021-03-01 09:13:44 3501 [34mINFO [0;39m [module.name_IS_UNDEFINED|main]
                    o.s.context.support.PostProcessorRegistrationDelegate$BeanPostProcessorChecker - Bean 'loginMapper' of type [org.mybatis.spring.mapper.MapperFactoryBean] is not eligible for getting processed by all BeanPostProcessors (for example: not eligible for auto-proxying)
2021-03-01 09:13:44 3502 [34mINFO [0;39m [module.name_IS_UNDEFINED|main]
                    o.s.context.support.PostProcessorRegistrationDelegate$BeanPostProcessorChecker - Bean 'loginMapper' of type [com.sun.proxy.$Proxy74] is not eligible for getting processed by all BeanPostProcessors (for example: not eligible for auto-proxying)
2021-03-01 09:13:44 3506 [34mINFO [0;39m [module.name_IS_UNDEFINED|main]
                    o.s.context.support.PostProcessorRegistrationDelegate$BeanPostProcessorChecker - Bean 'redisConfig' of type [com.example.demo.login.redis.RedisConfig$$EnhancerBySpringCGLIB$$9d165e4d] is not eligible for getting processed by all BeanPostProcessors (for example: not eligible for auto-proxying)
2021-03-01 09:13:44 3516 [34mINFO [0;39m [module.name_IS_UNDEFINED|main]
                    o.s.context.support.PostProcessorRegistrationDelegate$BeanPostProcessorChecker - Bean 'spring.redis-org.springframework.boot.autoconfigure.data.redis.RedisProperties' of type [org.springframework.boot.autoconfigure.data.redis.RedisProperties] is not eligible for getting processed by all BeanPostProcessors (for example: not eligible for auto-proxying)
2021-03-01 09:13:44 3517 [34mINFO [0;39m [module.name_IS_UNDEFINED|main]
                    o.s.context.support.PostProcessorRegistrationDelegate$BeanPostProcessorChecker - Bean 'org.springframework.boot.autoconfigure.data.redis.LettuceConnectionConfiguration' of type [org.springframework.boot.autoconfigure.data.redis.LettuceConnectionConfiguration] is not eligible for getting processed by all BeanPostProcessors (for example: not eligible for auto-proxying)
2021-03-01 09:13:44 3621 [34mINFO [0;39m [module.name_IS_UNDEFINED|main]
                    o.s.context.support.PostProcessorRegistrationDelegate$BeanPostProcessorChecker - Bean 'lettuceClientResources' of type [io.lettuce.core.resource.DefaultClientResources] is not eligible for getting processed by all BeanPostProcessors (for example: not eligible for auto-proxying)
2021-03-01 09:13:44 3783 [34mINFO [0;39m [module.name_IS_UNDEFINED|main]
                    o.s.context.support.PostProcessorRegistrationDelegate$BeanPostProcessorChecker - Bean 'redisConnectionFactory' of type [org.springframework.data.redis.connection.lettuce.LettuceConnectionFactory] is not eligible for getting processed by all BeanPostProcessors (for example: not eligible for auto-proxying)
2021-03-01 09:13:45 3893 [34mINFO [0;39m [module.name_IS_UNDEFINED|main]
                    o.s.context.support.PostProcessorRegistrationDelegate$BeanPostProcessorChecker - Bean 'redisTemplate' of type [org.springframework.data.redis.core.RedisTemplate] is not eligible for getting processed by all BeanPostProcessors (for example: not eligible for auto-proxying)
2021-03-01 09:13:45 3894 [34mINFO [0;39m [module.name_IS_UNDEFINED|main]
                    o.s.context.support.PostProcessorRegistrationDelegate$BeanPostProcessorChecker - Bean 'redisClient' of type [com.example.demo.login.redis.RedisClient] is not eligible for getting processed by all BeanPostProcessors (for example: not eligible for auto-proxying)
2021-03-01 09:13:45 3895 [34mINFO [0;39m [module.name_IS_UNDEFINED|main]
                    o.s.context.support.PostProcessorRegistrationDelegate$BeanPostProcessorChecker - Bean 'userRealm' of type [com.example.demo.login.config.shiro.UserRealm] is not eligible for getting processed by all BeanPostProcessors (for example: not eligible for auto-proxying)
2021-03-01 09:13:45 4881 [34mINFO [0;39m [module.name_IS_UNDEFINED|main]
                    o.s.context.support.PostProcessorRegistrationDelegate$BeanPostProcessorChecker - Bean 'securityManager' of type [org.apache.shiro.web.mgt.DefaultWebSecurityManager] is not eligible for getting processed by all BeanPostProcessors (for example: not eligible for auto-proxying)
2021-03-01 09:13:46 4894 [34mINFO [0;39m [module.name_IS_UNDEFINED|main]
                    o.s.context.support.PostProcessorRegistrationDelegate$BeanPostProcessorChecker - Bean 'jwtFilter' of type [com.example.demo.login.filter.JwtFilter] is not eligible for getting processed by all BeanPostProcessors (for example: not eligible for auto-proxying)
2021-03-01 09:13:46 4911 [34mINFO [0;39m [module.name_IS_UNDEFINED|main]
                    o.s.context.support.PostProcessorRegistrationDelegate$BeanPostProcessorChecker - Bean 'authorizationAttributeSourceAdvisor' of type [org.apache.shiro.spring.security.interceptor.AuthorizationAttributeSourceAdvisor] is not eligible for getting processed by all BeanPostProcessors (for example: not eligible for auto-proxying)
2021-03-01 09:13:46 5334 [34mINFO [0;39m [module.name_IS_UNDEFINED|main]
                    org.springframework.boot.web.embedded.tomcat.TomcatWebServer - Tomcat initialized with port(s): 8081 (http)
2021-03-01 09:13:46 5345 [34mINFO [0;39m [module.name_IS_UNDEFINED|main]
                    org.apache.coyote.http11.Http11NioProtocol - Initializing ProtocolHandler ["http-nio-8081"]
2021-03-01 09:13:46 5345 [34mINFO [0;39m [module.name_IS_UNDEFINED|main]
                    org.apache.catalina.core.StandardService - Starting service [Tomcat]
2021-03-01 09:13:46 5346 [34mINFO [0;39m [module.name_IS_UNDEFINED|main]
                    org.apache.catalina.core.StandardEngine - Starting Servlet engine: [Apache Tomcat/9.0.41]
2021-03-01 09:13:46 5599 [34mINFO [0;39m [module.name_IS_UNDEFINED|main]
                    org.apache.catalina.core.ContainerBase.[Tomcat].[localhost].[/] - Initializing Spring embedded WebApplicationContext
2021-03-01 09:13:46 5599 [34mINFO [0;39m [module.name_IS_UNDEFINED|main]
                    org.springframework.boot.web.servlet.context.ServletWebServerApplicationContext - Root WebApplicationContext: initialization completed in 4413 ms
2021-03-01 09:13:46 5798 [34mINFO [0;39m [module.name_IS_UNDEFINED|main]
                    com.zaxxer.hikari.HikariDataSource - travel - Starting...
2021-03-01 09:13:47 5968 [34mINFO [0;39m [module.name_IS_UNDEFINED|main]
                    com.zaxxer.hikari.HikariDataSource - travel - Start completed.
2021-03-01 09:13:47 6097 [34mINFO [0;39m [module.name_IS_UNDEFINED|main]
                    org.hibernate.jpa.internal.util.LogHelper - HHH000204: Processing PersistenceUnitInfo [name: default]
2021-03-01 09:13:47 6163 [34mINFO [0;39m [module.name_IS_UNDEFINED|main]
                    org.hibernate.Version - HHH000412: Hibernate ORM core version 5.4.25.Final
2021-03-01 09:13:47 6327 [34mINFO [0;39m [module.name_IS_UNDEFINED|main]
                    org.hibernate.annotations.common.Version - HCANN000001: Hibernate Commons Annotations {5.1.2.Final}
2021-03-01 09:13:47 6496 [34mINFO [0;39m [module.name_IS_UNDEFINED|main]
                    org.hibernate.dialect.Dialect - HHH000400: Using dialect: org.hibernate.dialect.MySQL57Dialect
2021-03-01 09:13:48 7267 [34mINFO [0;39m [module.name_IS_UNDEFINED|main]
                    org.hibernate.engine.transaction.jta.platform.internal.JtaPlatformInitiator - HHH000490: Using JtaPlatform implementation: [org.hibernate.engine.transaction.jta.platform.internal.NoJtaPlatform]
2021-03-01 09:13:48 7280 [34mINFO [0;39m [module.name_IS_UNDEFINED|main]
                    org.springframework.orm.jpa.LocalContainerEntityManagerFactoryBean - Initialized JPA EntityManagerFactory for persistence unit 'default'
2021-03-01 09:13:49 7946 [34mINFO [0;39m [module.name_IS_UNDEFINED|main]
                    springfox.documentation.spring.web.PropertySourcedRequestMappingHandlerMapping - Mapped URL path [/v2/api-docs] onto method [springfox.documentation.swagger2.web.Swagger2Controller#getDocumentation(String, HttpServletRequest)]
2021-03-01 09:13:49 8286 [34mINFO [0;39m [module.name_IS_UNDEFINED|main]
                    org.springframework.scheduling.concurrent.ThreadPoolTaskExecutor - Initializing ExecutorService 'applicationTaskExecutor'
2021-03-01 09:13:49 8853 [34mINFO [0;39m [module.name_IS_UNDEFINED|main]
                    org.apache.coyote.http11.Http11NioProtocol - Starting ProtocolHandler ["http-nio-8081"]
2021-03-01 09:13:49 8879 [34mINFO [0;39m [module.name_IS_UNDEFINED|main]
                    org.springframework.boot.web.embedded.tomcat.TomcatWebServer - Tomcat started on port(s): 8081 (http) with context path ''
2021-03-01 09:13:49 8880 [34mINFO [0;39m [module.name_IS_UNDEFINED|main]
                    springfox.documentation.spring.web.plugins.DocumentationPluginsBootstrapper - Context refreshed
2021-03-01 09:13:50 8899 [34mINFO [0;39m [module.name_IS_UNDEFINED|main]
                    springfox.documentation.spring.web.plugins.DocumentationPluginsBootstrapper - Found 1 custom documentation plugin(s)
2021-03-01 09:13:50 8937 [34mINFO [0;39m [module.name_IS_UNDEFINED|main]
                    springfox.documentation.spring.web.scanners.ApiListingReferenceScanner - Scanning for api listing references
2021-03-01 09:13:50 9292 [34mINFO [0;39m [module.name_IS_UNDEFINED|main]
                    s.documentation.spring.web.readers.operation.CachingOperationNameGenerator - Generating unique operation named: loginUsingGET_1
2021-03-01 09:13:50 9340 [34mINFO [0;39m [module.name_IS_UNDEFINED|main]
                    com.example.demo.DemoApplication - Started DemoApplication in 8.91 seconds (JVM running for 11.353)
2021-03-01 09:18:43 302394 [34mINFO [0;39m [module.name_IS_UNDEFINED|http-nio-8081-exec-1]
                    org.apache.catalina.core.ContainerBase.[Tomcat].[localhost].[/] - Initializing Spring DispatcherServlet 'dispatcherServlet'
2021-03-01 09:18:43 302394 [34mINFO [0;39m [module.name_IS_UNDEFINED|http-nio-8081-exec-1]
                    org.springframework.web.servlet.DispatcherServlet - Initializing Servlet 'dispatcherServlet'
2021-03-01 09:18:43 302397 [34mINFO [0;39m [module.name_IS_UNDEFINED|http-nio-8081-exec-1]
                    org.springframework.web.servlet.DispatcherServlet - Completed initialization in 3 ms
