2021-03-11 13:51:02 1271 [34mINFO [0;39m [module.name_IS_UNDEFINED|main]
                    com.example.demo.DemoApplication - Starting DemoApplication using Java 1.8.0_241 on DESKTOP-5TN1T53 with PID 23212 (C:\Users\Administrator\Desktop\毕业设计项目\旅游网\demo\target\classes started by Administrator in C:\Users\Administrator\Desktop\毕业设计项目\旅游网\demo)
2021-03-11 13:51:02 1274 [34mINFO [0;39m [module.name_IS_UNDEFINED|main]
                    com.example.demo.DemoApplication - The following profiles are active: dev
2021-03-11 13:51:03 2972 [34mINFO [0;39m [module.name_IS_UNDEFINED|main]
                    org.springframework.data.repository.config.RepositoryConfigurationDelegate - Multiple Spring Data modules found, entering strict repository configuration mode!
2021-03-11 13:51:03 2973 [34mINFO [0;39m [module.name_IS_UNDEFINED|main]
                    org.springframework.data.repository.config.RepositoryConfigurationDelegate - Bootstrapping Spring Data JPA repositories in DEFAULT mode.
2021-03-11 13:51:04 3092 [34mINFO [0;39m [module.name_IS_UNDEFINED|main]
                    org.springframework.data.repository.config.RepositoryConfigurationDelegate - Finished Spring Data repository scanning in 107 ms. Found 0 JPA repository interfaces.
2021-03-11 13:51:04 3116 [34mINFO [0;39m [module.name_IS_UNDEFINED|main]
                    org.springframework.data.repository.config.RepositoryConfigurationDelegate - Multiple Spring Data modules found, entering strict repository configuration mode!
2021-03-11 13:51:04 3117 [34mINFO [0;39m [module.name_IS_UNDEFINED|main]
                    org.springframework.data.repository.config.RepositoryConfigurationDelegate - Bootstrapping Spring Data Redis repositories in DEFAULT mode.
2021-03-11 13:51:04 3246 [34mINFO [0;39m [module.name_IS_UNDEFINED|main]
                    org.springframework.data.repository.config.RepositoryConfigurationDelegate - Finished Spring Data repository scanning in 111 ms. Found 0 Redis repository interfaces.
2021-03-11 13:51:04 3565 [34mINFO [0;39m [module.name_IS_UNDEFINED|main]
                    o.s.context.support.PostProcessorRegistrationDelegate$BeanPostProcessorChecker - Bean 'shiroConfig' of type [com.example.demo.login.config.shiro.ShiroConfig$$EnhancerBySpringCGLIB$$39670209] is not eligible for getting processed by all BeanPostProcessors (for example: not eligible for auto-proxying)
2021-03-11 13:51:04 3751 [34mINFO [0;39m [module.name_IS_UNDEFINED|main]
                    o.s.context.support.PostProcessorRegistrationDelegate$BeanPostProcessorChecker - Bean 'mybatis-org.mybatis.spring.boot.autoconfigure.MybatisProperties' of type [org.mybatis.spring.boot.autoconfigure.MybatisProperties] is not eligible for getting processed by all BeanPostProcessors (for example: not eligible for auto-proxying)
2021-03-11 13:51:04 3758 [34mINFO [0;39m [module.name_IS_UNDEFINED|main]
                    o.s.context.support.PostProcessorRegistrationDelegate$BeanPostProcessorChecker - Bean 'org.mybatis.spring.boot.autoconfigure.MybatisAutoConfiguration' of type [org.mybatis.spring.boot.autoconfigure.MybatisAutoConfiguration$$EnhancerBySpringCGLIB$$fb44028b] is not eligible for getting processed by all BeanPostProcessors (for example: not eligible for auto-proxying)
2021-03-11 13:51:04 3760 [34mINFO [0;39m [module.name_IS_UNDEFINED|main]
                    o.s.context.support.PostProcessorRegistrationDelegate$BeanPostProcessorChecker - Bean 'org.springframework.boot.autoconfigure.jdbc.DataSourceConfiguration$Hikari' of type [org.springframework.boot.autoconfigure.jdbc.DataSourceConfiguration$Hikari] is not eligible for getting processed by all BeanPostProcessors (for example: not eligible for auto-proxying)
2021-03-11 13:51:04 3777 [34mINFO [0;39m [module.name_IS_UNDEFINED|main]
                    o.s.context.support.PostProcessorRegistrationDelegate$BeanPostProcessorChecker - Bean 'spring.datasource-org.springframework.boot.autoconfigure.jdbc.DataSourceProperties' of type [org.springframework.boot.autoconfigure.jdbc.DataSourceProperties] is not eligible for getting processed by all BeanPostProcessors (for example: not eligible for auto-proxying)
2021-03-11 13:51:04 3811 [34mINFO [0;39m [module.name_IS_UNDEFINED|main]
                    o.s.context.support.PostProcessorRegistrationDelegate$BeanPostProcessorChecker - Bean 'dataSource' of type [com.zaxxer.hikari.HikariDataSource] is not eligible for getting processed by all BeanPostProcessors (for example: not eligible for auto-proxying)
2021-03-11 13:51:05 4126 [34mINFO [0;39m [module.name_IS_UNDEFINED|main]
                    o.s.context.support.PostProcessorRegistrationDelegate$BeanPostProcessorChecker - Bean 'sqlSessionFactory' of type [org.apache.ibatis.session.defaults.DefaultSqlSessionFactory] is not eligible for getting processed by all BeanPostProcessors (for example: not eligible for auto-proxying)
2021-03-11 13:51:05 4131 [34mINFO [0;39m [module.name_IS_UNDEFINED|main]
                    o.s.context.support.PostProcessorRegistrationDelegate$BeanPostProcessorChecker - Bean 'sqlSessionTemplate' of type [org.mybatis.spring.SqlSessionTemplate] is not eligible for getting processed by all BeanPostProcessors (for example: not eligible for auto-proxying)
2021-03-11 13:51:05 4132 [34mINFO [0;39m [module.name_IS_UNDEFINED|main]
                    o.s.context.support.PostProcessorRegistrationDelegate$BeanPostProcessorChecker - Bean 'loginMapper' of type [org.mybatis.spring.mapper.MapperFactoryBean] is not eligible for getting processed by all BeanPostProcessors (for example: not eligible for auto-proxying)
2021-03-11 13:51:05 4134 [34mINFO [0;39m [module.name_IS_UNDEFINED|main]
                    o.s.context.support.PostProcessorRegistrationDelegate$BeanPostProcessorChecker - Bean 'loginMapper' of type [com.sun.proxy.$Proxy74] is not eligible for getting processed by all BeanPostProcessors (for example: not eligible for auto-proxying)
2021-03-11 13:51:05 4136 [34mINFO [0;39m [module.name_IS_UNDEFINED|main]
                    o.s.context.support.PostProcessorRegistrationDelegate$BeanPostProcessorChecker - Bean 'redisConfig' of type [com.example.demo.login.redis.RedisConfig$$EnhancerBySpringCGLIB$$605d57ab] is not eligible for getting processed by all BeanPostProcessors (for example: not eligible for auto-proxying)
2021-03-11 13:51:05 4146 [34mINFO [0;39m [module.name_IS_UNDEFINED|main]
                    o.s.context.support.PostProcessorRegistrationDelegate$BeanPostProcessorChecker - Bean 'spring.redis-org.springframework.boot.autoconfigure.data.redis.RedisProperties' of type [org.springframework.boot.autoconfigure.data.redis.RedisProperties] is not eligible for getting processed by all BeanPostProcessors (for example: not eligible for auto-proxying)
2021-03-11 13:51:05 4147 [34mINFO [0;39m [module.name_IS_UNDEFINED|main]
                    o.s.context.support.PostProcessorRegistrationDelegate$BeanPostProcessorChecker - Bean 'org.springframework.boot.autoconfigure.data.redis.LettuceConnectionConfiguration' of type [org.springframework.boot.autoconfigure.data.redis.LettuceConnectionConfiguration] is not eligible for getting processed by all BeanPostProcessors (for example: not eligible for auto-proxying)
2021-03-11 13:51:05 4275 [34mINFO [0;39m [module.name_IS_UNDEFINED|main]
                    o.s.context.support.PostProcessorRegistrationDelegate$BeanPostProcessorChecker - Bean 'lettuceClientResources' of type [io.lettuce.core.resource.DefaultClientResources] is not eligible for getting processed by all BeanPostProcessors (for example: not eligible for auto-proxying)
2021-03-11 13:51:05 4495 [34mINFO [0;39m [module.name_IS_UNDEFINED|main]
                    o.s.context.support.PostProcessorRegistrationDelegate$BeanPostProcessorChecker - Bean 'redisConnectionFactory' of type [org.springframework.data.redis.connection.lettuce.LettuceConnectionFactory] is not eligible for getting processed by all BeanPostProcessors (for example: not eligible for auto-proxying)
2021-03-11 13:51:05 4593 [34mINFO [0;39m [module.name_IS_UNDEFINED|main]
                    o.s.context.support.PostProcessorRegistrationDelegate$BeanPostProcessorChecker - Bean 'redisTemplate' of type [org.springframework.data.redis.core.RedisTemplate] is not eligible for getting processed by all BeanPostProcessors (for example: not eligible for auto-proxying)
2021-03-11 13:51:05 4593 [34mINFO [0;39m [module.name_IS_UNDEFINED|main]
                    o.s.context.support.PostProcessorRegistrationDelegate$BeanPostProcessorChecker - Bean 'redisClient' of type [com.example.demo.login.redis.RedisClient] is not eligible for getting processed by all BeanPostProcessors (for example: not eligible for auto-proxying)
2021-03-11 13:51:05 4594 [34mINFO [0;39m [module.name_IS_UNDEFINED|main]
                    o.s.context.support.PostProcessorRegistrationDelegate$BeanPostProcessorChecker - Bean 'userRealm' of type [com.example.demo.login.config.shiro.UserRealm] is not eligible for getting processed by all BeanPostProcessors (for example: not eligible for auto-proxying)
2021-03-11 13:51:06 5628 [34mINFO [0;39m [module.name_IS_UNDEFINED|main]
                    o.s.context.support.PostProcessorRegistrationDelegate$BeanPostProcessorChecker - Bean 'securityManager' of type [org.apache.shiro.web.mgt.DefaultWebSecurityManager] is not eligible for getting processed by all BeanPostProcessors (for example: not eligible for auto-proxying)
2021-03-11 13:51:06 5642 [34mINFO [0;39m [module.name_IS_UNDEFINED|main]
                    o.s.context.support.PostProcessorRegistrationDelegate$BeanPostProcessorChecker - Bean 'jwtFilter' of type [com.example.demo.login.filter.JwtFilter] is not eligible for getting processed by all BeanPostProcessors (for example: not eligible for auto-proxying)
2021-03-11 13:51:06 5661 [34mINFO [0;39m [module.name_IS_UNDEFINED|main]
                    o.s.context.support.PostProcessorRegistrationDelegate$BeanPostProcessorChecker - Bean 'authorizationAttributeSourceAdvisor' of type [org.apache.shiro.spring.security.interceptor.AuthorizationAttributeSourceAdvisor] is not eligible for getting processed by all BeanPostProcessors (for example: not eligible for auto-proxying)
2021-03-11 13:51:07 6097 [34mINFO [0;39m [module.name_IS_UNDEFINED|main]
                    org.springframework.boot.web.embedded.tomcat.TomcatWebServer - Tomcat initialized with port(s): 8081 (http)
2021-03-11 13:51:07 6109 [34mINFO [0;39m [module.name_IS_UNDEFINED|main]
                    org.apache.coyote.http11.Http11NioProtocol - Initializing ProtocolHandler ["http-nio-8081"]
2021-03-11 13:51:07 6110 [34mINFO [0;39m [module.name_IS_UNDEFINED|main]
                    org.apache.catalina.core.StandardService - Starting service [Tomcat]
2021-03-11 13:51:07 6110 [34mINFO [0;39m [module.name_IS_UNDEFINED|main]
                    org.apache.catalina.core.StandardEngine - Starting Servlet engine: [Apache Tomcat/9.0.41]
2021-03-11 13:51:07 6361 [34mINFO [0;39m [module.name_IS_UNDEFINED|main]
                    org.apache.catalina.core.ContainerBase.[Tomcat].[localhost].[/] - Initializing Spring embedded WebApplicationContext
2021-03-11 13:51:07 6361 [34mINFO [0;39m [module.name_IS_UNDEFINED|main]
                    org.springframework.boot.web.servlet.context.ServletWebServerApplicationContext - Root WebApplicationContext: initialization completed in 5014 ms
2021-03-11 13:51:07 6596 [34mINFO [0;39m [module.name_IS_UNDEFINED|main]
                    com.zaxxer.hikari.HikariDataSource - travel - Starting...
2021-03-11 13:51:07 6803 [34mINFO [0;39m [module.name_IS_UNDEFINED|main]
                    com.zaxxer.hikari.HikariDataSource - travel - Start completed.
2021-03-11 13:51:07 6950 [34mINFO [0;39m [module.name_IS_UNDEFINED|main]
                    org.hibernate.jpa.internal.util.LogHelper - HHH000204: Processing PersistenceUnitInfo [name: default]
2021-03-11 13:51:08 7043 [34mINFO [0;39m [module.name_IS_UNDEFINED|main]
                    org.hibernate.Version - HHH000412: Hibernate ORM core version 5.4.25.Final
2021-03-11 13:51:08 7260 [34mINFO [0;39m [module.name_IS_UNDEFINED|main]
                    org.hibernate.annotations.common.Version - HCANN000001: Hibernate Commons Annotations {5.1.2.Final}
2021-03-11 13:51:08 7448 [34mINFO [0;39m [module.name_IS_UNDEFINED|main]
                    org.hibernate.dialect.Dialect - HHH000400: Using dialect: org.hibernate.dialect.MySQL57Dialect
2021-03-11 13:51:09 8344 [34mINFO [0;39m [module.name_IS_UNDEFINED|main]
                    org.hibernate.engine.transaction.jta.platform.internal.JtaPlatformInitiator - HHH000490: Using JtaPlatform implementation: [org.hibernate.engine.transaction.jta.platform.internal.NoJtaPlatform]
2021-03-11 13:51:09 8359 [34mINFO [0;39m [module.name_IS_UNDEFINED|main]
                    org.springframework.orm.jpa.LocalContainerEntityManagerFactoryBean - Initialized JPA EntityManagerFactory for persistence unit 'default'
2021-03-11 13:51:10 9222 [34mINFO [0;39m [module.name_IS_UNDEFINED|main]
                    springfox.documentation.spring.web.PropertySourcedRequestMappingHandlerMapping - Mapped URL path [/v2/api-docs] onto method [springfox.documentation.swagger2.web.Swagger2Controller#getDocumentation(String, HttpServletRequest)]
2021-03-11 13:51:10 9401 [34mINFO [0;39m [module.name_IS_UNDEFINED|main]
                    org.springframework.scheduling.concurrent.ThreadPoolTaskExecutor - Initializing ExecutorService 'applicationTaskExecutor'
2021-03-11 13:51:11 10001 [34mINFO [0;39m [module.name_IS_UNDEFINED|main]
                    org.apache.coyote.http11.Http11NioProtocol - Starting ProtocolHandler ["http-nio-8081"]
2021-03-11 13:51:11 10022 [34mINFO [0;39m [module.name_IS_UNDEFINED|main]
                    org.springframework.boot.web.embedded.tomcat.TomcatWebServer - Tomcat started on port(s): 8081 (http) with context path ''
2021-03-11 13:51:11 10024 [34mINFO [0;39m [module.name_IS_UNDEFINED|main]
                    springfox.documentation.spring.web.plugins.DocumentationPluginsBootstrapper - Context refreshed
2021-03-11 13:51:11 10044 [34mINFO [0;39m [module.name_IS_UNDEFINED|main]
                    springfox.documentation.spring.web.plugins.DocumentationPluginsBootstrapper - Found 1 custom documentation plugin(s)
2021-03-11 13:51:11 10084 [34mINFO [0;39m [module.name_IS_UNDEFINED|main]
                    springfox.documentation.spring.web.scanners.ApiListingReferenceScanner - Scanning for api listing references
2021-03-11 13:51:11 10423 [34mINFO [0;39m [module.name_IS_UNDEFINED|main]
                    s.documentation.spring.web.readers.operation.CachingOperationNameGenerator - Generating unique operation named: loginUsingGET_1
2021-03-11 13:51:11 10454 [34mINFO [0;39m [module.name_IS_UNDEFINED|main]
                    com.example.demo.DemoApplication - Started DemoApplication in 9.957 seconds (JVM running for 12.972)
2021-03-11 13:52:06 65397 [34mINFO [0;39m [module.name_IS_UNDEFINED|http-nio-8081-exec-1]
                    org.apache.catalina.core.ContainerBase.[Tomcat].[localhost].[/] - Initializing Spring DispatcherServlet 'dispatcherServlet'
2021-03-11 13:52:06 65398 [34mINFO [0;39m [module.name_IS_UNDEFINED|http-nio-8081-exec-1]
                    org.springframework.web.servlet.DispatcherServlet - Initializing Servlet 'dispatcherServlet'
2021-03-11 13:52:06 65399 [34mINFO [0;39m [module.name_IS_UNDEFINED|http-nio-8081-exec-1]
                    org.springframework.web.servlet.DispatcherServlet - Completed initialization in 1 ms
2021-03-11 15:28:41 1128 [34mINFO [0;39m [module.name_IS_UNDEFINED|main]
                    com.example.demo.DemoApplication - Starting DemoApplication using Java 1.8.0_241 on DESKTOP-5TN1T53 with PID 8072 (C:\Users\Administrator\Desktop\毕业设计项目\旅游网\demo\target\classes started by Administrator in C:\Users\Administrator\Desktop\毕业设计项目\旅游网\demo)
2021-03-11 15:28:41 1131 [34mINFO [0;39m [module.name_IS_UNDEFINED|main]
                    com.example.demo.DemoApplication - The following profiles are active: dev
2021-03-11 15:28:42 2751 [34mINFO [0;39m [module.name_IS_UNDEFINED|main]
                    org.springframework.data.repository.config.RepositoryConfigurationDelegate - Multiple Spring Data modules found, entering strict repository configuration mode!
2021-03-11 15:28:42 2752 [34mINFO [0;39m [module.name_IS_UNDEFINED|main]
                    org.springframework.data.repository.config.RepositoryConfigurationDelegate - Bootstrapping Spring Data JPA repositories in DEFAULT mode.
2021-03-11 15:28:42 2944 [34mINFO [0;39m [module.name_IS_UNDEFINED|main]
                    org.springframework.data.repository.config.RepositoryConfigurationDelegate - Finished Spring Data repository scanning in 176 ms. Found 0 JPA repository interfaces.
2021-03-11 15:28:42 2973 [34mINFO [0;39m [module.name_IS_UNDEFINED|main]
                    org.springframework.data.repository.config.RepositoryConfigurationDelegate - Multiple Spring Data modules found, entering strict repository configuration mode!
2021-03-11 15:28:42 2975 [34mINFO [0;39m [module.name_IS_UNDEFINED|main]
                    org.springframework.data.repository.config.RepositoryConfigurationDelegate - Bootstrapping Spring Data Redis repositories in DEFAULT mode.
2021-03-11 15:28:43 3079 [34mINFO [0;39m [module.name_IS_UNDEFINED|main]
                    org.springframework.data.repository.config.RepositoryConfigurationDelegate - Finished Spring Data repository scanning in 90 ms. Found 0 Redis repository interfaces.
2021-03-11 15:28:43 3392 [34mINFO [0;39m [module.name_IS_UNDEFINED|main]
                    o.s.context.support.PostProcessorRegistrationDelegate$BeanPostProcessorChecker - Bean 'shiroConfig' of type [com.example.demo.login.config.shiro.ShiroConfig$$EnhancerBySpringCGLIB$$39670209] is not eligible for getting processed by all BeanPostProcessors (for example: not eligible for auto-proxying)
2021-03-11 15:28:43 3600 [34mINFO [0;39m [module.name_IS_UNDEFINED|main]
                    o.s.context.support.PostProcessorRegistrationDelegate$BeanPostProcessorChecker - Bean 'mybatis-org.mybatis.spring.boot.autoconfigure.MybatisProperties' of type [org.mybatis.spring.boot.autoconfigure.MybatisProperties] is not eligible for getting processed by all BeanPostProcessors (for example: not eligible for auto-proxying)
2021-03-11 15:28:43 3609 [34mINFO [0;39m [module.name_IS_UNDEFINED|main]
                    o.s.context.support.PostProcessorRegistrationDelegate$BeanPostProcessorChecker - Bean 'org.mybatis.spring.boot.autoconfigure.MybatisAutoConfiguration' of type [org.mybatis.spring.boot.autoconfigure.MybatisAutoConfiguration$$EnhancerBySpringCGLIB$$fb44028b] is not eligible for getting processed by all BeanPostProcessors (for example: not eligible for auto-proxying)
2021-03-11 15:28:43 3613 [34mINFO [0;39m [module.name_IS_UNDEFINED|main]
                    o.s.context.support.PostProcessorRegistrationDelegate$BeanPostProcessorChecker - Bean 'org.springframework.boot.autoconfigure.jdbc.DataSourceConfiguration$Hikari' of type [org.springframework.boot.autoconfigure.jdbc.DataSourceConfiguration$Hikari] is not eligible for getting processed by all BeanPostProcessors (for example: not eligible for auto-proxying)
2021-03-11 15:28:43 3630 [34mINFO [0;39m [module.name_IS_UNDEFINED|main]
                    o.s.context.support.PostProcessorRegistrationDelegate$BeanPostProcessorChecker - Bean 'spring.datasource-org.springframework.boot.autoconfigure.jdbc.DataSourceProperties' of type [org.springframework.boot.autoconfigure.jdbc.DataSourceProperties] is not eligible for getting processed by all BeanPostProcessors (for example: not eligible for auto-proxying)
2021-03-11 15:28:43 3662 [34mINFO [0;39m [module.name_IS_UNDEFINED|main]
                    o.s.context.support.PostProcessorRegistrationDelegate$BeanPostProcessorChecker - Bean 'dataSource' of type [com.zaxxer.hikari.HikariDataSource] is not eligible for getting processed by all BeanPostProcessors (for example: not eligible for auto-proxying)
2021-03-11 15:28:43 3959 [34mINFO [0;39m [module.name_IS_UNDEFINED|main]
                    o.s.context.support.PostProcessorRegistrationDelegate$BeanPostProcessorChecker - Bean 'sqlSessionFactory' of type [org.apache.ibatis.session.defaults.DefaultSqlSessionFactory] is not eligible for getting processed by all BeanPostProcessors (for example: not eligible for auto-proxying)
2021-03-11 15:28:43 3965 [34mINFO [0;39m [module.name_IS_UNDEFINED|main]
                    o.s.context.support.PostProcessorRegistrationDelegate$BeanPostProcessorChecker - Bean 'sqlSessionTemplate' of type [org.mybatis.spring.SqlSessionTemplate] is not eligible for getting processed by all BeanPostProcessors (for example: not eligible for auto-proxying)
2021-03-11 15:28:43 3966 [34mINFO [0;39m [module.name_IS_UNDEFINED|main]
                    o.s.context.support.PostProcessorRegistrationDelegate$BeanPostProcessorChecker - Bean 'loginMapper' of type [org.mybatis.spring.mapper.MapperFactoryBean] is not eligible for getting processed by all BeanPostProcessors (for example: not eligible for auto-proxying)
2021-03-11 15:28:43 3967 [34mINFO [0;39m [module.name_IS_UNDEFINED|main]
                    o.s.context.support.PostProcessorRegistrationDelegate$BeanPostProcessorChecker - Bean 'loginMapper' of type [com.sun.proxy.$Proxy74] is not eligible for getting processed by all BeanPostProcessors (for example: not eligible for auto-proxying)
2021-03-11 15:28:43 3972 [34mINFO [0;39m [module.name_IS_UNDEFINED|main]
                    o.s.context.support.PostProcessorRegistrationDelegate$BeanPostProcessorChecker - Bean 'redisConfig' of type [com.example.demo.login.redis.RedisConfig$$EnhancerBySpringCGLIB$$605d57ab] is not eligible for getting processed by all BeanPostProcessors (for example: not eligible for auto-proxying)
2021-03-11 15:28:43 3982 [34mINFO [0;39m [module.name_IS_UNDEFINED|main]
                    o.s.context.support.PostProcessorRegistrationDelegate$BeanPostProcessorChecker - Bean 'spring.redis-org.springframework.boot.autoconfigure.data.redis.RedisProperties' of type [org.springframework.boot.autoconfigure.data.redis.RedisProperties] is not eligible for getting processed by all BeanPostProcessors (for example: not eligible for auto-proxying)
2021-03-11 15:28:43 3983 [34mINFO [0;39m [module.name_IS_UNDEFINED|main]
                    o.s.context.support.PostProcessorRegistrationDelegate$BeanPostProcessorChecker - Bean 'org.springframework.boot.autoconfigure.data.redis.LettuceConnectionConfiguration' of type [org.springframework.boot.autoconfigure.data.redis.LettuceConnectionConfiguration] is not eligible for getting processed by all BeanPostProcessors (for example: not eligible for auto-proxying)
2021-03-11 15:28:44 4108 [34mINFO [0;39m [module.name_IS_UNDEFINED|main]
                    o.s.context.support.PostProcessorRegistrationDelegate$BeanPostProcessorChecker - Bean 'lettuceClientResources' of type [io.lettuce.core.resource.DefaultClientResources] is not eligible for getting processed by all BeanPostProcessors (for example: not eligible for auto-proxying)
2021-03-11 15:28:44 4294 [34mINFO [0;39m [module.name_IS_UNDEFINED|main]
                    o.s.context.support.PostProcessorRegistrationDelegate$BeanPostProcessorChecker - Bean 'redisConnectionFactory' of type [org.springframework.data.redis.connection.lettuce.LettuceConnectionFactory] is not eligible for getting processed by all BeanPostProcessors (for example: not eligible for auto-proxying)
2021-03-11 15:28:44 4387 [34mINFO [0;39m [module.name_IS_UNDEFINED|main]
                    o.s.context.support.PostProcessorRegistrationDelegate$BeanPostProcessorChecker - Bean 'redisTemplate' of type [org.springframework.data.redis.core.RedisTemplate] is not eligible for getting processed by all BeanPostProcessors (for example: not eligible for auto-proxying)
2021-03-11 15:28:44 4388 [34mINFO [0;39m [module.name_IS_UNDEFINED|main]
                    o.s.context.support.PostProcessorRegistrationDelegate$BeanPostProcessorChecker - Bean 'redisClient' of type [com.example.demo.login.redis.RedisClient] is not eligible for getting processed by all BeanPostProcessors (for example: not eligible for auto-proxying)
2021-03-11 15:28:44 4388 [34mINFO [0;39m [module.name_IS_UNDEFINED|main]
                    o.s.context.support.PostProcessorRegistrationDelegate$BeanPostProcessorChecker - Bean 'userRealm' of type [com.example.demo.login.config.shiro.UserRealm] is not eligible for getting processed by all BeanPostProcessors (for example: not eligible for auto-proxying)
2021-03-11 15:28:45 5500 [34mINFO [0;39m [module.name_IS_UNDEFINED|main]
                    o.s.context.support.PostProcessorRegistrationDelegate$BeanPostProcessorChecker - Bean 'securityManager' of type [org.apache.shiro.web.mgt.DefaultWebSecurityManager] is not eligible for getting processed by all BeanPostProcessors (for example: not eligible for auto-proxying)
2021-03-11 15:28:45 5515 [34mINFO [0;39m [module.name_IS_UNDEFINED|main]
                    o.s.context.support.PostProcessorRegistrationDelegate$BeanPostProcessorChecker - Bean 'jwtFilter' of type [com.example.demo.login.filter.JwtFilter] is not eligible for getting processed by all BeanPostProcessors (for example: not eligible for auto-proxying)
2021-03-11 15:28:45 5533 [34mINFO [0;39m [module.name_IS_UNDEFINED|main]
                    o.s.context.support.PostProcessorRegistrationDelegate$BeanPostProcessorChecker - Bean 'authorizationAttributeSourceAdvisor' of type [org.apache.shiro.spring.security.interceptor.AuthorizationAttributeSourceAdvisor] is not eligible for getting processed by all BeanPostProcessors (for example: not eligible for auto-proxying)
2021-03-11 15:28:45 6067 [34mINFO [0;39m [module.name_IS_UNDEFINED|main]
                    org.springframework.boot.web.embedded.tomcat.TomcatWebServer - Tomcat initialized with port(s): 8081 (http)
2021-03-11 15:28:46 6080 [34mINFO [0;39m [module.name_IS_UNDEFINED|main]
                    org.apache.coyote.http11.Http11NioProtocol - Initializing ProtocolHandler ["http-nio-8081"]
2021-03-11 15:28:46 6080 [34mINFO [0;39m [module.name_IS_UNDEFINED|main]
                    org.apache.catalina.core.StandardService - Starting service [Tomcat]
2021-03-11 15:28:46 6080 [34mINFO [0;39m [module.name_IS_UNDEFINED|main]
                    org.apache.catalina.core.StandardEngine - Starting Servlet engine: [Apache Tomcat/9.0.41]
2021-03-11 15:28:46 6366 [34mINFO [0;39m [module.name_IS_UNDEFINED|main]
                    org.apache.catalina.core.ContainerBase.[Tomcat].[localhost].[/] - Initializing Spring embedded WebApplicationContext
2021-03-11 15:28:46 6366 [34mINFO [0;39m [module.name_IS_UNDEFINED|main]
                    org.springframework.boot.web.servlet.context.ServletWebServerApplicationContext - Root WebApplicationContext: initialization completed in 5143 ms
2021-03-11 15:28:46 6582 [34mINFO [0;39m [module.name_IS_UNDEFINED|main]
                    com.zaxxer.hikari.HikariDataSource - travel - Starting...
2021-03-11 15:28:46 6779 [34mINFO [0;39m [module.name_IS_UNDEFINED|main]
                    com.zaxxer.hikari.HikariDataSource - travel - Start completed.
2021-03-11 15:28:46 6970 [34mINFO [0;39m [module.name_IS_UNDEFINED|main]
                    org.hibernate.jpa.internal.util.LogHelper - HHH000204: Processing PersistenceUnitInfo [name: default]
2021-03-11 15:28:47 7174 [34mINFO [0;39m [module.name_IS_UNDEFINED|main]
                    org.hibernate.Version - HHH000412: Hibernate ORM core version 5.4.25.Final
2021-03-11 15:28:47 7879 [34mINFO [0;39m [module.name_IS_UNDEFINED|main]
                    org.hibernate.annotations.common.Version - HCANN000001: Hibernate Commons Annotations {5.1.2.Final}
2021-03-11 15:28:48 8295 [34mINFO [0;39m [module.name_IS_UNDEFINED|main]
                    org.hibernate.dialect.Dialect - HHH000400: Using dialect: org.hibernate.dialect.MySQL57Dialect
2021-03-11 15:28:49 9333 [34mINFO [0;39m [module.name_IS_UNDEFINED|main]
                    org.hibernate.engine.transaction.jta.platform.internal.JtaPlatformInitiator - HHH000490: Using JtaPlatform implementation: [org.hibernate.engine.transaction.jta.platform.internal.NoJtaPlatform]
2021-03-11 15:28:49 9350 [34mINFO [0;39m [module.name_IS_UNDEFINED|main]
                    org.springframework.orm.jpa.LocalContainerEntityManagerFactoryBean - Initialized JPA EntityManagerFactory for persistence unit 'default'
2021-03-11 15:28:50 10187 [34mINFO [0;39m [module.name_IS_UNDEFINED|main]
                    springfox.documentation.spring.web.PropertySourcedRequestMappingHandlerMapping - Mapped URL path [/v2/api-docs] onto method [springfox.documentation.swagger2.web.Swagger2Controller#getDocumentation(String, HttpServletRequest)]
2021-03-11 15:28:50 10362 [34mINFO [0;39m [module.name_IS_UNDEFINED|main]
                    org.springframework.scheduling.concurrent.ThreadPoolTaskExecutor - Initializing ExecutorService 'applicationTaskExecutor'
2021-03-11 15:28:50 10926 [34mINFO [0;39m [module.name_IS_UNDEFINED|main]
                    org.apache.coyote.http11.Http11NioProtocol - Starting ProtocolHandler ["http-nio-8081"]
2021-03-11 15:28:50 10951 [34mINFO [0;39m [module.name_IS_UNDEFINED|main]
                    org.springframework.boot.web.embedded.tomcat.TomcatWebServer - Tomcat started on port(s): 8081 (http) with context path ''
2021-03-11 15:28:50 10952 [34mINFO [0;39m [module.name_IS_UNDEFINED|main]
                    springfox.documentation.spring.web.plugins.DocumentationPluginsBootstrapper - Context refreshed
2021-03-11 15:28:50 10974 [34mINFO [0;39m [module.name_IS_UNDEFINED|main]
                    springfox.documentation.spring.web.plugins.DocumentationPluginsBootstrapper - Found 1 custom documentation plugin(s)
2021-03-11 15:28:50 11012 [34mINFO [0;39m [module.name_IS_UNDEFINED|main]
                    springfox.documentation.spring.web.scanners.ApiListingReferenceScanner - Scanning for api listing references
2021-03-11 15:28:51 11396 [34mINFO [0;39m [module.name_IS_UNDEFINED|main]
                    s.documentation.spring.web.readers.operation.CachingOperationNameGenerator - Generating unique operation named: loginUsingGET_1
2021-03-11 15:28:51 11424 [34mINFO [0;39m [module.name_IS_UNDEFINED|main]
                    com.example.demo.DemoApplication - Started DemoApplication in 10.965 seconds (JVM running for 14.951)
2021-03-11 15:29:09 29414 [34mINFO [0;39m [module.name_IS_UNDEFINED|http-nio-8081-exec-1]
                    org.apache.catalina.core.ContainerBase.[Tomcat].[localhost].[/] - Initializing Spring DispatcherServlet 'dispatcherServlet'
2021-03-11 15:29:09 29414 [34mINFO [0;39m [module.name_IS_UNDEFINED|http-nio-8081-exec-1]
                    org.springframework.web.servlet.DispatcherServlet - Initializing Servlet 'dispatcherServlet'
2021-03-11 15:29:09 29416 [34mINFO [0;39m [module.name_IS_UNDEFINED|http-nio-8081-exec-1]
                    org.springframework.web.servlet.DispatcherServlet - Completed initialization in 2 ms
2021-03-11 16:09:10 1634 [34mINFO [0;39m [module.name_IS_UNDEFINED|main]
                    com.example.demo.DemoApplication - Starting DemoApplication using Java 1.8.0_241 on DESKTOP-5TN1T53 with PID 3064 (C:\Users\Administrator\Desktop\毕业设计项目\旅游网\demo\target\classes started by Administrator in C:\Users\Administrator\Desktop\毕业设计项目\旅游网\demo)
2021-03-11 16:09:10 1636 [34mINFO [0;39m [module.name_IS_UNDEFINED|main]
                    com.example.demo.DemoApplication - The following profiles are active: dev
2021-03-11 16:09:12 3409 [34mINFO [0;39m [module.name_IS_UNDEFINED|main]
                    org.springframework.data.repository.config.RepositoryConfigurationDelegate - Multiple Spring Data modules found, entering strict repository configuration mode!
2021-03-11 16:09:12 3409 [34mINFO [0;39m [module.name_IS_UNDEFINED|main]
                    org.springframework.data.repository.config.RepositoryConfigurationDelegate - Bootstrapping Spring Data JPA repositories in DEFAULT mode.
2021-03-11 16:09:12 3534 [34mINFO [0;39m [module.name_IS_UNDEFINED|main]
                    org.springframework.data.repository.config.RepositoryConfigurationDelegate - Finished Spring Data repository scanning in 112 ms. Found 0 JPA repository interfaces.
2021-03-11 16:09:12 3559 [34mINFO [0;39m [module.name_IS_UNDEFINED|main]
                    org.springframework.data.repository.config.RepositoryConfigurationDelegate - Multiple Spring Data modules found, entering strict repository configuration mode!
2021-03-11 16:09:12 3561 [34mINFO [0;39m [module.name_IS_UNDEFINED|main]
                    org.springframework.data.repository.config.RepositoryConfigurationDelegate - Bootstrapping Spring Data Redis repositories in DEFAULT mode.
2021-03-11 16:09:12 3666 [34mINFO [0;39m [module.name_IS_UNDEFINED|main]
                    org.springframework.data.repository.config.RepositoryConfigurationDelegate - Finished Spring Data repository scanning in 92 ms. Found 0 Redis repository interfaces.
2021-03-11 16:09:13 3998 [34mINFO [0;39m [module.name_IS_UNDEFINED|main]
                    o.s.context.support.PostProcessorRegistrationDelegate$BeanPostProcessorChecker - Bean 'shiroConfig' of type [com.example.demo.login.config.shiro.ShiroConfig$$EnhancerBySpringCGLIB$$39670209] is not eligible for getting processed by all BeanPostProcessors (for example: not eligible for auto-proxying)
2021-03-11 16:09:13 4173 [34mINFO [0;39m [module.name_IS_UNDEFINED|main]
                    o.s.context.support.PostProcessorRegistrationDelegate$BeanPostProcessorChecker - Bean 'mybatis-org.mybatis.spring.boot.autoconfigure.MybatisProperties' of type [org.mybatis.spring.boot.autoconfigure.MybatisProperties] is not eligible for getting processed by all BeanPostProcessors (for example: not eligible for auto-proxying)
2021-03-11 16:09:13 4181 [34mINFO [0;39m [module.name_IS_UNDEFINED|main]
                    o.s.context.support.PostProcessorRegistrationDelegate$BeanPostProcessorChecker - Bean 'org.mybatis.spring.boot.autoconfigure.MybatisAutoConfiguration' of type [org.mybatis.spring.boot.autoconfigure.MybatisAutoConfiguration$$EnhancerBySpringCGLIB$$fb44028b] is not eligible for getting processed by all BeanPostProcessors (for example: not eligible for auto-proxying)
2021-03-11 16:09:13 4183 [34mINFO [0;39m [module.name_IS_UNDEFINED|main]
                    o.s.context.support.PostProcessorRegistrationDelegate$BeanPostProcessorChecker - Bean 'org.springframework.boot.autoconfigure.jdbc.DataSourceConfiguration$Hikari' of type [org.springframework.boot.autoconfigure.jdbc.DataSourceConfiguration$Hikari] is not eligible for getting processed by all BeanPostProcessors (for example: not eligible for auto-proxying)
2021-03-11 16:09:13 4197 [34mINFO [0;39m [module.name_IS_UNDEFINED|main]
                    o.s.context.support.PostProcessorRegistrationDelegate$BeanPostProcessorChecker - Bean 'spring.datasource-org.springframework.boot.autoconfigure.jdbc.DataSourceProperties' of type [org.springframework.boot.autoconfigure.jdbc.DataSourceProperties] is not eligible for getting processed by all BeanPostProcessors (for example: not eligible for auto-proxying)
2021-03-11 16:09:13 4226 [34mINFO [0;39m [module.name_IS_UNDEFINED|main]
                    o.s.context.support.PostProcessorRegistrationDelegate$BeanPostProcessorChecker - Bean 'dataSource' of type [com.zaxxer.hikari.HikariDataSource] is not eligible for getting processed by all BeanPostProcessors (for example: not eligible for auto-proxying)
2021-03-11 16:09:13 4482 [34mINFO [0;39m [module.name_IS_UNDEFINED|main]
                    o.s.context.support.PostProcessorRegistrationDelegate$BeanPostProcessorChecker - Bean 'sqlSessionFactory' of type [org.apache.ibatis.session.defaults.DefaultSqlSessionFactory] is not eligible for getting processed by all BeanPostProcessors (for example: not eligible for auto-proxying)
2021-03-11 16:09:13 4487 [34mINFO [0;39m [module.name_IS_UNDEFINED|main]
                    o.s.context.support.PostProcessorRegistrationDelegate$BeanPostProcessorChecker - Bean 'sqlSessionTemplate' of type [org.mybatis.spring.SqlSessionTemplate] is not eligible for getting processed by all BeanPostProcessors (for example: not eligible for auto-proxying)
2021-03-11 16:09:13 4488 [34mINFO [0;39m [module.name_IS_UNDEFINED|main]
                    o.s.context.support.PostProcessorRegistrationDelegate$BeanPostProcessorChecker - Bean 'loginMapper' of type [org.mybatis.spring.mapper.MapperFactoryBean] is not eligible for getting processed by all BeanPostProcessors (for example: not eligible for auto-proxying)
2021-03-11 16:09:13 4490 [34mINFO [0;39m [module.name_IS_UNDEFINED|main]
                    o.s.context.support.PostProcessorRegistrationDelegate$BeanPostProcessorChecker - Bean 'loginMapper' of type [com.sun.proxy.$Proxy74] is not eligible for getting processed by all BeanPostProcessors (for example: not eligible for auto-proxying)
2021-03-11 16:09:13 4494 [34mINFO [0;39m [module.name_IS_UNDEFINED|main]
                    o.s.context.support.PostProcessorRegistrationDelegate$BeanPostProcessorChecker - Bean 'redisConfig' of type [com.example.demo.login.redis.RedisConfig$$EnhancerBySpringCGLIB$$605d57ab] is not eligible for getting processed by all BeanPostProcessors (for example: not eligible for auto-proxying)
2021-03-11 16:09:13 4503 [34mINFO [0;39m [module.name_IS_UNDEFINED|main]
                    o.s.context.support.PostProcessorRegistrationDelegate$BeanPostProcessorChecker - Bean 'spring.redis-org.springframework.boot.autoconfigure.data.redis.RedisProperties' of type [org.springframework.boot.autoconfigure.data.redis.RedisProperties] is not eligible for getting processed by all BeanPostProcessors (for example: not eligible for auto-proxying)
2021-03-11 16:09:13 4504 [34mINFO [0;39m [module.name_IS_UNDEFINED|main]
                    o.s.context.support.PostProcessorRegistrationDelegate$BeanPostProcessorChecker - Bean 'org.springframework.boot.autoconfigure.data.redis.LettuceConnectionConfiguration' of type [org.springframework.boot.autoconfigure.data.redis.LettuceConnectionConfiguration] is not eligible for getting processed by all BeanPostProcessors (for example: not eligible for auto-proxying)
2021-03-11 16:09:13 4619 [34mINFO [0;39m [module.name_IS_UNDEFINED|main]
                    o.s.context.support.PostProcessorRegistrationDelegate$BeanPostProcessorChecker - Bean 'lettuceClientResources' of type [io.lettuce.core.resource.DefaultClientResources] is not eligible for getting processed by all BeanPostProcessors (for example: not eligible for auto-proxying)
2021-03-11 16:09:14 4815 [34mINFO [0;39m [module.name_IS_UNDEFINED|main]
                    o.s.context.support.PostProcessorRegistrationDelegate$BeanPostProcessorChecker - Bean 'redisConnectionFactory' of type [org.springframework.data.redis.connection.lettuce.LettuceConnectionFactory] is not eligible for getting processed by all BeanPostProcessors (for example: not eligible for auto-proxying)
2021-03-11 16:09:14 4916 [34mINFO [0;39m [module.name_IS_UNDEFINED|main]
                    o.s.context.support.PostProcessorRegistrationDelegate$BeanPostProcessorChecker - Bean 'redisTemplate' of type [org.springframework.data.redis.core.RedisTemplate] is not eligible for getting processed by all BeanPostProcessors (for example: not eligible for auto-proxying)
2021-03-11 16:09:14 4917 [34mINFO [0;39m [module.name_IS_UNDEFINED|main]
                    o.s.context.support.PostProcessorRegistrationDelegate$BeanPostProcessorChecker - Bean 'redisClient' of type [com.example.demo.login.redis.RedisClient] is not eligible for getting processed by all BeanPostProcessors (for example: not eligible for auto-proxying)
2021-03-11 16:09:14 4917 [34mINFO [0;39m [module.name_IS_UNDEFINED|main]
                    o.s.context.support.PostProcessorRegistrationDelegate$BeanPostProcessorChecker - Bean 'userRealm' of type [com.example.demo.login.config.shiro.UserRealm] is not eligible for getting processed by all BeanPostProcessors (for example: not eligible for auto-proxying)
2021-03-11 16:09:15 6074 [34mINFO [0;39m [module.name_IS_UNDEFINED|main]
                    o.s.context.support.PostProcessorRegistrationDelegate$BeanPostProcessorChecker - Bean 'securityManager' of type [org.apache.shiro.web.mgt.DefaultWebSecurityManager] is not eligible for getting processed by all BeanPostProcessors (for example: not eligible for auto-proxying)
2021-03-11 16:09:15 6119 [34mINFO [0;39m [module.name_IS_UNDEFINED|main]
                    o.s.context.support.PostProcessorRegistrationDelegate$BeanPostProcessorChecker - Bean 'jwtFilter' of type [com.example.demo.login.filter.JwtFilter] is not eligible for getting processed by all BeanPostProcessors (for example: not eligible for auto-proxying)
2021-03-11 16:09:15 6160 [34mINFO [0;39m [module.name_IS_UNDEFINED|main]
                    o.s.context.support.PostProcessorRegistrationDelegate$BeanPostProcessorChecker - Bean 'authorizationAttributeSourceAdvisor' of type [org.apache.shiro.spring.security.interceptor.AuthorizationAttributeSourceAdvisor] is not eligible for getting processed by all BeanPostProcessors (for example: not eligible for auto-proxying)
2021-03-11 16:09:15 6809 [34mINFO [0;39m [module.name_IS_UNDEFINED|main]
                    org.springframework.boot.web.embedded.tomcat.TomcatWebServer - Tomcat initialized with port(s): 8081 (http)
2021-03-11 16:09:16 6824 [34mINFO [0;39m [module.name_IS_UNDEFINED|main]
                    org.apache.coyote.http11.Http11NioProtocol - Initializing ProtocolHandler ["http-nio-8081"]
2021-03-11 16:09:16 6825 [34mINFO [0;39m [module.name_IS_UNDEFINED|main]
                    org.apache.catalina.core.StandardService - Starting service [Tomcat]
2021-03-11 16:09:16 6825 [34mINFO [0;39m [module.name_IS_UNDEFINED|main]
                    org.apache.catalina.core.StandardEngine - Starting Servlet engine: [Apache Tomcat/9.0.41]
2021-03-11 16:09:16 7095 [34mINFO [0;39m [module.name_IS_UNDEFINED|main]
                    org.apache.catalina.core.ContainerBase.[Tomcat].[localhost].[/] - Initializing Spring embedded WebApplicationContext
2021-03-11 16:09:16 7095 [34mINFO [0;39m [module.name_IS_UNDEFINED|main]
                    org.springframework.boot.web.servlet.context.ServletWebServerApplicationContext - Root WebApplicationContext: initialization completed in 5386 ms
2021-03-11 16:09:16 7324 [34mINFO [0;39m [module.name_IS_UNDEFINED|main]
                    com.zaxxer.hikari.HikariDataSource - travel - Starting...
2021-03-11 16:09:16 7523 [34mINFO [0;39m [module.name_IS_UNDEFINED|main]
                    com.zaxxer.hikari.HikariDataSource - travel - Start completed.
2021-03-11 16:09:16 7751 [34mINFO [0;39m [module.name_IS_UNDEFINED|main]
                    org.hibernate.jpa.internal.util.LogHelper - HHH000204: Processing PersistenceUnitInfo [name: default]
2021-03-11 16:09:17 7832 [34mINFO [0;39m [module.name_IS_UNDEFINED|main]
                    org.hibernate.Version - HHH000412: Hibernate ORM core version 5.4.25.Final
2021-03-11 16:09:17 8067 [34mINFO [0;39m [module.name_IS_UNDEFINED|main]
                    org.hibernate.annotations.common.Version - HCANN000001: Hibernate Commons Annotations {5.1.2.Final}
2021-03-11 16:09:17 8253 [34mINFO [0;39m [module.name_IS_UNDEFINED|main]
                    org.hibernate.dialect.Dialect - HHH000400: Using dialect: org.hibernate.dialect.MySQL57Dialect
2021-03-11 16:09:18 9215 [34mINFO [0;39m [module.name_IS_UNDEFINED|main]
                    org.hibernate.engine.transaction.jta.platform.internal.JtaPlatformInitiator - HHH000490: Using JtaPlatform implementation: [org.hibernate.engine.transaction.jta.platform.internal.NoJtaPlatform]
2021-03-11 16:09:18 9231 [34mINFO [0;39m [module.name_IS_UNDEFINED|main]
                    org.springframework.orm.jpa.LocalContainerEntityManagerFactoryBean - Initialized JPA EntityManagerFactory for persistence unit 'default'
2021-03-11 16:09:19 9920 [34mINFO [0;39m [module.name_IS_UNDEFINED|main]
                    springfox.documentation.spring.web.PropertySourcedRequestMappingHandlerMapping - Mapped URL path [/v2/api-docs] onto method [springfox.documentation.swagger2.web.Swagger2Controller#getDocumentation(String, HttpServletRequest)]
2021-03-11 16:09:19 10300 [34mINFO [0;39m [module.name_IS_UNDEFINED|main]
                    org.springframework.scheduling.concurrent.ThreadPoolTaskExecutor - Initializing ExecutorService 'applicationTaskExecutor'
2021-03-11 16:09:20 10877 [34mINFO [0;39m [module.name_IS_UNDEFINED|main]
                    org.apache.coyote.http11.Http11NioProtocol - Starting ProtocolHandler ["http-nio-8081"]
2021-03-11 16:09:20 10902 [34mINFO [0;39m [module.name_IS_UNDEFINED|main]
                    org.springframework.boot.web.embedded.tomcat.TomcatWebServer - Tomcat started on port(s): 8081 (http) with context path ''
2021-03-11 16:09:20 10903 [34mINFO [0;39m [module.name_IS_UNDEFINED|main]
                    springfox.documentation.spring.web.plugins.DocumentationPluginsBootstrapper - Context refreshed
2021-03-11 16:09:20 10977 [34mINFO [0;39m [module.name_IS_UNDEFINED|main]
                    springfox.documentation.spring.web.plugins.DocumentationPluginsBootstrapper - Found 1 custom documentation plugin(s)
2021-03-11 16:09:20 11017 [34mINFO [0;39m [module.name_IS_UNDEFINED|main]
                    springfox.documentation.spring.web.scanners.ApiListingReferenceScanner - Scanning for api listing references
2021-03-11 16:09:20 11111 [34mINFO [0;39m [module.name_IS_UNDEFINED|http-nio-8081-exec-2]
                    org.apache.catalina.core.ContainerBase.[Tomcat].[localhost].[/] - Initializing Spring DispatcherServlet 'dispatcherServlet'
2021-03-11 16:09:20 11111 [34mINFO [0;39m [module.name_IS_UNDEFINED|http-nio-8081-exec-2]
                    org.springframework.web.servlet.DispatcherServlet - Initializing Servlet 'dispatcherServlet'
2021-03-11 16:09:20 11113 [34mINFO [0;39m [module.name_IS_UNDEFINED|http-nio-8081-exec-2]
                    org.springframework.web.servlet.DispatcherServlet - Completed initialization in 2 ms
2021-03-11 16:09:20 11388 [34mINFO [0;39m [module.name_IS_UNDEFINED|main]
                    s.documentation.spring.web.readers.operation.CachingOperationNameGenerator - Generating unique operation named: loginUsingGET_1
2021-03-11 16:09:20 11419 [34mINFO [0;39m [module.name_IS_UNDEFINED|main]
                    com.example.demo.DemoApplication - Started DemoApplication in 10.592 seconds (JVM running for 14.111)
