2021-03-08 08:43:43 1386 [34mINFO [0;39m [module.name_IS_UNDEFINED|main]
                    com.example.demo.DemoApplication - Starting DemoApplication using Java 1.8.0_241 on DESKTOP-5TN1T53 with PID 4684 (C:\Users\Administrator\Desktop\毕业设计项目\旅游网\demo\target\classes started by Administrator in C:\Users\Administrator\Desktop\毕业设计项目\旅游网\demo)
2021-03-08 08:43:43 1389 [34mINFO [0;39m [module.name_IS_UNDEFINED|main]
                    com.example.demo.DemoApplication - The following profiles are active: dev
2021-03-08 08:43:45 2931 [34mINFO [0;39m [module.name_IS_UNDEFINED|main]
                    org.springframework.data.repository.config.RepositoryConfigurationDelegate - Multiple Spring Data modules found, entering strict repository configuration mode!
2021-03-08 08:43:45 2931 [34mINFO [0;39m [module.name_IS_UNDEFINED|main]
                    org.springframework.data.repository.config.RepositoryConfigurationDelegate - Bootstrapping Spring Data JPA repositories in DEFAULT mode.
2021-03-08 08:43:45 3052 [34mINFO [0;39m [module.name_IS_UNDEFINED|main]
                    org.springframework.data.repository.config.RepositoryConfigurationDelegate - Finished Spring Data repository scanning in 107 ms. Found 0 JPA repository interfaces.
2021-03-08 08:43:45 3073 [34mINFO [0;39m [module.name_IS_UNDEFINED|main]
                    org.springframework.data.repository.config.RepositoryConfigurationDelegate - Multiple Spring Data modules found, entering strict repository configuration mode!
2021-03-08 08:43:45 3075 [34mINFO [0;39m [module.name_IS_UNDEFINED|main]
                    org.springframework.data.repository.config.RepositoryConfigurationDelegate - Bootstrapping Spring Data Redis repositories in DEFAULT mode.
2021-03-08 08:43:45 3181 [34mINFO [0;39m [module.name_IS_UNDEFINED|main]
                    org.springframework.data.repository.config.RepositoryConfigurationDelegate - Finished Spring Data repository scanning in 90 ms. Found 0 Redis repository interfaces.
2021-03-08 08:43:46 3502 [34mINFO [0;39m [module.name_IS_UNDEFINED|main]
                    o.s.context.support.PostProcessorRegistrationDelegate$BeanPostProcessorChecker - Bean 'shiroConfig' of type [com.example.demo.login.config.shiro.ShiroConfig$$EnhancerBySpringCGLIB$$39670209] is not eligible for getting processed by all BeanPostProcessors (for example: not eligible for auto-proxying)
2021-03-08 08:43:46 3689 [34mINFO [0;39m [module.name_IS_UNDEFINED|main]
                    o.s.context.support.PostProcessorRegistrationDelegate$BeanPostProcessorChecker - Bean 'mybatis-org.mybatis.spring.boot.autoconfigure.MybatisProperties' of type [org.mybatis.spring.boot.autoconfigure.MybatisProperties] is not eligible for getting processed by all BeanPostProcessors (for example: not eligible for auto-proxying)
2021-03-08 08:43:46 3696 [34mINFO [0;39m [module.name_IS_UNDEFINED|main]
                    o.s.context.support.PostProcessorRegistrationDelegate$BeanPostProcessorChecker - Bean 'org.mybatis.spring.boot.autoconfigure.MybatisAutoConfiguration' of type [org.mybatis.spring.boot.autoconfigure.MybatisAutoConfiguration$$EnhancerBySpringCGLIB$$fb44028b] is not eligible for getting processed by all BeanPostProcessors (for example: not eligible for auto-proxying)
2021-03-08 08:43:46 3699 [34mINFO [0;39m [module.name_IS_UNDEFINED|main]
                    o.s.context.support.PostProcessorRegistrationDelegate$BeanPostProcessorChecker - Bean 'org.springframework.boot.autoconfigure.jdbc.DataSourceConfiguration$Hikari' of type [org.springframework.boot.autoconfigure.jdbc.DataSourceConfiguration$Hikari] is not eligible for getting processed by all BeanPostProcessors (for example: not eligible for auto-proxying)
2021-03-08 08:43:46 3713 [34mINFO [0;39m [module.name_IS_UNDEFINED|main]
                    o.s.context.support.PostProcessorRegistrationDelegate$BeanPostProcessorChecker - Bean 'spring.datasource-org.springframework.boot.autoconfigure.jdbc.DataSourceProperties' of type [org.springframework.boot.autoconfigure.jdbc.DataSourceProperties] is not eligible for getting processed by all BeanPostProcessors (for example: not eligible for auto-proxying)
2021-03-08 08:43:46 3744 [34mINFO [0;39m [module.name_IS_UNDEFINED|main]
                    o.s.context.support.PostProcessorRegistrationDelegate$BeanPostProcessorChecker - Bean 'dataSource' of type [com.zaxxer.hikari.HikariDataSource] is not eligible for getting processed by all BeanPostProcessors (for example: not eligible for auto-proxying)
2021-03-08 08:43:46 4027 [34mINFO [0;39m [module.name_IS_UNDEFINED|main]
                    o.s.context.support.PostProcessorRegistrationDelegate$BeanPostProcessorChecker - Bean 'sqlSessionFactory' of type [org.apache.ibatis.session.defaults.DefaultSqlSessionFactory] is not eligible for getting processed by all BeanPostProcessors (for example: not eligible for auto-proxying)
2021-03-08 08:43:46 4032 [34mINFO [0;39m [module.name_IS_UNDEFINED|main]
                    o.s.context.support.PostProcessorRegistrationDelegate$BeanPostProcessorChecker - Bean 'sqlSessionTemplate' of type [org.mybatis.spring.SqlSessionTemplate] is not eligible for getting processed by all BeanPostProcessors (for example: not eligible for auto-proxying)
2021-03-08 08:43:46 4033 [34mINFO [0;39m [module.name_IS_UNDEFINED|main]
                    o.s.context.support.PostProcessorRegistrationDelegate$BeanPostProcessorChecker - Bean 'loginMapper' of type [org.mybatis.spring.mapper.MapperFactoryBean] is not eligible for getting processed by all BeanPostProcessors (for example: not eligible for auto-proxying)
2021-03-08 08:43:46 4035 [34mINFO [0;39m [module.name_IS_UNDEFINED|main]
                    o.s.context.support.PostProcessorRegistrationDelegate$BeanPostProcessorChecker - Bean 'loginMapper' of type [com.sun.proxy.$Proxy74] is not eligible for getting processed by all BeanPostProcessors (for example: not eligible for auto-proxying)
2021-03-08 08:43:46 4038 [34mINFO [0;39m [module.name_IS_UNDEFINED|main]
                    o.s.context.support.PostProcessorRegistrationDelegate$BeanPostProcessorChecker - Bean 'redisConfig' of type [com.example.demo.login.redis.RedisConfig$$EnhancerBySpringCGLIB$$605d57ab] is not eligible for getting processed by all BeanPostProcessors (for example: not eligible for auto-proxying)
2021-03-08 08:43:46 4047 [34mINFO [0;39m [module.name_IS_UNDEFINED|main]
                    o.s.context.support.PostProcessorRegistrationDelegate$BeanPostProcessorChecker - Bean 'spring.redis-org.springframework.boot.autoconfigure.data.redis.RedisProperties' of type [org.springframework.boot.autoconfigure.data.redis.RedisProperties] is not eligible for getting processed by all BeanPostProcessors (for example: not eligible for auto-proxying)
2021-03-08 08:43:46 4049 [34mINFO [0;39m [module.name_IS_UNDEFINED|main]
                    o.s.context.support.PostProcessorRegistrationDelegate$BeanPostProcessorChecker - Bean 'org.springframework.boot.autoconfigure.data.redis.LettuceConnectionConfiguration' of type [org.springframework.boot.autoconfigure.data.redis.LettuceConnectionConfiguration] is not eligible for getting processed by all BeanPostProcessors (for example: not eligible for auto-proxying)
2021-03-08 08:43:46 4169 [34mINFO [0;39m [module.name_IS_UNDEFINED|main]
                    o.s.context.support.PostProcessorRegistrationDelegate$BeanPostProcessorChecker - Bean 'lettuceClientResources' of type [io.lettuce.core.resource.DefaultClientResources] is not eligible for getting processed by all BeanPostProcessors (for example: not eligible for auto-proxying)
2021-03-08 08:43:46 4365 [34mINFO [0;39m [module.name_IS_UNDEFINED|main]
                    o.s.context.support.PostProcessorRegistrationDelegate$BeanPostProcessorChecker - Bean 'redisConnectionFactory' of type [org.springframework.data.redis.connection.lettuce.LettuceConnectionFactory] is not eligible for getting processed by all BeanPostProcessors (for example: not eligible for auto-proxying)
2021-03-08 08:43:46 4470 [34mINFO [0;39m [module.name_IS_UNDEFINED|main]
                    o.s.context.support.PostProcessorRegistrationDelegate$BeanPostProcessorChecker - Bean 'redisTemplate' of type [org.springframework.data.redis.core.RedisTemplate] is not eligible for getting processed by all BeanPostProcessors (for example: not eligible for auto-proxying)
2021-03-08 08:43:46 4471 [34mINFO [0;39m [module.name_IS_UNDEFINED|main]
                    o.s.context.support.PostProcessorRegistrationDelegate$BeanPostProcessorChecker - Bean 'redisClient' of type [com.example.demo.login.redis.RedisClient] is not eligible for getting processed by all BeanPostProcessors (for example: not eligible for auto-proxying)
2021-03-08 08:43:46 4472 [34mINFO [0;39m [module.name_IS_UNDEFINED|main]
                    o.s.context.support.PostProcessorRegistrationDelegate$BeanPostProcessorChecker - Bean 'userRealm' of type [com.example.demo.login.config.shiro.UserRealm] is not eligible for getting processed by all BeanPostProcessors (for example: not eligible for auto-proxying)
2021-03-08 08:43:48 5591 [34mINFO [0;39m [module.name_IS_UNDEFINED|main]
                    o.s.context.support.PostProcessorRegistrationDelegate$BeanPostProcessorChecker - Bean 'securityManager' of type [org.apache.shiro.web.mgt.DefaultWebSecurityManager] is not eligible for getting processed by all BeanPostProcessors (for example: not eligible for auto-proxying)
2021-03-08 08:43:48 5603 [34mINFO [0;39m [module.name_IS_UNDEFINED|main]
                    o.s.context.support.PostProcessorRegistrationDelegate$BeanPostProcessorChecker - Bean 'jwtFilter' of type [com.example.demo.login.filter.JwtFilter] is not eligible for getting processed by all BeanPostProcessors (for example: not eligible for auto-proxying)
2021-03-08 08:43:48 5622 [34mINFO [0;39m [module.name_IS_UNDEFINED|main]
                    o.s.context.support.PostProcessorRegistrationDelegate$BeanPostProcessorChecker - Bean 'authorizationAttributeSourceAdvisor' of type [org.apache.shiro.spring.security.interceptor.AuthorizationAttributeSourceAdvisor] is not eligible for getting processed by all BeanPostProcessors (for example: not eligible for auto-proxying)
2021-03-08 08:43:48 6060 [34mINFO [0;39m [module.name_IS_UNDEFINED|main]
                    org.springframework.boot.web.embedded.tomcat.TomcatWebServer - Tomcat initialized with port(s): 8081 (http)
2021-03-08 08:43:48 6072 [34mINFO [0;39m [module.name_IS_UNDEFINED|main]
                    org.apache.coyote.http11.Http11NioProtocol - Initializing ProtocolHandler ["http-nio-8081"]
2021-03-08 08:43:48 6073 [34mINFO [0;39m [module.name_IS_UNDEFINED|main]
                    org.apache.catalina.core.StandardService - Starting service [Tomcat]
2021-03-08 08:43:48 6073 [34mINFO [0;39m [module.name_IS_UNDEFINED|main]
                    org.apache.catalina.core.StandardEngine - Starting Servlet engine: [Apache Tomcat/9.0.41]
2021-03-08 08:43:48 6380 [34mINFO [0;39m [module.name_IS_UNDEFINED|main]
                    org.apache.catalina.core.ContainerBase.[Tomcat].[localhost].[/] - Initializing Spring embedded WebApplicationContext
2021-03-08 08:43:48 6381 [34mINFO [0;39m [module.name_IS_UNDEFINED|main]
                    org.springframework.boot.web.servlet.context.ServletWebServerApplicationContext - Root WebApplicationContext: initialization completed in 4909 ms
2021-03-08 08:43:49 6592 [34mINFO [0;39m [module.name_IS_UNDEFINED|main]
                    com.zaxxer.hikari.HikariDataSource - travel - Starting...
2021-03-08 08:43:49 6792 [34mINFO [0;39m [module.name_IS_UNDEFINED|main]
                    com.zaxxer.hikari.HikariDataSource - travel - Start completed.
2021-03-08 08:43:49 6939 [34mINFO [0;39m [module.name_IS_UNDEFINED|main]
                    org.hibernate.jpa.internal.util.LogHelper - HHH000204: Processing PersistenceUnitInfo [name: default]
2021-03-08 08:43:49 7016 [34mINFO [0;39m [module.name_IS_UNDEFINED|main]
                    org.hibernate.Version - HHH000412: Hibernate ORM core version 5.4.25.Final
2021-03-08 08:43:49 7209 [34mINFO [0;39m [module.name_IS_UNDEFINED|main]
                    org.hibernate.annotations.common.Version - HCANN000001: Hibernate Commons Annotations {5.1.2.Final}
2021-03-08 08:43:49 7383 [34mINFO [0;39m [module.name_IS_UNDEFINED|main]
                    org.hibernate.dialect.Dialect - HHH000400: Using dialect: org.hibernate.dialect.MySQL57Dialect
2021-03-08 08:43:50 8240 [34mINFO [0;39m [module.name_IS_UNDEFINED|main]
                    org.hibernate.engine.transaction.jta.platform.internal.JtaPlatformInitiator - HHH000490: Using JtaPlatform implementation: [org.hibernate.engine.transaction.jta.platform.internal.NoJtaPlatform]
2021-03-08 08:43:50 8254 [34mINFO [0;39m [module.name_IS_UNDEFINED|main]
                    org.springframework.orm.jpa.LocalContainerEntityManagerFactoryBean - Initialized JPA EntityManagerFactory for persistence unit 'default'
2021-03-08 08:43:51 8911 [34mINFO [0;39m [module.name_IS_UNDEFINED|main]
                    springfox.documentation.spring.web.PropertySourcedRequestMappingHandlerMapping - Mapped URL path [/v2/api-docs] onto method [springfox.documentation.swagger2.web.Swagger2Controller#getDocumentation(String, HttpServletRequest)]
2021-03-08 08:43:51 9256 [34mINFO [0;39m [module.name_IS_UNDEFINED|main]
                    org.springframework.scheduling.concurrent.ThreadPoolTaskExecutor - Initializing ExecutorService 'applicationTaskExecutor'
2021-03-08 08:43:52 9828 [34mINFO [0;39m [module.name_IS_UNDEFINED|main]
                    org.apache.coyote.http11.Http11NioProtocol - Starting ProtocolHandler ["http-nio-8081"]
2021-03-08 08:43:52 9850 [34mINFO [0;39m [module.name_IS_UNDEFINED|main]
                    org.springframework.boot.web.embedded.tomcat.TomcatWebServer - Tomcat started on port(s): 8081 (http) with context path ''
2021-03-08 08:43:52 9851 [34mINFO [0;39m [module.name_IS_UNDEFINED|main]
                    springfox.documentation.spring.web.plugins.DocumentationPluginsBootstrapper - Context refreshed
2021-03-08 08:43:52 9876 [34mINFO [0;39m [module.name_IS_UNDEFINED|main]
                    springfox.documentation.spring.web.plugins.DocumentationPluginsBootstrapper - Found 1 custom documentation plugin(s)
2021-03-08 08:43:52 9920 [34mINFO [0;39m [module.name_IS_UNDEFINED|main]
                    springfox.documentation.spring.web.scanners.ApiListingReferenceScanner - Scanning for api listing references
2021-03-08 08:43:52 10258 [34mINFO [0;39m [module.name_IS_UNDEFINED|main]
                    s.documentation.spring.web.readers.operation.CachingOperationNameGenerator - Generating unique operation named: loginUsingGET_1
2021-03-08 08:43:52 10293 [34mINFO [0;39m [module.name_IS_UNDEFINED|main]
                    com.example.demo.DemoApplication - Started DemoApplication in 9.829 seconds (JVM running for 12.569)
2021-03-08 08:46:23 161333 [34mINFO [0;39m [module.name_IS_UNDEFINED|http-nio-8081-exec-1]
                    org.apache.catalina.core.ContainerBase.[Tomcat].[localhost].[/] - Initializing Spring DispatcherServlet 'dispatcherServlet'
2021-03-08 08:46:23 161333 [34mINFO [0;39m [module.name_IS_UNDEFINED|http-nio-8081-exec-1]
                    org.springframework.web.servlet.DispatcherServlet - Initializing Servlet 'dispatcherServlet'
2021-03-08 08:46:23 161335 [34mINFO [0;39m [module.name_IS_UNDEFINED|http-nio-8081-exec-1]
                    org.springframework.web.servlet.DispatcherServlet - Completed initialization in 2 ms
2021-03-08 09:45:01 1803 [34mINFO [0;39m [module.name_IS_UNDEFINED|main]
                    com.example.demo.DemoApplication - Starting DemoApplication using Java 1.8.0_241 on DESKTOP-5TN1T53 with PID 15520 (C:\Users\Administrator\Desktop\毕业设计项目\旅游网\demo\target\classes started by Administrator in C:\Users\Administrator\Desktop\毕业设计项目\旅游网\demo)
2021-03-08 09:45:01 1806 [34mINFO [0;39m [module.name_IS_UNDEFINED|main]
                    com.example.demo.DemoApplication - The following profiles are active: dev
2021-03-08 09:45:02 3439 [34mINFO [0;39m [module.name_IS_UNDEFINED|main]
                    org.springframework.data.repository.config.RepositoryConfigurationDelegate - Multiple Spring Data modules found, entering strict repository configuration mode!
2021-03-08 09:45:02 3439 [34mINFO [0;39m [module.name_IS_UNDEFINED|main]
                    org.springframework.data.repository.config.RepositoryConfigurationDelegate - Bootstrapping Spring Data JPA repositories in DEFAULT mode.
2021-03-08 09:45:02 3578 [34mINFO [0;39m [module.name_IS_UNDEFINED|main]
                    org.springframework.data.repository.config.RepositoryConfigurationDelegate - Finished Spring Data repository scanning in 124 ms. Found 0 JPA repository interfaces.
2021-03-08 09:45:02 3611 [34mINFO [0;39m [module.name_IS_UNDEFINED|main]
                    org.springframework.data.repository.config.RepositoryConfigurationDelegate - Multiple Spring Data modules found, entering strict repository configuration mode!
2021-03-08 09:45:02 3613 [34mINFO [0;39m [module.name_IS_UNDEFINED|main]
                    org.springframework.data.repository.config.RepositoryConfigurationDelegate - Bootstrapping Spring Data Redis repositories in DEFAULT mode.
2021-03-08 09:45:03 3735 [34mINFO [0;39m [module.name_IS_UNDEFINED|main]
                    org.springframework.data.repository.config.RepositoryConfigurationDelegate - Finished Spring Data repository scanning in 104 ms. Found 0 Redis repository interfaces.
2021-03-08 09:45:03 4050 [34mINFO [0;39m [module.name_IS_UNDEFINED|main]
                    o.s.context.support.PostProcessorRegistrationDelegate$BeanPostProcessorChecker - Bean 'shiroConfig' of type [com.example.demo.login.config.shiro.ShiroConfig$$EnhancerBySpringCGLIB$$39670209] is not eligible for getting processed by all BeanPostProcessors (for example: not eligible for auto-proxying)
2021-03-08 09:45:03 4227 [34mINFO [0;39m [module.name_IS_UNDEFINED|main]
                    o.s.context.support.PostProcessorRegistrationDelegate$BeanPostProcessorChecker - Bean 'mybatis-org.mybatis.spring.boot.autoconfigure.MybatisProperties' of type [org.mybatis.spring.boot.autoconfigure.MybatisProperties] is not eligible for getting processed by all BeanPostProcessors (for example: not eligible for auto-proxying)
2021-03-08 09:45:03 4234 [34mINFO [0;39m [module.name_IS_UNDEFINED|main]
                    o.s.context.support.PostProcessorRegistrationDelegate$BeanPostProcessorChecker - Bean 'org.mybatis.spring.boot.autoconfigure.MybatisAutoConfiguration' of type [org.mybatis.spring.boot.autoconfigure.MybatisAutoConfiguration$$EnhancerBySpringCGLIB$$fb44028b] is not eligible for getting processed by all BeanPostProcessors (for example: not eligible for auto-proxying)
2021-03-08 09:45:03 4237 [34mINFO [0;39m [module.name_IS_UNDEFINED|main]
                    o.s.context.support.PostProcessorRegistrationDelegate$BeanPostProcessorChecker - Bean 'org.springframework.boot.autoconfigure.jdbc.DataSourceConfiguration$Hikari' of type [org.springframework.boot.autoconfigure.jdbc.DataSourceConfiguration$Hikari] is not eligible for getting processed by all BeanPostProcessors (for example: not eligible for auto-proxying)
2021-03-08 09:45:03 4249 [34mINFO [0;39m [module.name_IS_UNDEFINED|main]
                    o.s.context.support.PostProcessorRegistrationDelegate$BeanPostProcessorChecker - Bean 'spring.datasource-org.springframework.boot.autoconfigure.jdbc.DataSourceProperties' of type [org.springframework.boot.autoconfigure.jdbc.DataSourceProperties] is not eligible for getting processed by all BeanPostProcessors (for example: not eligible for auto-proxying)
2021-03-08 09:45:03 4283 [34mINFO [0;39m [module.name_IS_UNDEFINED|main]
                    o.s.context.support.PostProcessorRegistrationDelegate$BeanPostProcessorChecker - Bean 'dataSource' of type [com.zaxxer.hikari.HikariDataSource] is not eligible for getting processed by all BeanPostProcessors (for example: not eligible for auto-proxying)
2021-03-08 09:45:03 4612 [34mINFO [0;39m [module.name_IS_UNDEFINED|main]
                    o.s.context.support.PostProcessorRegistrationDelegate$BeanPostProcessorChecker - Bean 'sqlSessionFactory' of type [org.apache.ibatis.session.defaults.DefaultSqlSessionFactory] is not eligible for getting processed by all BeanPostProcessors (for example: not eligible for auto-proxying)
2021-03-08 09:45:03 4619 [34mINFO [0;39m [module.name_IS_UNDEFINED|main]
                    o.s.context.support.PostProcessorRegistrationDelegate$BeanPostProcessorChecker - Bean 'sqlSessionTemplate' of type [org.mybatis.spring.SqlSessionTemplate] is not eligible for getting processed by all BeanPostProcessors (for example: not eligible for auto-proxying)
2021-03-08 09:45:03 4620 [34mINFO [0;39m [module.name_IS_UNDEFINED|main]
                    o.s.context.support.PostProcessorRegistrationDelegate$BeanPostProcessorChecker - Bean 'loginMapper' of type [org.mybatis.spring.mapper.MapperFactoryBean] is not eligible for getting processed by all BeanPostProcessors (for example: not eligible for auto-proxying)
2021-03-08 09:45:03 4621 [34mINFO [0;39m [module.name_IS_UNDEFINED|main]
                    o.s.context.support.PostProcessorRegistrationDelegate$BeanPostProcessorChecker - Bean 'loginMapper' of type [com.sun.proxy.$Proxy74] is not eligible for getting processed by all BeanPostProcessors (for example: not eligible for auto-proxying)
2021-03-08 09:45:03 4625 [34mINFO [0;39m [module.name_IS_UNDEFINED|main]
                    o.s.context.support.PostProcessorRegistrationDelegate$BeanPostProcessorChecker - Bean 'redisConfig' of type [com.example.demo.login.redis.RedisConfig$$EnhancerBySpringCGLIB$$605d57ab] is not eligible for getting processed by all BeanPostProcessors (for example: not eligible for auto-proxying)
2021-03-08 09:45:03 4636 [34mINFO [0;39m [module.name_IS_UNDEFINED|main]
                    o.s.context.support.PostProcessorRegistrationDelegate$BeanPostProcessorChecker - Bean 'spring.redis-org.springframework.boot.autoconfigure.data.redis.RedisProperties' of type [org.springframework.boot.autoconfigure.data.redis.RedisProperties] is not eligible for getting processed by all BeanPostProcessors (for example: not eligible for auto-proxying)
2021-03-08 09:45:03 4637 [34mINFO [0;39m [module.name_IS_UNDEFINED|main]
                    o.s.context.support.PostProcessorRegistrationDelegate$BeanPostProcessorChecker - Bean 'org.springframework.boot.autoconfigure.data.redis.LettuceConnectionConfiguration' of type [org.springframework.boot.autoconfigure.data.redis.LettuceConnectionConfiguration] is not eligible for getting processed by all BeanPostProcessors (for example: not eligible for auto-proxying)
2021-03-08 09:45:04 4769 [34mINFO [0;39m [module.name_IS_UNDEFINED|main]
                    o.s.context.support.PostProcessorRegistrationDelegate$BeanPostProcessorChecker - Bean 'lettuceClientResources' of type [io.lettuce.core.resource.DefaultClientResources] is not eligible for getting processed by all BeanPostProcessors (for example: not eligible for auto-proxying)
2021-03-08 09:45:04 4963 [34mINFO [0;39m [module.name_IS_UNDEFINED|main]
                    o.s.context.support.PostProcessorRegistrationDelegate$BeanPostProcessorChecker - Bean 'redisConnectionFactory' of type [org.springframework.data.redis.connection.lettuce.LettuceConnectionFactory] is not eligible for getting processed by all BeanPostProcessors (for example: not eligible for auto-proxying)
2021-03-08 09:45:04 5076 [34mINFO [0;39m [module.name_IS_UNDEFINED|main]
                    o.s.context.support.PostProcessorRegistrationDelegate$BeanPostProcessorChecker - Bean 'redisTemplate' of type [org.springframework.data.redis.core.RedisTemplate] is not eligible for getting processed by all BeanPostProcessors (for example: not eligible for auto-proxying)
2021-03-08 09:45:04 5077 [34mINFO [0;39m [module.name_IS_UNDEFINED|main]
                    o.s.context.support.PostProcessorRegistrationDelegate$BeanPostProcessorChecker - Bean 'redisClient' of type [com.example.demo.login.redis.RedisClient] is not eligible for getting processed by all BeanPostProcessors (for example: not eligible for auto-proxying)
2021-03-08 09:45:04 5078 [34mINFO [0;39m [module.name_IS_UNDEFINED|main]
                    o.s.context.support.PostProcessorRegistrationDelegate$BeanPostProcessorChecker - Bean 'userRealm' of type [com.example.demo.login.config.shiro.UserRealm] is not eligible for getting processed by all BeanPostProcessors (for example: not eligible for auto-proxying)
2021-03-08 09:45:05 6129 [34mINFO [0;39m [module.name_IS_UNDEFINED|main]
                    o.s.context.support.PostProcessorRegistrationDelegate$BeanPostProcessorChecker - Bean 'securityManager' of type [org.apache.shiro.web.mgt.DefaultWebSecurityManager] is not eligible for getting processed by all BeanPostProcessors (for example: not eligible for auto-proxying)
2021-03-08 09:45:05 6141 [34mINFO [0;39m [module.name_IS_UNDEFINED|main]
                    o.s.context.support.PostProcessorRegistrationDelegate$BeanPostProcessorChecker - Bean 'jwtFilter' of type [com.example.demo.login.filter.JwtFilter] is not eligible for getting processed by all BeanPostProcessors (for example: not eligible for auto-proxying)
2021-03-08 09:45:05 6160 [34mINFO [0;39m [module.name_IS_UNDEFINED|main]
                    o.s.context.support.PostProcessorRegistrationDelegate$BeanPostProcessorChecker - Bean 'authorizationAttributeSourceAdvisor' of type [org.apache.shiro.spring.security.interceptor.AuthorizationAttributeSourceAdvisor] is not eligible for getting processed by all BeanPostProcessors (for example: not eligible for auto-proxying)
2021-03-08 09:45:05 6608 [34mINFO [0;39m [module.name_IS_UNDEFINED|main]
                    org.springframework.boot.web.embedded.tomcat.TomcatWebServer - Tomcat initialized with port(s): 8081 (http)
2021-03-08 09:45:05 6622 [34mINFO [0;39m [module.name_IS_UNDEFINED|main]
                    org.apache.coyote.http11.Http11NioProtocol - Initializing ProtocolHandler ["http-nio-8081"]
2021-03-08 09:45:05 6623 [34mINFO [0;39m [module.name_IS_UNDEFINED|main]
                    org.apache.catalina.core.StandardService - Starting service [Tomcat]
2021-03-08 09:45:05 6623 [34mINFO [0;39m [module.name_IS_UNDEFINED|main]
                    org.apache.catalina.core.StandardEngine - Starting Servlet engine: [Apache Tomcat/9.0.41]
2021-03-08 09:45:06 6911 [34mINFO [0;39m [module.name_IS_UNDEFINED|main]
                    org.apache.catalina.core.ContainerBase.[Tomcat].[localhost].[/] - Initializing Spring embedded WebApplicationContext
2021-03-08 09:45:06 6911 [34mINFO [0;39m [module.name_IS_UNDEFINED|main]
                    org.springframework.boot.web.servlet.context.ServletWebServerApplicationContext - Root WebApplicationContext: initialization completed in 5024 ms
2021-03-08 09:45:06 7111 [34mINFO [0;39m [module.name_IS_UNDEFINED|main]
                    com.zaxxer.hikari.HikariDataSource - travel - Starting...
2021-03-08 09:45:06 7373 [34mINFO [0;39m [module.name_IS_UNDEFINED|main]
                    com.zaxxer.hikari.HikariDataSource - travel - Start completed.
2021-03-08 09:45:06 7522 [34mINFO [0;39m [module.name_IS_UNDEFINED|main]
                    org.hibernate.jpa.internal.util.LogHelper - HHH000204: Processing PersistenceUnitInfo [name: default]
2021-03-08 09:45:06 7617 [34mINFO [0;39m [module.name_IS_UNDEFINED|main]
                    org.hibernate.Version - HHH000412: Hibernate ORM core version 5.4.25.Final
2021-03-08 09:45:07 7845 [34mINFO [0;39m [module.name_IS_UNDEFINED|main]
                    org.hibernate.annotations.common.Version - HCANN000001: Hibernate Commons Annotations {5.1.2.Final}
2021-03-08 09:45:07 8052 [34mINFO [0;39m [module.name_IS_UNDEFINED|main]
                    org.hibernate.dialect.Dialect - HHH000400: Using dialect: org.hibernate.dialect.MySQL57Dialect
2021-03-08 09:45:08 9057 [34mINFO [0;39m [module.name_IS_UNDEFINED|main]
                    org.hibernate.engine.transaction.jta.platform.internal.JtaPlatformInitiator - HHH000490: Using JtaPlatform implementation: [org.hibernate.engine.transaction.jta.platform.internal.NoJtaPlatform]
2021-03-08 09:45:08 9074 [34mINFO [0;39m [module.name_IS_UNDEFINED|main]
                    org.springframework.orm.jpa.LocalContainerEntityManagerFactoryBean - Initialized JPA EntityManagerFactory for persistence unit 'default'
2021-03-08 09:45:09 9764 [34mINFO [0;39m [module.name_IS_UNDEFINED|main]
                    springfox.documentation.spring.web.PropertySourcedRequestMappingHandlerMapping - Mapped URL path [/v2/api-docs] onto method [springfox.documentation.swagger2.web.Swagger2Controller#getDocumentation(String, HttpServletRequest)]
2021-03-08 09:45:09 10118 [34mINFO [0;39m [module.name_IS_UNDEFINED|main]
                    org.springframework.scheduling.concurrent.ThreadPoolTaskExecutor - Initializing ExecutorService 'applicationTaskExecutor'
2021-03-08 09:45:10 10732 [34mINFO [0;39m [module.name_IS_UNDEFINED|main]
                    org.apache.coyote.http11.Http11NioProtocol - Starting ProtocolHandler ["http-nio-8081"]
2021-03-08 09:45:10 10755 [34mINFO [0;39m [module.name_IS_UNDEFINED|main]
                    org.springframework.boot.web.embedded.tomcat.TomcatWebServer - Tomcat started on port(s): 8081 (http) with context path ''
2021-03-08 09:45:10 10756 [34mINFO [0;39m [module.name_IS_UNDEFINED|main]
                    springfox.documentation.spring.web.plugins.DocumentationPluginsBootstrapper - Context refreshed
2021-03-08 09:45:10 10778 [34mINFO [0;39m [module.name_IS_UNDEFINED|main]
                    springfox.documentation.spring.web.plugins.DocumentationPluginsBootstrapper - Found 1 custom documentation plugin(s)
2021-03-08 09:45:10 10816 [34mINFO [0;39m [module.name_IS_UNDEFINED|main]
                    springfox.documentation.spring.web.scanners.ApiListingReferenceScanner - Scanning for api listing references
2021-03-08 09:45:10 11162 [34mINFO [0;39m [module.name_IS_UNDEFINED|main]
                    s.documentation.spring.web.readers.operation.CachingOperationNameGenerator - Generating unique operation named: loginUsingGET_1
2021-03-08 09:45:10 11191 [34mINFO [0;39m [module.name_IS_UNDEFINED|main]
                    com.example.demo.DemoApplication - Started DemoApplication in 10.464 seconds (JVM running for 13.533)
2021-03-08 09:45:38 38761 [34mINFO [0;39m [module.name_IS_UNDEFINED|http-nio-8081-exec-1]
                    org.apache.catalina.core.ContainerBase.[Tomcat].[localhost].[/] - Initializing Spring DispatcherServlet 'dispatcherServlet'
2021-03-08 09:45:38 38762 [34mINFO [0;39m [module.name_IS_UNDEFINED|http-nio-8081-exec-1]
                    org.springframework.web.servlet.DispatcherServlet - Initializing Servlet 'dispatcherServlet'
2021-03-08 09:45:38 38763 [34mINFO [0;39m [module.name_IS_UNDEFINED|http-nio-8081-exec-1]
                    org.springframework.web.servlet.DispatcherServlet - Completed initialization in 1 ms
