2021-02-28 23:08:37 541932 [39mDEBUG[0;39m [module.name_IS_UNDEFINED|http-nio-8081-exec-9]
                    com.example.demo.user.mapper.UserMapper.getUsers_COUNT - ==>  Preparing: SELECT count(0) FROM user_info u WHERE 1 = 1 AND is_delete = 0
2021-02-28 23:08:37 541973 [39mDEBUG[0;39m [module.name_IS_UNDEFINED|http-nio-8081-exec-9]
                    com.example.demo.user.mapper.UserMapper.getUsers_COUNT - ==> Parameters: 
2021-02-28 23:08:37 542077 [39mDEBUG[0;39m [module.name_IS_UNDEFINED|http-nio-8081-exec-9]
                    com.example.demo.user.mapper.UserMapper.getUsers_COUNT - <==      Total: 1
2021-02-28 23:08:37 542083 [39mDEBUG[0;39m [module.name_IS_UNDEFINED|http-nio-8081-exec-9]
                    com.example.demo.user.mapper.UserMapper.getUsers - ==>  Preparing: select * from user_info u WHERE 1=1 and is_delete = 0 LIMIT ?
2021-02-28 23:08:37 542084 [39mDEBUG[0;39m [module.name_IS_UNDEFINED|http-nio-8081-exec-9]
                    com.example.demo.user.mapper.UserMapper.getUsers - ==> Parameters: 20(Integer)
2021-02-28 23:08:37 542095 [39mDEBUG[0;39m [module.name_IS_UNDEFINED|http-nio-8081-exec-9]
                    com.example.demo.user.mapper.UserMapper.getUsers - <==      Total: 11
2021-02-28 23:08:49 554034 [39mDEBUG[0;39m [module.name_IS_UNDEFINED|http-nio-8081-exec-8]
                    com.example.demo.user.mapper.UserMapper.getUsers_COUNT - ==>  Preparing: SELECT count(0) FROM user_info u WHERE 1 = 1 AND is_delete = 0
2021-02-28 23:08:49 554035 [39mDEBUG[0;39m [module.name_IS_UNDEFINED|http-nio-8081-exec-8]
                    com.example.demo.user.mapper.UserMapper.getUsers_COUNT - ==> Parameters: 
2021-02-28 23:08:49 554036 [39mDEBUG[0;39m [module.name_IS_UNDEFINED|http-nio-8081-exec-8]
                    com.example.demo.user.mapper.UserMapper.getUsers_COUNT - <==      Total: 1
2021-02-28 23:08:49 554037 [39mDEBUG[0;39m [module.name_IS_UNDEFINED|http-nio-8081-exec-8]
                    com.example.demo.user.mapper.UserMapper.getUsers - ==>  Preparing: select * from user_info u WHERE 1=1 and is_delete = 0 LIMIT ?
2021-02-28 23:08:49 554037 [39mDEBUG[0;39m [module.name_IS_UNDEFINED|http-nio-8081-exec-8]
                    com.example.demo.user.mapper.UserMapper.getUsers - ==> Parameters: 10(Integer)
2021-02-28 23:08:49 554044 [39mDEBUG[0;39m [module.name_IS_UNDEFINED|http-nio-8081-exec-8]
                    com.example.demo.user.mapper.UserMapper.getUsers - <==      Total: 10
2021-02-28 23:12:40 785203 [39mDEBUG[0;39m [module.name_IS_UNDEFINED|http-nio-8081-exec-8]
                    com.example.demo.user.mapper.UserMapper.getUsers_COUNT - ==>  Preparing: SELECT count(0) FROM user_info u WHERE 1 = 1 AND is_delete = 0
2021-02-28 23:12:40 785203 [39mDEBUG[0;39m [module.name_IS_UNDEFINED|http-nio-8081-exec-8]
                    com.example.demo.user.mapper.UserMapper.getUsers_COUNT - ==> Parameters: 
2021-02-28 23:12:40 785204 [39mDEBUG[0;39m [module.name_IS_UNDEFINED|http-nio-8081-exec-8]
                    com.example.demo.user.mapper.UserMapper.getUsers_COUNT - <==      Total: 1
2021-02-28 23:12:40 785205 [39mDEBUG[0;39m [module.name_IS_UNDEFINED|http-nio-8081-exec-8]
                    com.example.demo.user.mapper.UserMapper.getUsers - ==>  Preparing: select * from user_info u WHERE 1=1 and is_delete = 0 LIMIT ?
2021-02-28 23:12:40 785205 [39mDEBUG[0;39m [module.name_IS_UNDEFINED|http-nio-8081-exec-8]
                    com.example.demo.user.mapper.UserMapper.getUsers - ==> Parameters: 10(Integer)
2021-02-28 23:12:40 785207 [39mDEBUG[0;39m [module.name_IS_UNDEFINED|http-nio-8081-exec-8]
                    com.example.demo.user.mapper.UserMapper.getUsers - <==      Total: 10
2021-02-28 23:12:56 800637 [39mDEBUG[0;39m [module.name_IS_UNDEFINED|http-nio-8081-exec-4]
                    com.example.demo.user.mapper.UserMapper.getUsers_COUNT - ==>  Preparing: SELECT count(0) FROM user_info u WHERE 1 = 1 AND is_delete = 0
2021-02-28 23:12:56 800637 [39mDEBUG[0;39m [module.name_IS_UNDEFINED|http-nio-8081-exec-4]
                    com.example.demo.user.mapper.UserMapper.getUsers_COUNT - ==> Parameters: 
2021-02-28 23:12:56 800638 [39mDEBUG[0;39m [module.name_IS_UNDEFINED|http-nio-8081-exec-4]
                    com.example.demo.user.mapper.UserMapper.getUsers_COUNT - <==      Total: 1
2021-02-28 23:12:56 800639 [39mDEBUG[0;39m [module.name_IS_UNDEFINED|http-nio-8081-exec-4]
                    com.example.demo.user.mapper.UserMapper.getUsers - ==>  Preparing: select * from user_info u WHERE 1=1 and is_delete = 0 LIMIT ?
2021-02-28 23:12:56 800639 [39mDEBUG[0;39m [module.name_IS_UNDEFINED|http-nio-8081-exec-4]
                    com.example.demo.user.mapper.UserMapper.getUsers - ==> Parameters: 10(Integer)
2021-02-28 23:12:56 800641 [39mDEBUG[0;39m [module.name_IS_UNDEFINED|http-nio-8081-exec-4]
                    com.example.demo.user.mapper.UserMapper.getUsers - <==      Total: 10
2021-02-28 23:19:24 1188398 [39mDEBUG[0;39m [module.name_IS_UNDEFINED|http-nio-8081-exec-5]
                    com.example.demo.user.mapper.UserMapper.getUsers_COUNT - ==>  Preparing: SELECT count(0) FROM user_info u WHERE 1 = 1 AND is_delete = 0
2021-02-28 23:19:24 1188398 [39mDEBUG[0;39m [module.name_IS_UNDEFINED|http-nio-8081-exec-5]
                    com.example.demo.user.mapper.UserMapper.getUsers_COUNT - ==> Parameters: 
2021-02-28 23:19:24 1188400 [39mDEBUG[0;39m [module.name_IS_UNDEFINED|http-nio-8081-exec-5]
                    com.example.demo.user.mapper.UserMapper.getUsers_COUNT - <==      Total: 1
2021-02-28 23:19:24 1188400 [39mDEBUG[0;39m [module.name_IS_UNDEFINED|http-nio-8081-exec-5]
                    com.example.demo.user.mapper.UserMapper.getUsers - ==>  Preparing: select * from user_info u WHERE 1=1 and is_delete = 0 LIMIT ?
2021-02-28 23:19:24 1188401 [39mDEBUG[0;39m [module.name_IS_UNDEFINED|http-nio-8081-exec-5]
                    com.example.demo.user.mapper.UserMapper.getUsers - ==> Parameters: 10(Integer)
2021-02-28 23:19:24 1188403 [39mDEBUG[0;39m [module.name_IS_UNDEFINED|http-nio-8081-exec-5]
                    com.example.demo.user.mapper.UserMapper.getUsers - <==      Total: 10
2021-02-28 23:19:27 1192010 [39mDEBUG[0;39m [module.name_IS_UNDEFINED|http-nio-8081-exec-9]
                    com.example.demo.user.mapper.UserMapper.getUsers_COUNT - ==>  Preparing: SELECT count(0) FROM user_info u WHERE 1 = 1 AND is_delete = 0
2021-02-28 23:19:27 1192010 [39mDEBUG[0;39m [module.name_IS_UNDEFINED|http-nio-8081-exec-9]
                    com.example.demo.user.mapper.UserMapper.getUsers_COUNT - ==> Parameters: 
2021-02-28 23:19:27 1192011 [39mDEBUG[0;39m [module.name_IS_UNDEFINED|http-nio-8081-exec-9]
                    com.example.demo.user.mapper.UserMapper.getUsers_COUNT - <==      Total: 1
2021-02-28 23:19:27 1192011 [39mDEBUG[0;39m [module.name_IS_UNDEFINED|http-nio-8081-exec-9]
                    com.example.demo.user.mapper.UserMapper.getUsers - ==>  Preparing: select * from user_info u WHERE 1=1 and is_delete = 0 LIMIT ?
2021-02-28 23:19:27 1192012 [39mDEBUG[0;39m [module.name_IS_UNDEFINED|http-nio-8081-exec-9]
                    com.example.demo.user.mapper.UserMapper.getUsers - ==> Parameters: 10(Integer)
2021-02-28 23:19:27 1192014 [39mDEBUG[0;39m [module.name_IS_UNDEFINED|http-nio-8081-exec-9]
                    com.example.demo.user.mapper.UserMapper.getUsers - <==      Total: 10
2021-02-28 23:19:32 1197026 [39mDEBUG[0;39m [module.name_IS_UNDEFINED|http-nio-8081-exec-8]
                    com.example.demo.user.mapper.UserMapper.getUsers_COUNT - ==>  Preparing: SELECT count(0) FROM user_info u WHERE 1 = 1 AND is_delete = 0
2021-02-28 23:19:32 1197026 [39mDEBUG[0;39m [module.name_IS_UNDEFINED|http-nio-8081-exec-8]
                    com.example.demo.user.mapper.UserMapper.getUsers_COUNT - ==> Parameters: 
2021-02-28 23:19:32 1197027 [39mDEBUG[0;39m [module.name_IS_UNDEFINED|http-nio-8081-exec-8]
                    com.example.demo.user.mapper.UserMapper.getUsers_COUNT - <==      Total: 1
2021-02-28 23:19:32 1197028 [39mDEBUG[0;39m [module.name_IS_UNDEFINED|http-nio-8081-exec-8]
                    com.example.demo.user.mapper.UserMapper.getUsers - ==>  Preparing: select * from user_info u WHERE 1=1 and is_delete = 0 LIMIT ?, ?
2021-02-28 23:19:32 1197028 [39mDEBUG[0;39m [module.name_IS_UNDEFINED|http-nio-8081-exec-8]
                    com.example.demo.user.mapper.UserMapper.getUsers - ==> Parameters: 10(Integer), 10(Integer)
2021-02-28 23:19:32 1197029 [39mDEBUG[0;39m [module.name_IS_UNDEFINED|http-nio-8081-exec-8]
                    com.example.demo.user.mapper.UserMapper.getUsers - <==      Total: 1
2021-02-28 23:19:35 1199516 [39mDEBUG[0;39m [module.name_IS_UNDEFINED|http-nio-8081-exec-2]
                    com.example.demo.user.mapper.UserMapper.getUsers_COUNT - ==>  Preparing: SELECT count(0) FROM user_info u WHERE 1 = 1 AND is_delete = 0
2021-02-28 23:19:35 1199516 [39mDEBUG[0;39m [module.name_IS_UNDEFINED|http-nio-8081-exec-2]
                    com.example.demo.user.mapper.UserMapper.getUsers_COUNT - ==> Parameters: 
2021-02-28 23:19:35 1199517 [39mDEBUG[0;39m [module.name_IS_UNDEFINED|http-nio-8081-exec-2]
                    com.example.demo.user.mapper.UserMapper.getUsers_COUNT - <==      Total: 1
2021-02-28 23:19:35 1199518 [39mDEBUG[0;39m [module.name_IS_UNDEFINED|http-nio-8081-exec-2]
                    com.example.demo.user.mapper.UserMapper.getUsers - ==>  Preparing: select * from user_info u WHERE 1=1 and is_delete = 0 LIMIT ?
2021-02-28 23:19:35 1199518 [39mDEBUG[0;39m [module.name_IS_UNDEFINED|http-nio-8081-exec-2]
                    com.example.demo.user.mapper.UserMapper.getUsers - ==> Parameters: 10(Integer)
2021-02-28 23:19:35 1199521 [39mDEBUG[0;39m [module.name_IS_UNDEFINED|http-nio-8081-exec-2]
                    com.example.demo.user.mapper.UserMapper.getUsers - <==      Total: 10
2021-02-28 23:20:23 1247984 [39mDEBUG[0;39m [module.name_IS_UNDEFINED|http-nio-8081-exec-6]
                    com.example.demo.user.mapper.UserMapper.getUsers_COUNT - ==>  Preparing: SELECT count(0) FROM user_info u WHERE 1 = 1 AND is_delete = 0
2021-02-28 23:20:23 1247984 [39mDEBUG[0;39m [module.name_IS_UNDEFINED|http-nio-8081-exec-6]
                    com.example.demo.user.mapper.UserMapper.getUsers_COUNT - ==> Parameters: 
2021-02-28 23:20:23 1247985 [39mDEBUG[0;39m [module.name_IS_UNDEFINED|http-nio-8081-exec-6]
                    com.example.demo.user.mapper.UserMapper.getUsers_COUNT - <==      Total: 1
2021-02-28 23:20:23 1247985 [39mDEBUG[0;39m [module.name_IS_UNDEFINED|http-nio-8081-exec-6]
                    com.example.demo.user.mapper.UserMapper.getUsers - ==>  Preparing: select * from user_info u WHERE 1=1 and is_delete = 0 LIMIT ?
2021-02-28 23:20:23 1247986 [39mDEBUG[0;39m [module.name_IS_UNDEFINED|http-nio-8081-exec-6]
                    com.example.demo.user.mapper.UserMapper.getUsers - ==> Parameters: 10(Integer)
2021-02-28 23:20:23 1247988 [39mDEBUG[0;39m [module.name_IS_UNDEFINED|http-nio-8081-exec-6]
                    com.example.demo.user.mapper.UserMapper.getUsers - <==      Total: 10
2021-02-28 23:20:47 1271854 [39mDEBUG[0;39m [module.name_IS_UNDEFINED|http-nio-8081-exec-8]
                    com.example.demo.user.mapper.UserMapper.getUsers_COUNT - ==>  Preparing: SELECT count(0) FROM user_info u WHERE 1 = 1 AND is_delete = 0
2021-02-28 23:20:47 1271855 [39mDEBUG[0;39m [module.name_IS_UNDEFINED|http-nio-8081-exec-8]
                    com.example.demo.user.mapper.UserMapper.getUsers_COUNT - ==> Parameters: 
2021-02-28 23:20:47 1271855 [39mDEBUG[0;39m [module.name_IS_UNDEFINED|http-nio-8081-exec-8]
                    com.example.demo.user.mapper.UserMapper.getUsers_COUNT - <==      Total: 1
2021-02-28 23:20:47 1271856 [39mDEBUG[0;39m [module.name_IS_UNDEFINED|http-nio-8081-exec-8]
                    com.example.demo.user.mapper.UserMapper.getUsers - ==>  Preparing: select * from user_info u WHERE 1=1 and is_delete = 0 LIMIT ?
2021-02-28 23:20:47 1271856 [39mDEBUG[0;39m [module.name_IS_UNDEFINED|http-nio-8081-exec-8]
                    com.example.demo.user.mapper.UserMapper.getUsers - ==> Parameters: 10(Integer)
2021-02-28 23:20:47 1271858 [39mDEBUG[0;39m [module.name_IS_UNDEFINED|http-nio-8081-exec-8]
                    com.example.demo.user.mapper.UserMapper.getUsers - <==      Total: 10
2021-02-28 23:21:12 1296892 [39mDEBUG[0;39m [module.name_IS_UNDEFINED|http-nio-8081-exec-7]
                    com.example.demo.user.mapper.UserMapper.getUsers_COUNT - ==>  Preparing: SELECT count(0) FROM user_info u WHERE 1 = 1 AND is_delete = 0
2021-02-28 23:21:12 1296892 [39mDEBUG[0;39m [module.name_IS_UNDEFINED|http-nio-8081-exec-7]
                    com.example.demo.user.mapper.UserMapper.getUsers_COUNT - ==> Parameters: 
2021-02-28 23:21:12 1296892 [39mDEBUG[0;39m [module.name_IS_UNDEFINED|http-nio-8081-exec-7]
                    com.example.demo.user.mapper.UserMapper.getUsers_COUNT - <==      Total: 1
2021-02-28 23:21:12 1296892 [39mDEBUG[0;39m [module.name_IS_UNDEFINED|http-nio-8081-exec-7]
                    com.example.demo.user.mapper.UserMapper.getUsers - ==>  Preparing: select * from user_info u WHERE 1=1 and is_delete = 0 LIMIT ?
2021-02-28 23:21:12 1296893 [39mDEBUG[0;39m [module.name_IS_UNDEFINED|http-nio-8081-exec-7]
                    com.example.demo.user.mapper.UserMapper.getUsers - ==> Parameters: 10(Integer)
2021-02-28 23:21:12 1296895 [39mDEBUG[0;39m [module.name_IS_UNDEFINED|http-nio-8081-exec-7]
                    com.example.demo.user.mapper.UserMapper.getUsers - <==      Total: 10
2021-02-28 23:22:07 1351594 [39mDEBUG[0;39m [module.name_IS_UNDEFINED|http-nio-8081-exec-1]
                    com.example.demo.user.mapper.UserMapper.getUsers_COUNT - ==>  Preparing: SELECT count(0) FROM user_info u WHERE 1 = 1 AND is_delete = 0
2021-02-28 23:22:07 1351594 [39mDEBUG[0;39m [module.name_IS_UNDEFINED|http-nio-8081-exec-1]
                    com.example.demo.user.mapper.UserMapper.getUsers_COUNT - ==> Parameters: 
2021-02-28 23:22:07 1351595 [39mDEBUG[0;39m [module.name_IS_UNDEFINED|http-nio-8081-exec-1]
                    com.example.demo.user.mapper.UserMapper.getUsers_COUNT - <==      Total: 1
2021-02-28 23:22:07 1351595 [39mDEBUG[0;39m [module.name_IS_UNDEFINED|http-nio-8081-exec-1]
                    com.example.demo.user.mapper.UserMapper.getUsers - ==>  Preparing: select * from user_info u WHERE 1=1 and is_delete = 0 LIMIT ?
2021-02-28 23:22:07 1351596 [39mDEBUG[0;39m [module.name_IS_UNDEFINED|http-nio-8081-exec-1]
                    com.example.demo.user.mapper.UserMapper.getUsers - ==> Parameters: 10(Integer)
2021-02-28 23:22:07 1351598 [39mDEBUG[0;39m [module.name_IS_UNDEFINED|http-nio-8081-exec-1]
                    com.example.demo.user.mapper.UserMapper.getUsers - <==      Total: 10
2021-02-28 23:22:23 1368225 [39mDEBUG[0;39m [module.name_IS_UNDEFINED|http-nio-8081-exec-7]
                    com.example.demo.user.mapper.UserMapper.getUsers_COUNT - ==>  Preparing: SELECT count(0) FROM user_info u WHERE 1 = 1 AND is_delete = 0
2021-02-28 23:22:23 1368226 [39mDEBUG[0;39m [module.name_IS_UNDEFINED|http-nio-8081-exec-7]
                    com.example.demo.user.mapper.UserMapper.getUsers_COUNT - ==> Parameters: 
2021-02-28 23:22:23 1368226 [39mDEBUG[0;39m [module.name_IS_UNDEFINED|http-nio-8081-exec-7]
                    com.example.demo.user.mapper.UserMapper.getUsers_COUNT - <==      Total: 1
2021-02-28 23:22:23 1368227 [39mDEBUG[0;39m [module.name_IS_UNDEFINED|http-nio-8081-exec-7]
                    com.example.demo.user.mapper.UserMapper.getUsers - ==>  Preparing: select * from user_info u WHERE 1=1 and is_delete = 0 LIMIT ?
2021-02-28 23:22:23 1368227 [39mDEBUG[0;39m [module.name_IS_UNDEFINED|http-nio-8081-exec-7]
                    com.example.demo.user.mapper.UserMapper.getUsers - ==> Parameters: 10(Integer)
2021-02-28 23:22:23 1368229 [39mDEBUG[0;39m [module.name_IS_UNDEFINED|http-nio-8081-exec-7]
                    com.example.demo.user.mapper.UserMapper.getUsers - <==      Total: 10
2021-02-28 23:22:32 1376768 [39mDEBUG[0;39m [module.name_IS_UNDEFINED|http-nio-8081-exec-1]
                    com.example.demo.user.mapper.UserMapper.getUsers_COUNT - ==>  Preparing: SELECT count(0) FROM user_info u WHERE 1 = 1 AND is_delete = 0
2021-02-28 23:22:32 1376768 [39mDEBUG[0;39m [module.name_IS_UNDEFINED|http-nio-8081-exec-1]
                    com.example.demo.user.mapper.UserMapper.getUsers_COUNT - ==> Parameters: 
2021-02-28 23:22:32 1376769 [39mDEBUG[0;39m [module.name_IS_UNDEFINED|http-nio-8081-exec-1]
                    com.example.demo.user.mapper.UserMapper.getUsers_COUNT - <==      Total: 1
2021-02-28 23:22:32 1376769 [39mDEBUG[0;39m [module.name_IS_UNDEFINED|http-nio-8081-exec-1]
                    com.example.demo.user.mapper.UserMapper.getUsers - ==>  Preparing: select * from user_info u WHERE 1=1 and is_delete = 0 LIMIT ?
2021-02-28 23:22:32 1376770 [39mDEBUG[0;39m [module.name_IS_UNDEFINED|http-nio-8081-exec-1]
                    com.example.demo.user.mapper.UserMapper.getUsers - ==> Parameters: 10(Integer)
2021-02-28 23:22:32 1376772 [39mDEBUG[0;39m [module.name_IS_UNDEFINED|http-nio-8081-exec-1]
                    com.example.demo.user.mapper.UserMapper.getUsers - <==      Total: 10
2021-02-28 23:23:15 1419636 [39mDEBUG[0;39m [module.name_IS_UNDEFINED|http-nio-8081-exec-9]
                    com.example.demo.user.mapper.UserMapper.getUsers_COUNT - ==>  Preparing: SELECT count(0) FROM user_info u WHERE 1 = 1 AND is_delete = 0
2021-02-28 23:23:15 1419637 [39mDEBUG[0;39m [module.name_IS_UNDEFINED|http-nio-8081-exec-9]
                    com.example.demo.user.mapper.UserMapper.getUsers_COUNT - ==> Parameters: 
2021-02-28 23:23:15 1419637 [39mDEBUG[0;39m [module.name_IS_UNDEFINED|http-nio-8081-exec-9]
                    com.example.demo.user.mapper.UserMapper.getUsers_COUNT - <==      Total: 1
2021-02-28 23:23:15 1419638 [39mDEBUG[0;39m [module.name_IS_UNDEFINED|http-nio-8081-exec-9]
                    com.example.demo.user.mapper.UserMapper.getUsers - ==>  Preparing: select * from user_info u WHERE 1=1 and is_delete = 0 LIMIT ?
2021-02-28 23:23:15 1419638 [39mDEBUG[0;39m [module.name_IS_UNDEFINED|http-nio-8081-exec-9]
                    com.example.demo.user.mapper.UserMapper.getUsers - ==> Parameters: 10(Integer)
2021-02-28 23:23:15 1419640 [39mDEBUG[0;39m [module.name_IS_UNDEFINED|http-nio-8081-exec-9]
                    com.example.demo.user.mapper.UserMapper.getUsers - <==      Total: 10
2021-02-28 23:25:52 1576535 [39mDEBUG[0;39m [module.name_IS_UNDEFINED|http-nio-8081-exec-7]
                    com.example.demo.user.mapper.UserMapper.getUsers_COUNT - ==>  Preparing: SELECT count(0) FROM user_info u WHERE 1 = 1 AND is_delete = 0
2021-02-28 23:25:52 1576535 [39mDEBUG[0;39m [module.name_IS_UNDEFINED|http-nio-8081-exec-7]
                    com.example.demo.user.mapper.UserMapper.getUsers_COUNT - ==> Parameters: 
2021-02-28 23:25:52 1576535 [39mDEBUG[0;39m [module.name_IS_UNDEFINED|http-nio-8081-exec-7]
                    com.example.demo.user.mapper.UserMapper.getUsers_COUNT - <==      Total: 1
2021-02-28 23:25:52 1576536 [39mDEBUG[0;39m [module.name_IS_UNDEFINED|http-nio-8081-exec-7]
                    com.example.demo.user.mapper.UserMapper.getUsers - ==>  Preparing: select * from user_info u WHERE 1=1 and is_delete = 0 LIMIT ?
2021-02-28 23:25:52 1576536 [39mDEBUG[0;39m [module.name_IS_UNDEFINED|http-nio-8081-exec-7]
                    com.example.demo.user.mapper.UserMapper.getUsers - ==> Parameters: 10(Integer)
2021-02-28 23:25:52 1576538 [39mDEBUG[0;39m [module.name_IS_UNDEFINED|http-nio-8081-exec-7]
                    com.example.demo.user.mapper.UserMapper.getUsers - <==      Total: 10
2021-02-28 23:26:02 1586857 [39mDEBUG[0;39m [module.name_IS_UNDEFINED|http-nio-8081-exec-8]
                    com.example.demo.user.mapper.UserMapper.getUsers_COUNT - ==>  Preparing: SELECT count(0) FROM user_info u WHERE 1 = 1 AND is_delete = 0
2021-02-28 23:26:02 1586857 [39mDEBUG[0;39m [module.name_IS_UNDEFINED|http-nio-8081-exec-8]
                    com.example.demo.user.mapper.UserMapper.getUsers_COUNT - ==> Parameters: 
2021-02-28 23:26:02 1586857 [39mDEBUG[0;39m [module.name_IS_UNDEFINED|http-nio-8081-exec-8]
                    com.example.demo.user.mapper.UserMapper.getUsers_COUNT - <==      Total: 1
2021-02-28 23:26:02 1586858 [39mDEBUG[0;39m [module.name_IS_UNDEFINED|http-nio-8081-exec-8]
                    com.example.demo.user.mapper.UserMapper.getUsers - ==>  Preparing: select * from user_info u WHERE 1=1 and is_delete = 0 LIMIT ?
2021-02-28 23:26:02 1586858 [39mDEBUG[0;39m [module.name_IS_UNDEFINED|http-nio-8081-exec-8]
                    com.example.demo.user.mapper.UserMapper.getUsers - ==> Parameters: 10(Integer)
2021-02-28 23:26:02 1586862 [39mDEBUG[0;39m [module.name_IS_UNDEFINED|http-nio-8081-exec-8]
                    com.example.demo.user.mapper.UserMapper.getUsers - <==      Total: 10
